2026-03-19 09:19:20 | 📝 PAPER TRADE: SELL 6 HDFCBANK | Value: ₹4.8K | Regime: Bear | Signal: -0.489
2026-03-19 09:19:21 | 📝 PAPER TRADE: SELL 4 INFY | Value: ₹5.0K | Regime: Bear | Signal: -0.419
2026-03-19 09:19:25 | 📝 PAPER TRADE: SELL 16 ITC | Value: ₹4.8K | Regime: Bear | Signal: -0.459
2026-03-19 09:19:29 | 📝 PAPER TRADE: SELL 2 HINDUNILVR | Value: ₹4.2K | Regime: Bear | Signal: -0.414
2026-03-19 09:19:31 | 📝 PAPER TRADE: SELL 13 KOTAKBANK | Value: ₹4.8K | Regime: Bear | Signal: -0.418
2026-03-19 09:19:36 | 📝 PAPER TRADE: SELL 26 WIPRO | Value: ₹5.0K | Regime: Bear | Signal: -0.465
2026-03-19 09:19:39 | 📝 PAPER TRADE: SELL 2 ASIANPAINT | Value: ₹4.4K | Regime: Bear | Signal: -0.409
2026-03-19 09:19:47 | 📝 PAPER TRADE: SELL 4 CIPLA | Value: ₹5.0K | Regime: Bear | Signal: -0.452
2026-03-19 09:19:49 | 📝 PAPER TRADE: SELL 17 BPCL | Value: ₹5.0K | Regime: Bear | Signal: -0.552
2026-03-19 09:19:55 | 📝 PAPER TRADE: SELL 1 TRENT | Value: ₹3.6K | Regime: Bear | Signal: -0.471
2026-03-19 09:19:59 | 📝 PAPER TRADE: SELL 2 BAJAJFINSV | Value: ₹3.5K | Regime: Bear | Signal: -0.427
2026-03-19 09:19:59 | 📝 PAPER TRADE: SELL 4 TATACONSUM | Value: ₹4.2K | Regime: Bear | Signal: -0.403
2026-03-19 09:25:09 | 📝 PAPER TRADE: SELL 6 HDFCBANK | Value: ₹4.9K | Regime: Bear | Signal: -0.519
2026-03-19 09:25:10 | 📝 PAPER TRADE: SELL 4 INFY | Value: ₹5.0K | Regime: Bear | Signal: -0.419
2026-03-19 09:25:13 | 📝 PAPER TRADE: SELL 16 ITC | Value: ₹4.8K | Regime: Bear | Signal: -0.522
2026-03-19 09:25:16 | 📝 PAPER TRADE: SELL 2 HINDUNILVR | Value: ₹4.2K | Regime: Bear | Signal: -0.436
2026-03-19 09:25:18 | 📝 PAPER TRADE: SELL 13 KOTAKBANK | Value: ₹4.8K | Regime: Bear | Signal: -0.416
2026-03-19 09:25:21 | 📝 PAPER TRADE: SELL 26 WIPRO | Value: ₹5.0K | Regime: Bear | Signal: -0.451
2026-03-19 09:25:25 | 📝 PAPER TRADE: SELL 2 ASIANPAINT | Value: ₹4.4K | Regime: Bear | Signal: -0.409
2026-03-19 09:25:32 | 📝 PAPER TRADE: SELL 4 CIPLA | Value: ₹5.0K | Regime: Bear | Signal: -0.450
2026-03-19 09:25:35 | 📝 PAPER TRADE: SELL 17 BPCL | Value: ₹5.0K | Regime: Bear | Signal: -0.552
2026-03-19 09:25:39 | 📝 PAPER TRADE: SELL 1 TRENT | Value: ₹3.6K | Regime: Bear | Signal: -0.473
2026-03-19 09:25:42 | 📝 PAPER TRADE: SELL 2 BAJAJFINSV | Value: ₹3.5K | Regime: Bear | Signal: -0.426
2026-03-19 09:25:43 | 📝 PAPER TRADE: SELL 4 TATACONSUM | Value: ₹4.2K | Regime: Bear | Signal: -0.402
2026-03-19 09:30:52 | 📝 PAPER TRADE: SELL 6 HDFCBANK | Value: ₹4.9K | Regime: Bear | Signal: -0.519
2026-03-19 09:30:53 | 📝 PAPER TRADE: SELL 4 INFY | Value: ₹5.0K | Regime: Bear | Signal: -0.479
2026-03-19 09:30:57 | 📝 PAPER TRADE: SELL 16 ITC | Value: ₹4.8K | Regime: Bear | Signal: -0.522
2026-03-19 09:31:01 | 📝 PAPER TRADE: SELL 5 BAJFINANCE | Value: ₹4.3K | Regime: Bear | Signal: -0.401
2026-03-19 09:31:02 | 📝 PAPER TRADE: SELL 2 HINDUNILVR | Value: ₹4.2K | Regime: Bear | Signal: -0.433
2026-03-19 09:31:05 | 📝 PAPER TRADE: SELL 13 KOTAKBANK | Value: ₹4.8K | Regime: Bear | Signal: -0.418
2026-03-19 09:31:09 | 📝 PAPER TRADE: SELL 26 WIPRO | Value: ₹5.0K | Regime: Bear | Signal: -0.453
2026-03-19 09:31:12 | 📝 PAPER TRADE: SELL 2 ASIANPAINT | Value: ₹4.4K | Regime: Bear | Signal: -0.410
2026-03-19 09:31:20 | 📝 PAPER TRADE: SELL 3 CIPLA | Value: ₹3.8K | Regime: Bear | Signal: -0.447
2026-03-19 09:31:23 | 📝 PAPER TRADE: SELL 17 BPCL | Value: ₹5.0K | Regime: Bear | Signal: -0.551
2026-03-19 09:31:29 | 📝 PAPER TRADE: SELL 1 TRENT | Value: ₹3.6K | Regime: Bear | Signal: -0.471
2026-03-19 09:31:33 | 📝 PAPER TRADE: SELL 2 BAJAJFINSV | Value: ₹3.5K | Regime: Bear | Signal: -0.428
2026-03-19 09:31:34 | 📝 PAPER TRADE: SELL 4 TATACONSUM | Value: ₹4.2K | Regime: Bear | Signal: -0.404
2026-03-19 09:36:43 | 📝 PAPER TRADE: SELL 6 HDFCBANK | Value: ₹4.8K | Regime: Bear | Signal: -0.489
2026-03-19 09:36:44 | 📝 PAPER TRADE: SELL 4 INFY | Value: ₹5.0K | Regime: Bear | Signal: -0.479
2026-03-19 09:36:47 | 📝 PAPER TRADE: SELL 16 ITC | Value: ₹4.8K | Regime: Bear | Signal: -0.561
2026-03-19 09:36:51 | 📝 PAPER TRADE: SELL 5 BAJFINANCE | Value: ₹4.3K | Regime: Bear | Signal: -0.402
2026-03-19 09:36:52 | 📝 PAPER TRADE: SELL 2 HINDUNILVR | Value: ₹4.2K | Regime: Bear | Signal: -0.436
2026-03-19 09:36:53 | 📝 PAPER TRADE: SELL 13 KOTAKBANK | Value: ₹4.8K | Regime: Bear | Signal: -0.418
2026-03-19 09:36:57 | 📝 PAPER TRADE: SELL 26 WIPRO | Value: ₹5.0K | Regime: Bear | Signal: -0.454
2026-03-19 09:37:01 | 📝 PAPER TRADE: SELL 2 ASIANPAINT | Value: ₹4.4K | Regime: Bear | Signal: -0.411
2026-03-19 09:37:10 | 📝 PAPER TRADE: SELL 17 BPCL | Value: ₹5.0K | Regime: Bear | Signal: -0.552
2026-03-19 09:37:17 | 📝 PAPER TRADE: SELL 1 TRENT | Value: ₹3.6K | Regime: Bear | Signal: -0.471
2026-03-19 09:37:20 | 📝 PAPER TRADE: SELL 2 BAJAJFINSV | Value: ₹3.5K | Regime: Bear | Signal: -0.428
2026-03-19 09:42:29 | 📝 PAPER TRADE: SELL 6 HDFCBANK | Value: ₹4.8K | Regime: Bear | Signal: -0.489
2026-03-19 09:42:30 | 📝 PAPER TRADE: SELL 4 INFY | Value: ₹5.0K | Regime: Bear | Signal: -0.478
2026-03-19 09:42:32 | 📝 PAPER TRADE: SELL 16 ITC | Value: ₹4.8K | Regime: Bear | Signal: -0.561
2026-03-19 09:42:35 | 📝 PAPER TRADE: SELL 5 BAJFINANCE | Value: ₹4.3K | Regime: Bear | Signal: -0.403
2026-03-19 09:42:36 | 📝 PAPER TRADE: SELL 2 HINDUNILVR | Value: ₹4.2K | Regime: Bear | Signal: -0.437
2026-03-19 09:42:38 | 📝 PAPER TRADE: SELL 13 KOTAKBANK | Value: ₹4.8K | Regime: Bear | Signal: -0.418
2026-03-19 09:42:43 | 📝 PAPER TRADE: SELL 26 WIPRO | Value: ₹5.0K | Regime: Bear | Signal: -0.454
2026-03-19 09:42:48 | 📝 PAPER TRADE: SELL 2 ASIANPAINT | Value: ₹4.4K | Regime: Bear | Signal: -0.410
2026-03-19 09:42:56 | 📝 PAPER TRADE: SELL 3 CIPLA | Value: ₹3.8K | Regime: Bear | Signal: -0.446
2026-03-19 09:42:58 | 📝 PAPER TRADE: SELL 17 BPCL | Value: ₹5.0K | Regime: Bear | Signal: -0.552
2026-03-19 09:43:03 | 📝 PAPER TRADE: SELL 1 TRENT | Value: ₹3.5K | Regime: Bear | Signal: -0.474
2026-03-19 09:43:08 | 📝 PAPER TRADE: SELL 2 BAJAJFINSV | Value: ₹3.5K | Regime: Bear | Signal: -0.428
2026-03-19 09:48:19 | 📝 PAPER TRADE: SELL 6 HDFCBANK | Value: ₹4.8K | Regime: Bear | Signal: -0.488
2026-03-19 09:48:20 | 📝 PAPER TRADE: SELL 4 INFY | Value: ₹5.0K | Regime: Bear | Signal: -0.480
2026-03-19 09:48:22 | 📝 PAPER TRADE: SELL 16 ITC | Value: ₹4.8K | Regime: Bear | Signal: -0.561
2026-03-19 09:48:26 | 📝 PAPER TRADE: SELL 5 BAJFINANCE | Value: ₹4.3K | Regime: Bear | Signal: -0.403
2026-03-19 09:48:27 | 📝 PAPER TRADE: SELL 2 HINDUNILVR | Value: ₹4.2K | Regime: Bear | Signal: -0.436
2026-03-19 09:48:29 | 📝 PAPER TRADE: SELL 13 KOTAKBANK | Value: ₹4.7K | Regime: Bear | Signal: -0.419
2026-03-19 09:48:33 | 📝 PAPER TRADE: SELL 26 WIPRO | Value: ₹4.9K | Regime: Bear | Signal: -0.456
2026-03-19 09:48:36 | 📝 PAPER TRADE: SELL 2 ASIANPAINT | Value: ₹4.4K | Regime: Bear | Signal: -0.411
2026-03-19 09:48:46 | 📝 PAPER TRADE: SELL 17 BPCL | Value: ₹5.0K | Regime: Bear | Signal: -0.551
2026-03-19 09:48:52 | 📝 PAPER TRADE: SELL 1 TRENT | Value: ₹3.5K | Regime: Bear | Signal: -0.474
2026-03-19 09:48:55 | 📝 PAPER TRADE: SELL 2 BAJAJFINSV | Value: ₹3.5K | Regime: Bear | Signal: -0.429
2026-03-19 09:54:04 | 📝 PAPER TRADE: SELL 6 HDFCBANK | Value: ₹4.8K | Regime: Bear | Signal: -0.488
2026-03-19 09:54:06 | 📝 PAPER TRADE: SELL 4 INFY | Value: ₹5.0K | Regime: Bear | Signal: -0.479
2026-03-19 09:54:08 | 📝 PAPER TRADE: SELL 16 ITC | Value: ₹4.8K | Regime: Bear | Signal: -0.561
2026-03-19 09:54:14 | 📝 PAPER TRADE: SELL 5 BAJFINANCE | Value: ₹4.3K | Regime: Bear | Signal: -0.404
2026-03-19 09:54:15 | 📝 PAPER TRADE: SELL 2 HINDUNILVR | Value: ₹4.2K | Regime: Bear | Signal: -0.438
2026-03-19 09:54:17 | 📝 PAPER TRADE: SELL 13 KOTAKBANK | Value: ₹4.7K | Regime: Bear | Signal: -0.406
2026-03-19 09:54:22 | 📝 PAPER TRADE: SELL 26 WIPRO | Value: ₹4.9K | Regime: Bear | Signal: -0.455
2026-03-19 09:54:26 | 📝 PAPER TRADE: SELL 2 ASIANPAINT | Value: ₹4.4K | Regime: Bear | Signal: -0.413
2026-03-19 09:54:35 | 📝 PAPER TRADE: SELL 17 BPCL | Value: ₹5.0K | Regime: Bear | Signal: -0.550
2026-03-19 09:54:41 | 📝 PAPER TRADE: SELL 1 TRENT | Value: ₹3.5K | Regime: Bear | Signal: -0.474
2026-03-19 09:54:45 | 📝 PAPER TRADE: SELL 2 BAJAJFINSV | Value: ₹3.5K | Regime: Bear | Signal: -0.429
2026-03-19 09:59:56 | 📝 PAPER TRADE: SELL 6 HDFCBANK | Value: ₹4.8K | Regime: Bear | Signal: -0.489
2026-03-19 09:59:57 | 📝 PAPER TRADE: SELL 4 INFY | Value: ₹5.0K | Regime: Bear | Signal: -0.480
2026-03-19 09:59:59 | 📝 PAPER TRADE: SELL 16 ITC | Value: ₹4.8K | Regime: Bear | Signal: -0.560
2026-03-19 10:00:02 | 📝 PAPER TRADE: SELL 5 BAJFINANCE | Value: ₹4.2K | Regime: Bear | Signal: -0.425
2026-03-19 10:00:03 | 📝 PAPER TRADE: SELL 2 HINDUNILVR | Value: ₹4.2K | Regime: Bear | Signal: -0.440
2026-03-19 10:00:05 | 📝 PAPER TRADE: SELL 13 KOTAKBANK | Value: ₹4.7K | Regime: Bear | Signal: -0.405
2026-03-19 10:00:10 | 📝 PAPER TRADE: SELL 26 WIPRO | Value: ₹4.9K | Regime: Bear | Signal: -0.456
2026-03-19 10:00:15 | 📝 PAPER TRADE: SELL 2 ASIANPAINT | Value: ₹4.4K | Regime: Bear | Signal: -0.411
2026-03-19 10:00:24 | 📝 PAPER TRADE: SELL 17 BPCL | Value: ₹5.0K | Regime: Bear | Signal: -0.550
2026-03-19 10:00:30 | 📝 PAPER TRADE: SELL 1 TRENT | Value: ₹3.5K | Regime: Bear | Signal: -0.475
2026-03-19 10:00:34 | 📝 PAPER TRADE: SELL 2 BAJAJFINSV | Value: ₹3.5K | Regime: Bear | Signal: -0.430
2026-03-19 10:05:44 | 📝 PAPER TRADE: SELL 6 HDFCBANK | Value: ₹4.8K | Regime: Bear | Signal: -0.489
2026-03-19 10:05:44 | 📝 PAPER TRADE: SELL 4 INFY | Value: ₹5.0K | Regime: Bear | Signal: -0.479
2026-03-19 10:05:47 | 📝 PAPER TRADE: SELL 16 ITC | Value: ₹4.8K | Regime: Bear | Signal: -0.524
2026-03-19 10:05:50 | 📝 PAPER TRADE: SELL 5 BAJFINANCE | Value: ₹4.2K | Regime: Bear | Signal: -0.405
2026-03-19 10:05:51 | 📝 PAPER TRADE: SELL 2 HINDUNILVR | Value: ₹4.2K | Regime: Bear | Signal: -0.439
2026-03-19 10:05:52 | 📝 PAPER TRADE: SELL 13 KOTAKBANK | Value: ₹4.7K | Regime: Bear | Signal: -0.419
2026-03-19 10:05:57 | 📝 PAPER TRADE: SELL 26 WIPRO | Value: ₹4.9K | Regime: Bear | Signal: -0.456
2026-03-19 10:06:02 | 📝 PAPER TRADE: SELL 2 ASIANPAINT | Value: ₹4.4K | Regime: Bear | Signal: -0.412
2026-03-19 10:06:11 | 📝 PAPER TRADE: SELL 17 BPCL | Value: ₹5.0K | Regime: Bear | Signal: -0.552
2026-03-19 10:06:18 | 📝 PAPER TRADE: SELL 1 TRENT | Value: ₹3.5K | Regime: Bear | Signal: -0.476
2026-03-19 10:06:21 | 📝 PAPER TRADE: SELL 2 BAJAJFINSV | Value: ₹3.5K | Regime: Bear | Signal: -0.430
2026-03-19 10:11:31 | 📝 PAPER TRADE: SELL 6 HDFCBANK | Value: ₹4.8K | Regime: Bear | Signal: -0.489
2026-03-19 10:11:32 | 📝 PAPER TRADE: SELL 4 INFY | Value: ₹5.0K | Regime: Bear | Signal: -0.480
2026-03-19 10:11:34 | 📝 PAPER TRADE: SELL 16 ITC | Value: ₹4.8K | Regime: Bear | Signal: -0.561
2026-03-19 10:11:38 | 📝 PAPER TRADE: SELL 5 BAJFINANCE | Value: ₹4.2K | Regime: Bear | Signal: -0.425
2026-03-19 10:11:39 | 📝 PAPER TRADE: SELL 2 HINDUNILVR | Value: ₹4.2K | Regime: Bear | Signal: -0.439
2026-03-19 10:11:40 | 📝 PAPER TRADE: SELL 13 KOTAKBANK | Value: ₹4.7K | Regime: Bear | Signal: -0.420
2026-03-19 10:11:46 | 📝 PAPER TRADE: SELL 26 WIPRO | Value: ₹4.9K | Regime: Bear | Signal: -0.456
2026-03-19 10:11:50 | 📝 PAPER TRADE: SELL 2 ASIANPAINT | Value: ₹4.4K | Regime: Bear | Signal: -0.412
2026-03-19 10:11:58 | 📝 PAPER TRADE: SELL 17 BPCL | Value: ₹4.9K | Regime: Bear | Signal: -0.613
2026-03-19 10:12:04 | 📝 PAPER TRADE: SELL 1 TRENT | Value: ₹3.5K | Regime: Bear | Signal: -0.475
2026-03-19 10:12:08 | 📝 PAPER TRADE: SELL 2 BAJAJFINSV | Value: ₹3.5K | Regime: Bear | Signal: -0.430
2026-03-19 10:17:19 | 📝 PAPER TRADE: SELL 6 HDFCBANK | Value: ₹4.8K | Regime: Bear | Signal: -0.488
2026-03-19 10:17:20 | 📝 PAPER TRADE: SELL 4 INFY | Value: ₹5.0K | Regime: Bear | Signal: -0.481
2026-03-19 10:17:22 | 📝 PAPER TRADE: SELL 16 ITC | Value: ₹4.8K | Regime: Bear | Signal: -0.562
2026-03-19 10:17:26 | 📝 PAPER TRADE: SELL 5 BAJFINANCE | Value: ₹4.2K | Regime: Bear | Signal: -0.427
2026-03-19 10:17:27 | 📝 PAPER TRADE: SELL 2 HINDUNILVR | Value: ₹4.2K | Regime: Bear | Signal: -0.440
2026-03-19 10:17:28 | 📝 PAPER TRADE: SELL 13 KOTAKBANK | Value: ₹4.7K | Regime: Bear | Signal: -0.406
2026-03-19 10:17:32 | 📝 PAPER TRADE: SELL 26 WIPRO | Value: ₹4.9K | Regime: Bear | Signal: -0.456
2026-03-19 10:17:36 | 📝 PAPER TRADE: SELL 2 ASIANPAINT | Value: ₹4.4K | Regime: Bear | Signal: -0.412
2026-03-19 10:17:47 | 📝 PAPER TRADE: SELL 17 BPCL | Value: ₹4.9K | Regime: Bear | Signal: -0.614
2026-03-19 10:17:52 | 📝 PAPER TRADE: SELL 1 TRENT | Value: ₹3.5K | Regime: Bear | Signal: -0.477
2026-03-19 10:17:55 | 📝 PAPER TRADE: SELL 2 BAJAJFINSV | Value: ₹3.5K | Regime: Bear | Signal: -0.430
2026-03-19 10:17:56 | 📝 PAPER TRADE: SELL 4 TATACONSUM | Value: ₹4.2K | Regime: Bear | Signal: -0.431
2026-03-19 10:23:05 | 📝 PAPER TRADE: SELL 6 HDFCBANK | Value: ₹4.8K | Regime: Bear | Signal: -0.489
2026-03-19 10:23:06 | 📝 PAPER TRADE: SELL 4 INFY | Value: ₹5.0K | Regime: Bear | Signal: -0.479
2026-03-19 10:23:09 | 📝 PAPER TRADE: SELL 16 ITC | Value: ₹4.8K | Regime: Bear | Signal: -0.560
2026-03-19 10:23:12 | 📝 PAPER TRADE: SELL 5 BAJFINANCE | Value: ₹4.2K | Regime: Bear | Signal: -0.426
2026-03-19 10:23:13 | 📝 PAPER TRADE: SELL 2 HINDUNILVR | Value: ₹4.2K | Regime: Bear | Signal: -0.439
2026-03-19 10:23:14 | 📝 PAPER TRADE: SELL 13 KOTAKBANK | Value: ₹4.7K | Regime: Bear | Signal: -0.420
2026-03-19 10:23:18 | 📝 PAPER TRADE: SELL 26 WIPRO | Value: ₹5.0K | Regime: Bear | Signal: -0.455
2026-03-19 10:23:21 | 📝 PAPER TRADE: SELL 2 ASIANPAINT | Value: ₹4.4K | Regime: Bear | Signal: -0.411
2026-03-19 10:23:31 | 📝 PAPER TRADE: SELL 17 BPCL | Value: ₹4.9K | Regime: Bear | Signal: -0.613
2026-03-19 10:23:36 | 📝 PAPER TRADE: SELL 1 TRENT | Value: ₹3.5K | Regime: Bear | Signal: -0.476
2026-03-19 10:23:39 | 📝 PAPER TRADE: SELL 2 BAJAJFINSV | Value: ₹3.5K | Regime: Bear | Signal: -0.430
2026-03-19 10:28:48 | 📝 PAPER TRADE: SELL 6 HDFCBANK | Value: ₹4.8K | Regime: Bear | Signal: -0.489
2026-03-19 10:28:49 | 📝 PAPER TRADE: SELL 4 INFY | Value: ₹5.0K | Regime: Bear | Signal: -0.480
2026-03-19 10:28:52 | 📝 PAPER TRADE: SELL 16 ITC | Value: ₹4.8K | Regime: Bear | Signal: -0.525
2026-03-19 10:28:55 | 📝 PAPER TRADE: SELL 5 BAJFINANCE | Value: ₹4.2K | Regime: Bear | Signal: -0.406
2026-03-19 10:28:56 | 📝 PAPER TRADE: SELL 2 HINDUNILVR | Value: ₹4.2K | Regime: Bear | Signal: -0.436
2026-03-19 10:28:58 | 📝 PAPER TRADE: SELL 13 KOTAKBANK | Value: ₹4.8K | Regime: Bear | Signal: -0.419
2026-03-19 10:29:03 | 📝 PAPER TRADE: SELL 26 WIPRO | Value: ₹4.9K | Regime: Bear | Signal: -0.455
2026-03-19 10:29:06 | 📝 PAPER TRADE: SELL 2 ASIANPAINT | Value: ₹4.4K | Regime: Bear | Signal: -0.411
2026-03-19 10:29:17 | 📝 PAPER TRADE: SELL 17 BPCL | Value: ₹5.0K | Regime: Bear | Signal: -0.553
2026-03-19 10:29:23 | 📝 PAPER TRADE: SELL 1 TRENT | Value: ₹3.5K | Regime: Bear | Signal: -0.475
2026-03-19 10:29:25 | 📝 PAPER TRADE: SELL 2 BAJAJFINSV | Value: ₹3.5K | Regime: Bear | Signal: -0.430
2026-03-19 10:34:36 | 📝 PAPER TRADE: SELL 6 HDFCBANK | Value: ₹4.8K | Regime: Bear | Signal: -0.489
2026-03-19 10:34:36 | 📝 PAPER TRADE: SELL 4 INFY | Value: ₹4.9K | Regime: Bear | Signal: -0.481
2026-03-19 10:34:38 | 📝 PAPER TRADE: SELL 16 ITC | Value: ₹4.8K | Regime: Bear | Signal: -0.525
2026-03-19 10:34:41 | 📝 PAPER TRADE: SELL 5 BAJFINANCE | Value: ₹4.2K | Regime: Bear | Signal: -0.405
2026-03-19 10:34:42 | 📝 PAPER TRADE: SELL 2 HINDUNILVR | Value: ₹4.2K | Regime: Bear | Signal: -0.437
2026-03-19 10:34:43 | 📝 PAPER TRADE: SELL 13 KOTAKBANK | Value: ₹4.8K | Regime: Bear | Signal: -0.418
2026-03-19 10:34:48 | 📝 PAPER TRADE: SELL 26 WIPRO | Value: ₹4.9K | Regime: Bear | Signal: -0.455
2026-03-19 10:34:52 | 📝 PAPER TRADE: SELL 2 ASIANPAINT | Value: ₹4.4K | Regime: Bear | Signal: -0.411
2026-03-19 10:35:01 | 📝 PAPER TRADE: SELL 17 BPCL | Value: ₹5.0K | Regime: Bear | Signal: -0.551
2026-03-19 10:35:07 | 📝 PAPER TRADE: SELL 1 TRENT | Value: ₹3.5K | Regime: Bear | Signal: -0.475
2026-03-19 10:35:11 | 📝 PAPER TRADE: SELL 2 BAJAJFINSV | Value: ₹3.5K | Regime: Bear | Signal: -0.430
2026-03-19 10:40:21 | 📝 PAPER TRADE: SELL 6 HDFCBANK | Value: ₹4.8K | Regime: Bear | Signal: -0.489
2026-03-19 10:40:22 | 📝 PAPER TRADE: SELL 4 INFY | Value: ₹4.9K | Regime: Bear | Signal: -0.481
2026-03-19 10:40:25 | 📝 PAPER TRADE: SELL 16 ITC | Value: ₹4.8K | Regime: Bear | Signal: -0.523
2026-03-19 10:40:28 | 📝 PAPER TRADE: SELL 5 BAJFINANCE | Value: ₹4.2K | Regime: Bear | Signal: -0.405
2026-03-19 10:40:29 | 📝 PAPER TRADE: SELL 2 HINDUNILVR | Value: ₹4.2K | Regime: Bear | Signal: -0.438
2026-03-19 10:40:32 | 📝 PAPER TRADE: SELL 13 KOTAKBANK | Value: ₹4.8K | Regime: Bear | Signal: -0.418
2026-03-19 10:40:37 | 📝 PAPER TRADE: SELL 26 WIPRO | Value: ₹5.0K | Regime: Bear | Signal: -0.455
2026-03-19 10:40:42 | 📝 PAPER TRADE: SELL 2 ASIANPAINT | Value: ₹4.4K | Regime: Bear | Signal: -0.412
2026-03-19 10:40:51 | 📝 PAPER TRADE: SELL 16 BPCL | Value: ₹4.7K | Regime: Bear | Signal: -0.548
2026-03-19 10:40:57 | 📝 PAPER TRADE: SELL 1 TRENT | Value: ₹3.5K | Regime: Bear | Signal: -0.475
2026-03-19 10:41:01 | 📝 PAPER TRADE: SELL 2 BAJAJFINSV | Value: ₹3.5K | Regime: Bear | Signal: -0.430
2026-03-19 10:46:12 | 📝 PAPER TRADE: SELL 6 HDFCBANK | Value: ₹4.8K | Regime: Bear | Signal: -0.489
2026-03-19 10:46:12 | 📝 PAPER TRADE: SELL 4 INFY | Value: ₹4.9K | Regime: Bear | Signal: -0.481
2026-03-19 10:46:15 | 📝 PAPER TRADE: SELL 16 ITC | Value: ₹4.8K | Regime: Bear | Signal: -0.523
2026-03-19 10:46:18 | 📝 PAPER TRADE: SELL 5 BAJFINANCE | Value: ₹4.2K | Regime: Bear | Signal: -0.426
2026-03-19 10:46:19 | 📝 PAPER TRADE: SELL 2 HINDUNILVR | Value: ₹4.2K | Regime: Bear | Signal: -0.433
2026-03-19 10:46:21 | 📝 PAPER TRADE: SELL 13 KOTAKBANK | Value: ₹4.8K | Regime: Bear | Signal: -0.418
2026-03-19 10:46:25 | 📝 PAPER TRADE: SELL 26 WIPRO | Value: ₹4.9K | Regime: Bear | Signal: -0.456
2026-03-19 10:46:29 | 📝 PAPER TRADE: SELL 2 ASIANPAINT | Value: ₹4.4K | Regime: Bear | Signal: -0.412
2026-03-19 10:46:39 | 📝 PAPER TRADE: SELL 17 BPCL | Value: ₹5.0K | Regime: Bear | Signal: -0.549
2026-03-19 10:46:45 | 📝 PAPER TRADE: SELL 1 TRENT | Value: ₹3.5K | Regime: Bear | Signal: -0.474
2026-03-19 10:46:49 | 📝 PAPER TRADE: SELL 2 BAJAJFINSV | Value: ₹3.5K | Regime: Bear | Signal: -0.430
2026-03-19 10:51:59 | 📝 PAPER TRADE: SELL 6 HDFCBANK | Value: ₹4.8K | Regime: Bear | Signal: -0.489
2026-03-19 10:52:00 | 📝 PAPER TRADE: SELL 4 INFY | Value: ₹4.9K | Regime: Bear | Signal: -0.468
2026-03-19 10:52:02 | 📝 PAPER TRADE: SELL 16 ITC | Value: ₹4.8K | Regime: Bear | Signal: -0.524
2026-03-19 10:52:06 | 📝 PAPER TRADE: SELL 5 BAJFINANCE | Value: ₹4.2K | Regime: Bear | Signal: -0.426
2026-03-19 10:52:07 | 📝 PAPER TRADE: SELL 2 HINDUNILVR | Value: ₹4.2K | Regime: Bear | Signal: -0.435
2026-03-19 10:52:09 | 📝 PAPER TRADE: SELL 13 KOTAKBANK | Value: ₹4.8K | Regime: Bear | Signal: -0.417
2026-03-19 10:52:14 | 📝 PAPER TRADE: SELL 26 WIPRO | Value: ₹4.9K | Regime: Bear | Signal: -0.456
2026-03-19 10:52:19 | 📝 PAPER TRADE: SELL 2 ASIANPAINT | Value: ₹4.4K | Regime: Bear | Signal: -0.412
2026-03-19 10:52:29 | 📝 PAPER TRADE: SELL 17 BPCL | Value: ₹5.0K | Regime: Bear | Signal: -0.549
2026-03-19 10:52:35 | 📝 PAPER TRADE: SELL 1 TRENT | Value: ₹3.5K | Regime: Bear | Signal: -0.476
2026-03-19 10:52:39 | 📝 PAPER TRADE: SELL 2 BAJAJFINSV | Value: ₹3.5K | Regime: Bear | Signal: -0.431
2026-03-19 10:57:49 | 📝 PAPER TRADE: SELL 6 HDFCBANK | Value: ₹4.8K | Regime: Bear | Signal: -0.519
2026-03-19 10:57:50 | 📝 PAPER TRADE: SELL 4 INFY | Value: ₹4.9K | Regime: Bear | Signal: -0.468
2026-03-19 10:57:52 | 📝 PAPER TRADE: SELL 16 ITC | Value: ₹4.8K | Regime: Bear | Signal: -0.525
2026-03-19 10:57:55 | 📝 PAPER TRADE: SELL 5 BAJFINANCE | Value: ₹4.2K | Regime: Bear | Signal: -0.425
2026-03-19 10:57:55 | 📝 PAPER TRADE: SELL 2 HINDUNILVR | Value: ₹4.2K | Regime: Bear | Signal: -0.434
2026-03-19 10:57:57 | 📝 PAPER TRADE: SELL 13 KOTAKBANK | Value: ₹4.8K | Regime: Bear | Signal: -0.417
2026-03-19 10:58:02 | 📝 PAPER TRADE: SELL 26 WIPRO | Value: ₹4.9K | Regime: Bear | Signal: -0.456
2026-03-19 10:58:07 | 📝 PAPER TRADE: SELL 2 ASIANPAINT | Value: ₹4.4K | Regime: Bear | Signal: -0.413
2026-03-19 10:58:17 | 📝 PAPER TRADE: SELL 17 BPCL | Value: ₹5.0K | Regime: Bear | Signal: -0.550
2026-03-19 10:58:22 | 📝 PAPER TRADE: SELL 1 TRENT | Value: ₹3.5K | Regime: Bear | Signal: -0.475
2026-03-19 10:58:28 | 📝 PAPER TRADE: SELL 2 BAJAJFINSV | Value: ₹3.5K | Regime: Bear | Signal: -0.430
2026-03-19 11:03:40 | 📝 PAPER TRADE: SELL 6 HDFCBANK | Value: ₹4.8K | Regime: Bear | Signal: -0.489
2026-03-19 11:03:41 | 📝 PAPER TRADE: SELL 4 INFY | Value: ₹4.9K | Regime: Bear | Signal: -0.468
2026-03-19 11:03:43 | 📝 PAPER TRADE: SELL 16 ITC | Value: ₹4.8K | Regime: Bear | Signal: -0.560
2026-03-19 11:03:48 | 📝 PAPER TRADE: SELL 5 BAJFINANCE | Value: ₹4.2K | Regime: Bear | Signal: -0.426
2026-03-19 11:03:48 | 📝 PAPER TRADE: SELL 2 HINDUNILVR | Value: ₹4.2K | Regime: Bear | Signal: -0.437
2026-03-19 11:03:50 | 📝 PAPER TRADE: SELL 13 KOTAKBANK | Value: ₹4.8K | Regime: Bear | Signal: -0.417
2026-03-19 11:03:53 | 📝 PAPER TRADE: SELL 26 WIPRO | Value: ₹4.9K | Regime: Bear | Signal: -0.456
2026-03-19 11:03:57 | 📝 PAPER TRADE: SELL 2 ASIANPAINT | Value: ₹4.4K | Regime: Bear | Signal: -0.413
2026-03-19 11:04:07 | 📝 PAPER TRADE: SELL 17 BPCL | Value: ₹5.0K | Regime: Bear | Signal: -0.551
2026-03-19 11:04:13 | 📝 PAPER TRADE: SELL 1 TRENT | Value: ₹3.5K | Regime: Bear | Signal: -0.477
2026-03-19 11:04:16 | 📝 PAPER TRADE: SELL 2 BAJAJFINSV | Value: ₹3.5K | Regime: Bear | Signal: -0.431
2026-03-19 11:09:26 | 📝 PAPER TRADE: SELL 6 HDFCBANK | Value: ₹4.8K | Regime: Bear | Signal: -0.489
2026-03-19 11:09:27 | 📝 PAPER TRADE: SELL 4 INFY | Value: ₹4.9K | Regime: Bear | Signal: -0.469
2026-03-19 11:09:31 | 📝 PAPER TRADE: SELL 16 ITC | Value: ₹4.8K | Regime: Bear | Signal: -0.560
2026-03-19 11:09:35 | 📝 PAPER TRADE: SELL 5 BAJFINANCE | Value: ₹4.2K | Regime: Bear | Signal: -0.427
2026-03-19 11:09:36 | 📝 PAPER TRADE: SELL 2 HINDUNILVR | Value: ₹4.2K | Regime: Bear | Signal: -0.438
2026-03-19 11:09:38 | 📝 PAPER TRADE: SELL 13 KOTAKBANK | Value: ₹4.8K | Regime: Bear | Signal: -0.416
2026-03-19 11:09:42 | 📝 PAPER TRADE: SELL 26 WIPRO | Value: ₹4.9K | Regime: Bear | Signal: -0.457
2026-03-19 11:09:46 | 📝 PAPER TRADE: SELL 2 ASIANPAINT | Value: ₹4.4K | Regime: Bear | Signal: -0.413
2026-03-19 11:09:53 | 📝 PAPER TRADE: SELL 3 CIPLA | Value: ₹3.8K | Regime: Bear | Signal: -0.446
2026-03-19 11:09:56 | 📝 PAPER TRADE: SELL 17 BPCL | Value: ₹5.0K | Regime: Bear | Signal: -0.552
2026-03-19 11:10:03 | 📝 PAPER TRADE: SELL 1 TRENT | Value: ₹3.5K | Regime: Bear | Signal: -0.477
2026-03-19 11:10:07 | 📝 PAPER TRADE: SELL 2 BAJAJFINSV | Value: ₹3.5K | Regime: Bear | Signal: -0.431
2026-03-19 11:10:08 | 📝 PAPER TRADE: SELL 4 TATACONSUM | Value: ₹4.2K | Regime: Bear | Signal: -0.432
2026-03-19 11:15:18 | 📝 PAPER TRADE: SELL 6 HDFCBANK | Value: ₹4.8K | Regime: Bear | Signal: -0.489
2026-03-19 11:15:19 | 📝 PAPER TRADE: SELL 4 INFY | Value: ₹4.9K | Regime: Bear | Signal: -0.469
2026-03-19 11:15:22 | 📝 PAPER TRADE: SELL 16 ITC | Value: ₹4.8K | Regime: Bear | Signal: -0.525
2026-03-19 11:15:26 | 📝 PAPER TRADE: SELL 5 BAJFINANCE | Value: ₹4.2K | Regime: Bear | Signal: -0.485
2026-03-19 11:15:27 | 📝 PAPER TRADE: SELL 2 HINDUNILVR | Value: ₹4.2K | Regime: Bear | Signal: -0.438
2026-03-19 11:15:28 | 📝 PAPER TRADE: SELL 13 KOTAKBANK | Value: ₹4.8K | Regime: Bear | Signal: -0.416
2026-03-19 11:15:32 | 📝 PAPER TRADE: SELL 26 WIPRO | Value: ₹4.9K | Regime: Bear | Signal: -0.457
2026-03-19 11:15:35 | 📝 PAPER TRADE: SELL 2 ASIANPAINT | Value: ₹4.4K | Regime: Bear | Signal: -0.413
2026-03-19 11:15:46 | 📝 PAPER TRADE: SELL 17 BPCL | Value: ₹5.0K | Regime: Bear | Signal: -0.552
2026-03-19 11:15:52 | 📝 PAPER TRADE: SELL 1 TRENT | Value: ₹3.5K | Regime: Bear | Signal: -0.534
2026-03-19 11:15:55 | 📝 PAPER TRADE: SELL 2 BAJAJFINSV | Value: ₹3.5K | Regime: Bear | Signal: -0.431
2026-03-19 11:15:56 | 📝 PAPER TRADE: SELL 4 TATACONSUM | Value: ₹4.2K | Regime: Bear | Signal: -0.432
2026-03-19 11:21:05 | 📝 PAPER TRADE: SELL 6 HDFCBANK | Value: ₹4.8K | Regime: Bear | Signal: -0.489
2026-03-19 11:21:06 | 📝 PAPER TRADE: SELL 4 INFY | Value: ₹4.9K | Regime: Bear | Signal: -0.469
2026-03-19 11:21:09 | 📝 PAPER TRADE: SELL 16 ITC | Value: ₹4.8K | Regime: Bear | Signal: -0.524
2026-03-19 11:21:13 | 📝 PAPER TRADE: SELL 5 BAJFINANCE | Value: ₹4.2K | Regime: Bear | Signal: -0.487
2026-03-19 11:21:14 | 📝 PAPER TRADE: SELL 2 HINDUNILVR | Value: ₹4.2K | Regime: Bear | Signal: -0.437
2026-03-19 11:21:15 | 📝 PAPER TRADE: SELL 13 KOTAKBANK | Value: ₹4.8K | Regime: Bear | Signal: -0.416
2026-03-19 11:21:19 | 📝 PAPER TRADE: SELL 26 WIPRO | Value: ₹4.9K | Regime: Bear | Signal: -0.457
2026-03-19 11:21:22 | 📝 PAPER TRADE: SELL 2 ASIANPAINT | Value: ₹4.4K | Regime: Bear | Signal: -0.413
2026-03-19 11:21:30 | 📝 PAPER TRADE: SELL 3 CIPLA | Value: ₹3.8K | Regime: Bear | Signal: -0.449
2026-03-19 11:21:33 | 📝 PAPER TRADE: SELL 17 BPCL | Value: ₹5.0K | Regime: Bear | Signal: -0.551
2026-03-19 11:21:38 | 📝 PAPER TRADE: SELL 1 TRENT | Value: ₹3.5K | Regime: Bear | Signal: -0.477
2026-03-19 11:21:41 | 📝 PAPER TRADE: SELL 2 BAJAJFINSV | Value: ₹3.5K | Regime: Bear | Signal: -0.431
2026-03-19 11:21:42 | 📝 PAPER TRADE: SELL 4 TATACONSUM | Value: ₹4.2K | Regime: Bear | Signal: -0.432
2026-03-19 11:26:52 | 📝 PAPER TRADE: SELL 6 HDFCBANK | Value: ₹4.8K | Regime: Bear | Signal: -0.489
2026-03-19 11:26:53 | 📝 PAPER TRADE: SELL 4 INFY | Value: ₹4.9K | Regime: Bear | Signal: -0.469
2026-03-19 11:26:55 | 📝 PAPER TRADE: SELL 16 ITC | Value: ₹4.8K | Regime: Bear | Signal: -0.523
2026-03-19 11:26:58 | 📝 PAPER TRADE: SELL 5 BAJFINANCE | Value: ₹4.2K | Regime: Bear | Signal: -0.486
2026-03-19 11:26:59 | 📝 PAPER TRADE: SELL 2 HINDUNILVR | Value: ₹4.2K | Regime: Bear | Signal: -0.437
2026-03-19 11:27:01 | 📝 PAPER TRADE: SELL 13 KOTAKBANK | Value: ₹4.8K | Regime: Bear | Signal: -0.415
2026-03-19 11:27:04 | 📝 PAPER TRADE: SELL 26 WIPRO | Value: ₹4.9K | Regime: Bear | Signal: -0.457
2026-03-19 11:27:11 | 📝 PAPER TRADE: SELL 2 ASIANPAINT | Value: ₹4.4K | Regime: Bear | Signal: -0.412
2026-03-19 11:27:19 | 📝 PAPER TRADE: SELL 4 CIPLA | Value: ₹5.0K | Regime: Bear | Signal: -0.452
2026-03-19 11:27:22 | 📝 PAPER TRADE: SELL 17 BPCL | Value: ₹5.0K | Regime: Bear | Signal: -0.552
2026-03-19 11:27:27 | 📝 PAPER TRADE: SELL 1 TRENT | Value: ₹3.5K | Regime: Bear | Signal: -0.477
2026-03-19 11:27:30 | 📝 PAPER TRADE: SELL 2 BAJAJFINSV | Value: ₹3.5K | Regime: Bear | Signal: -0.431
2026-03-19 11:27:31 | 📝 PAPER TRADE: SELL 4 TATACONSUM | Value: ₹4.2K | Regime: Bear | Signal: -0.433
2026-03-19 11:32:42 | 📝 PAPER TRADE: SELL 6 HDFCBANK | Value: ₹4.8K | Regime: Bear | Signal: -0.489
2026-03-19 11:32:43 | 📝 PAPER TRADE: SELL 4 INFY | Value: ₹4.9K | Regime: Bear | Signal: -0.469
2026-03-19 11:32:46 | 📝 PAPER TRADE: SELL 16 ITC | Value: ₹4.8K | Regime: Bear | Signal: -0.523
2026-03-19 11:32:49 | 📝 PAPER TRADE: SELL 5 BAJFINANCE | Value: ₹4.2K | Regime: Bear | Signal: -0.486
2026-03-19 11:32:50 | 📝 PAPER TRADE: SELL 2 HINDUNILVR | Value: ₹4.2K | Regime: Bear | Signal: -0.436
2026-03-19 11:32:52 | 📝 PAPER TRADE: SELL 13 KOTAKBANK | Value: ₹4.8K | Regime: Bear | Signal: -0.415
2026-03-19 11:32:56 | 📝 PAPER TRADE: SELL 26 WIPRO | Value: ₹4.9K | Regime: Bear | Signal: -0.458
2026-03-19 11:33:01 | 📝 PAPER TRADE: SELL 2 ASIANPAINT | Value: ₹4.4K | Regime: Bear | Signal: -0.412
2026-03-19 11:33:09 | 📝 PAPER TRADE: SELL 3 CIPLA | Value: ₹3.8K | Regime: Bear | Signal: -0.447
2026-03-19 11:33:12 | 📝 PAPER TRADE: SELL 17 BPCL | Value: ₹5.0K | Regime: Bear | Signal: -0.552
2026-03-19 11:33:19 | 📝 PAPER TRADE: SELL 1 TRENT | Value: ₹3.5K | Regime: Bear | Signal: -0.477
2026-03-19 11:33:22 | 📝 PAPER TRADE: SELL 2 BAJAJFINSV | Value: ₹3.5K | Regime: Bear | Signal: -0.431
2026-03-19 11:33:23 | 📝 PAPER TRADE: SELL 4 TATACONSUM | Value: ₹4.2K | Regime: Bear | Signal: -0.435
2026-03-19 11:38:32 | 📝 PAPER TRADE: SELL 6 HDFCBANK | Value: ₹4.8K | Regime: Bear | Signal: -0.489
2026-03-19 11:38:33 | 📝 PAPER TRADE: SELL 4 INFY | Value: ₹4.9K | Regime: Bear | Signal: -0.469
2026-03-19 11:38:36 | 📝 PAPER TRADE: SELL 16 ITC | Value: ₹4.8K | Regime: Bear | Signal: -0.524
2026-03-19 11:38:40 | 📝 PAPER TRADE: SELL 5 BAJFINANCE | Value: ₹4.2K | Regime: Bear | Signal: -0.485
2026-03-19 11:38:41 | 📝 PAPER TRADE: SELL 2 HINDUNILVR | Value: ₹4.2K | Regime: Bear | Signal: -0.437
2026-03-19 11:38:42 | 📝 PAPER TRADE: SELL 13 KOTAKBANK | Value: ₹4.8K | Regime: Bear | Signal: -0.414
2026-03-19 11:38:46 | 📝 PAPER TRADE: SELL 26 WIPRO | Value: ₹4.9K | Regime: Bear | Signal: -0.457
2026-03-19 11:38:50 | 📝 PAPER TRADE: SELL 2 ASIANPAINT | Value: ₹4.4K | Regime: Bear | Signal: -0.412
2026-03-19 11:39:00 | 📝 PAPER TRADE: SELL 17 BPCL | Value: ₹5.0K | Regime: Bear | Signal: -0.552
2026-03-19 11:39:07 | 📝 PAPER TRADE: SELL 1 TRENT | Value: ₹3.5K | Regime: Bear | Signal: -0.477
2026-03-19 11:39:10 | 📝 PAPER TRADE: SELL 2 BAJAJFINSV | Value: ₹3.5K | Regime: Bear | Signal: -0.431
2026-03-19 11:39:10 | 📝 PAPER TRADE: SELL 4 TATACONSUM | Value: ₹4.2K | Regime: Bear | Signal: -0.433
2026-03-19 11:44:19 | 📝 PAPER TRADE: SELL 6 HDFCBANK | Value: ₹4.8K | Regime: Bear | Signal: -0.489
2026-03-19 11:44:19 | 📝 PAPER TRADE: SELL 4 INFY | Value: ₹4.9K | Regime: Bear | Signal: -0.469
2026-03-19 11:44:22 | 📝 PAPER TRADE: SELL 16 ITC | Value: ₹4.8K | Regime: Bear | Signal: -0.524
2026-03-19 11:44:25 | 📝 PAPER TRADE: SELL 5 BAJFINANCE | Value: ₹4.2K | Regime: Bear | Signal: -0.485
2026-03-19 11:44:26 | 📝 PAPER TRADE: SELL 2 HINDUNILVR | Value: ₹4.2K | Regime: Bear | Signal: -0.437
2026-03-19 11:44:27 | 📝 PAPER TRADE: SELL 13 KOTAKBANK | Value: ₹4.8K | Regime: Bear | Signal: -0.413
2026-03-19 11:44:32 | 📝 PAPER TRADE: SELL 26 WIPRO | Value: ₹4.9K | Regime: Bear | Signal: -0.457
2026-03-19 11:44:36 | 📝 PAPER TRADE: SELL 2 ASIANPAINT | Value: ₹4.4K | Regime: Bear | Signal: -0.412
2026-03-19 11:44:45 | 📝 PAPER TRADE: SELL 17 BPCL | Value: ₹5.0K | Regime: Bear | Signal: -0.553
2026-03-19 11:44:51 | 📝 PAPER TRADE: SELL 1 TRENT | Value: ₹3.5K | Regime: Bear | Signal: -0.476
2026-03-19 11:44:54 | 📝 PAPER TRADE: SELL 2 BAJAJFINSV | Value: ₹3.5K | Regime: Bear | Signal: -0.431
2026-03-19 11:44:55 | 📝 PAPER TRADE: SELL 4 TATACONSUM | Value: ₹4.2K | Regime: Bear | Signal: -0.434
2026-03-19 11:50:05 | 📝 PAPER TRADE: SELL 6 HDFCBANK | Value: ₹4.9K | Regime: Bear | Signal: -0.519
2026-03-19 11:50:06 | 📝 PAPER TRADE: SELL 4 INFY | Value: ₹4.9K | Regime: Bear | Signal: -0.469
2026-03-19 11:50:08 | 📝 PAPER TRADE: SELL 16 ITC | Value: ₹4.8K | Regime: Bear | Signal: -0.523
2026-03-19 11:50:11 | 📝 PAPER TRADE: SELL 5 BAJFINANCE | Value: ₹4.2K | Regime: Bear | Signal: -0.427
2026-03-19 11:50:12 | 📝 PAPER TRADE: SELL 2 HINDUNILVR | Value: ₹4.2K | Regime: Bear | Signal: -0.437
2026-03-19 11:50:13 | 📝 PAPER TRADE: SELL 13 KOTAKBANK | Value: ₹4.8K | Regime: Bear | Signal: -0.414
2026-03-19 11:50:19 | 📝 PAPER TRADE: SELL 26 WIPRO | Value: ₹4.9K | Regime: Bear | Signal: -0.458
2026-03-19 11:50:24 | 📝 PAPER TRADE: SELL 2 ASIANPAINT | Value: ₹4.4K | Regime: Bear | Signal: -0.413
2026-03-19 11:50:32 | 📝 PAPER TRADE: SELL 3 CIPLA | Value: ₹3.8K | Regime: Bear | Signal: -0.448
2026-03-19 11:50:34 | 📝 PAPER TRADE: SELL 17 BPCL | Value: ₹5.0K | Regime: Bear | Signal: -0.553
2026-03-19 11:50:39 | 📝 PAPER TRADE: SELL 1 TRENT | Value: ₹3.5K | Regime: Bear | Signal: -0.476
2026-03-19 11:50:42 | 📝 PAPER TRADE: SELL 2 BAJAJFINSV | Value: ₹3.5K | Regime: Bear | Signal: -0.432
2026-03-19 11:50:43 | 📝 PAPER TRADE: SELL 4 TATACONSUM | Value: ₹4.2K | Regime: Bear | Signal: -0.434
2026-03-19 11:55:54 | 📝 PAPER TRADE: SELL 6 HDFCBANK | Value: ₹4.9K | Regime: Bear | Signal: -0.519
2026-03-19 11:55:55 | 📝 PAPER TRADE: SELL 4 INFY | Value: ₹4.9K | Regime: Bear | Signal: -0.468
2026-03-19 11:55:57 | 📝 PAPER TRADE: SELL 16 ITC | Value: ₹4.8K | Regime: Bear | Signal: -0.523
2026-03-19 11:56:01 | 📝 PAPER TRADE: SELL 5 BAJFINANCE | Value: ₹4.2K | Regime: Bear | Signal: -0.427
2026-03-19 11:56:02 | 📝 PAPER TRADE: SELL 2 HINDUNILVR | Value: ₹4.2K | Regime: Bear | Signal: -0.438
2026-03-19 11:56:04 | 📝 PAPER TRADE: SELL 13 KOTAKBANK | Value: ₹4.8K | Regime: Bear | Signal: -0.414
2026-03-19 11:56:08 | 📝 PAPER TRADE: SELL 26 WIPRO | Value: ₹4.9K | Regime: Bear | Signal: -0.458
2026-03-19 11:56:12 | 📝 PAPER TRADE: SELL 2 ASIANPAINT | Value: ₹4.4K | Regime: Bear | Signal: -0.413
2026-03-19 11:56:20 | 📝 PAPER TRADE: SELL 3 CIPLA | Value: ₹3.8K | Regime: Bear | Signal: -0.447
2026-03-19 11:56:22 | 📝 PAPER TRADE: SELL 17 BPCL | Value: ₹5.0K | Regime: Bear | Signal: -0.553
2026-03-19 11:56:27 | 📝 PAPER TRADE: SELL 1 TRENT | Value: ₹3.5K | Regime: Bear | Signal: -0.476
2026-03-19 11:56:30 | 📝 PAPER TRADE: SELL 2 BAJAJFINSV | Value: ₹3.5K | Regime: Bear | Signal: -0.431
2026-03-19 11:56:32 | 📝 PAPER TRADE: SELL 4 TATACONSUM | Value: ₹4.2K | Regime: Bear | Signal: -0.434
2026-03-19 12:01:44 | 📝 PAPER TRADE: SELL 6 HDFCBANK | Value: ₹4.9K | Regime: Bear | Signal: -0.519
2026-03-19 12:01:45 | 📝 PAPER TRADE: SELL 4 INFY | Value: ₹4.9K | Regime: Bear | Signal: -0.468
2026-03-19 12:01:48 | 📝 PAPER TRADE: SELL 16 ITC | Value: ₹4.8K | Regime: Bear | Signal: -0.524
2026-03-19 12:01:52 | 📝 PAPER TRADE: SELL 5 BAJFINANCE | Value: ₹4.2K | Regime: Bear | Signal: -0.485
2026-03-19 12:01:53 | 📝 PAPER TRADE: SELL 2 HINDUNILVR | Value: ₹4.2K | Regime: Bear | Signal: -0.439
2026-03-19 12:01:55 | 📝 PAPER TRADE: SELL 13 KOTAKBANK | Value: ₹4.8K | Regime: Bear | Signal: -0.413
2026-03-19 12:01:59 | 📝 PAPER TRADE: SELL 26 WIPRO | Value: ₹4.9K | Regime: Bear | Signal: -0.458
2026-03-19 12:02:02 | 📝 PAPER TRADE: SELL 2 ASIANPAINT | Value: ₹4.4K | Regime: Bear | Signal: -0.413
2026-03-19 12:02:10 | 📝 PAPER TRADE: SELL 4 CIPLA | Value: ₹5.0K | Regime: Bear | Signal: -0.451
2026-03-19 12:02:13 | 📝 PAPER TRADE: SELL 17 BPCL | Value: ₹5.0K | Regime: Bear | Signal: -0.554
2026-03-19 12:02:20 | 📝 PAPER TRADE: SELL 1 TRENT | Value: ₹3.5K | Regime: Bear | Signal: -0.477
2026-03-19 12:02:23 | 📝 PAPER TRADE: SELL 2 BAJAJFINSV | Value: ₹3.5K | Regime: Bear | Signal: -0.432
2026-03-19 12:02:24 | 📝 PAPER TRADE: SELL 4 TATACONSUM | Value: ₹4.2K | Regime: Bear | Signal: -0.434
2026-03-19 12:07:33 | 📝 PAPER TRADE: SELL 6 HDFCBANK | Value: ₹4.9K | Regime: Bear | Signal: -0.519
2026-03-19 12:07:34 | 📝 PAPER TRADE: SELL 4 INFY | Value: ₹4.9K | Regime: Bear | Signal: -0.468
2026-03-19 12:07:37 | 📝 PAPER TRADE: SELL 16 ITC | Value: ₹4.8K | Regime: Bear | Signal: -0.525
2026-03-19 12:07:40 | 📝 PAPER TRADE: SELL 5 BAJFINANCE | Value: ₹4.2K | Regime: Bear | Signal: -0.485
2026-03-19 12:07:41 | 📝 PAPER TRADE: SELL 2 HINDUNILVR | Value: ₹4.2K | Regime: Bear | Signal: -0.439
2026-03-19 12:07:43 | 📝 PAPER TRADE: SELL 13 KOTAKBANK | Value: ₹4.8K | Regime: Bear | Signal: -0.414
2026-03-19 12:07:46 | 📝 PAPER TRADE: SELL 26 WIPRO | Value: ₹4.9K | Regime: Bear | Signal: -0.458
2026-03-19 12:07:51 | 📝 PAPER TRADE: SELL 2 ASIANPAINT | Value: ₹4.4K | Regime: Bear | Signal: -0.413
2026-03-19 12:07:59 | 📝 PAPER TRADE: SELL 4 CIPLA | Value: ₹5.0K | Regime: Bear | Signal: -0.450
2026-03-19 12:08:01 | 📝 PAPER TRADE: SELL 17 BPCL | Value: ₹5.0K | Regime: Bear | Signal: -0.554
2026-03-19 12:08:07 | 📝 PAPER TRADE: SELL 1 TRENT | Value: ₹3.5K | Regime: Bear | Signal: -0.477
2026-03-19 12:08:10 | 📝 PAPER TRADE: SELL 2 BAJAJFINSV | Value: ₹3.5K | Regime: Bear | Signal: -0.432
2026-03-19 12:08:11 | 📝 PAPER TRADE: SELL 4 TATACONSUM | Value: ₹4.2K | Regime: Bear | Signal: -0.436
2026-03-19 12:13:22 | 📝 PAPER TRADE: SELL 6 HDFCBANK | Value: ₹4.9K | Regime: Bear | Signal: -0.484
2026-03-19 12:13:23 | 📝 PAPER TRADE: SELL 4 INFY | Value: ₹4.9K | Regime: Bear | Signal: -0.467
2026-03-19 12:13:25 | 📝 PAPER TRADE: SELL 16 ITC | Value: ₹4.8K | Regime: Bear | Signal: -0.525
2026-03-19 12:13:28 | 📝 PAPER TRADE: SELL 5 BAJFINANCE | Value: ₹4.2K | Regime: Bear | Signal: -0.485
2026-03-19 12:13:29 | 📝 PAPER TRADE: SELL 2 HINDUNILVR | Value: ₹4.2K | Regime: Bear | Signal: -0.437
2026-03-19 12:13:31 | 📝 PAPER TRADE: SELL 13 KOTAKBANK | Value: ₹4.8K | Regime: Bear | Signal: -0.414
2026-03-19 12:13:35 | 📝 PAPER TRADE: SELL 26 WIPRO | Value: ₹4.9K | Regime: Bear | Signal: -0.458
2026-03-19 12:13:39 | 📝 PAPER TRADE: SELL 2 ASIANPAINT | Value: ₹4.4K | Regime: Bear | Signal: -0.413
2026-03-19 12:13:49 | 📝 PAPER TRADE: SELL 4 CIPLA | Value: ₹5.0K | Regime: Bear | Signal: -0.449
2026-03-19 12:13:51 | 📝 PAPER TRADE: SELL 17 BPCL | Value: ₹4.9K | Regime: Bear | Signal: -0.613
2026-03-19 12:13:56 | 📝 PAPER TRADE: SELL 1 TRENT | Value: ₹3.5K | Regime: Bear | Signal: -0.476
2026-03-19 12:13:59 | 📝 PAPER TRADE: SELL 2 BAJAJFINSV | Value: ₹3.5K | Regime: Bear | Signal: -0.432
2026-03-19 12:14:00 | 📝 PAPER TRADE: SELL 4 TATACONSUM | Value: ₹4.2K | Regime: Bear | Signal: -0.435
2026-03-19 12:19:11 | 📝 PAPER TRADE: SELL 6 HDFCBANK | Value: ₹4.9K | Regime: Bear | Signal: -0.484
2026-03-19 12:19:11 | 📝 PAPER TRADE: SELL 4 INFY | Value: ₹4.9K | Regime: Bear | Signal: -0.468
2026-03-19 12:19:14 | 📝 PAPER TRADE: SELL 16 ITC | Value: ₹4.8K | Regime: Bear | Signal: -0.525
2026-03-19 12:19:16 | 📝 PAPER TRADE: SELL 5 BAJFINANCE | Value: ₹4.2K | Regime: Bear | Signal: -0.427
2026-03-19 12:19:17 | 📝 PAPER TRADE: SELL 2 HINDUNILVR | Value: ₹4.2K | Regime: Bear | Signal: -0.436
2026-03-19 12:19:19 | 📝 PAPER TRADE: SELL 13 KOTAKBANK | Value: ₹4.8K | Regime: Bear | Signal: -0.413
2026-03-19 12:19:23 | 📝 PAPER TRADE: SELL 26 WIPRO | Value: ₹4.9K | Regime: Bear | Signal: -0.458
2026-03-19 12:19:27 | 📝 PAPER TRADE: SELL 2 ASIANPAINT | Value: ₹4.4K | Regime: Bear | Signal: -0.412
2026-03-19 12:19:35 | 📝 PAPER TRADE: SELL 4 CIPLA | Value: ₹5.0K | Regime: Bear | Signal: -0.449
2026-03-19 12:19:37 | 📝 PAPER TRADE: SELL 17 BPCL | Value: ₹4.9K | Regime: Bear | Signal: -0.613
2026-03-19 12:19:42 | 📝 PAPER TRADE: SELL 1 TRENT | Value: ₹3.5K | Regime: Bear | Signal: -0.476
2026-03-19 12:19:46 | 📝 PAPER TRADE: SELL 2 BAJAJFINSV | Value: ₹3.5K | Regime: Bear | Signal: -0.432
2026-03-19 12:19:47 | 📝 PAPER TRADE: SELL 4 TATACONSUM | Value: ₹4.2K | Regime: Bear | Signal: -0.435
2026-03-19 12:24:57 | 📝 PAPER TRADE: SELL 6 HDFCBANK | Value: ₹4.9K | Regime: Bear | Signal: -0.484
2026-03-19 12:24:58 | 📝 PAPER TRADE: SELL 4 INFY | Value: ₹4.9K | Regime: Bear | Signal: -0.469
2026-03-19 12:25:00 | 📝 PAPER TRADE: SELL 16 ITC | Value: ₹4.8K | Regime: Bear | Signal: -0.560
2026-03-19 12:25:05 | 📝 PAPER TRADE: SELL 5 BAJFINANCE | Value: ₹4.2K | Regime: Bear | Signal: -0.485
2026-03-19 12:25:06 | 📝 PAPER TRADE: SELL 2 HINDUNILVR | Value: ₹4.2K | Regime: Bear | Signal: -0.438
2026-03-19 12:25:08 | 📝 PAPER TRADE: SELL 13 KOTAKBANK | Value: ₹4.8K | Regime: Bear | Signal: -0.413
2026-03-19 12:25:11 | 📝 PAPER TRADE: SELL 26 WIPRO | Value: ₹4.9K | Regime: Bear | Signal: -0.459
2026-03-19 12:25:15 | 📝 PAPER TRADE: SELL 2 ASIANPAINT | Value: ₹4.4K | Regime: Bear | Signal: -0.413
2026-03-19 12:25:22 | 📝 PAPER TRADE: SELL 4 CIPLA | Value: ₹5.0K | Regime: Bear | Signal: -0.451
2026-03-19 12:25:25 | 📝 PAPER TRADE: SELL 17 BPCL | Value: ₹4.9K | Regime: Bear | Signal: -0.615
2026-03-19 12:25:30 | 📝 PAPER TRADE: SELL 1 TRENT | Value: ₹3.5K | Regime: Bear | Signal: -0.477
2026-03-19 12:25:33 | 📝 PAPER TRADE: SELL 2 BAJAJFINSV | Value: ₹3.5K | Regime: Bear | Signal: -0.432
2026-03-19 12:25:34 | 📝 PAPER TRADE: SELL 4 TATACONSUM | Value: ₹4.2K | Regime: Bear | Signal: -0.434
2026-03-19 12:30:43 | 📝 PAPER TRADE: SELL 6 HDFCBANK | Value: ₹4.9K | Regime: Bear | Signal: -0.484
2026-03-19 12:30:44 | 📝 PAPER TRADE: SELL 4 INFY | Value: ₹4.9K | Regime: Bear | Signal: -0.468
2026-03-19 12:30:46 | 📝 PAPER TRADE: SELL 16 ITC | Value: ₹4.8K | Regime: Bear | Signal: -0.560
2026-03-19 12:30:49 | 📝 PAPER TRADE: SELL 5 BAJFINANCE | Value: ₹4.2K | Regime: Bear | Signal: -0.427
2026-03-19 12:30:50 | 📝 PAPER TRADE: SELL 2 HINDUNILVR | Value: ₹4.2K | Regime: Bear | Signal: -0.437
2026-03-19 12:30:52 | 📝 PAPER TRADE: SELL 13 KOTAKBANK | Value: ₹4.8K | Regime: Bear | Signal: -0.412
2026-03-19 12:30:57 | 📝 PAPER TRADE: SELL 26 WIPRO | Value: ₹4.9K | Regime: Bear | Signal: -0.459
2026-03-19 12:31:01 | 📝 PAPER TRADE: SELL 2 ASIANPAINT | Value: ₹4.4K | Regime: Bear | Signal: -0.413
2026-03-19 12:31:08 | 📝 PAPER TRADE: SELL 4 CIPLA | Value: ₹5.0K | Regime: Bear | Signal: -0.451
2026-03-19 12:31:10 | 📝 PAPER TRADE: SELL 17 BPCL | Value: ₹4.9K | Regime: Bear | Signal: -0.615
2026-03-19 12:31:16 | 📝 PAPER TRADE: SELL 1 TRENT | Value: ₹3.5K | Regime: Bear | Signal: -0.476
2026-03-19 12:31:20 | 📝 PAPER TRADE: SELL 2 BAJAJFINSV | Value: ₹3.5K | Regime: Bear | Signal: -0.432
2026-03-19 12:31:22 | 📝 PAPER TRADE: SELL 4 TATACONSUM | Value: ₹4.2K | Regime: Bear | Signal: -0.433
2026-03-19 12:36:32 | 📝 PAPER TRADE: SELL 6 HDFCBANK | Value: ₹4.9K | Regime: Bear | Signal: -0.484
2026-03-19 12:36:33 | 📝 PAPER TRADE: SELL 4 INFY | Value: ₹4.9K | Regime: Bear | Signal: -0.469
2026-03-19 12:36:36 | 📝 PAPER TRADE: SELL 16 ITC | Value: ₹4.8K | Regime: Bear | Signal: -0.561
2026-03-19 12:36:39 | 📝 PAPER TRADE: SELL 5 BAJFINANCE | Value: ₹4.2K | Regime: Bear | Signal: -0.485
2026-03-19 12:36:40 | 📝 PAPER TRADE: SELL 2 HINDUNILVR | Value: ₹4.2K | Regime: Bear | Signal: -0.439
2026-03-19 12:36:41 | 📝 PAPER TRADE: SELL 13 KOTAKBANK | Value: ₹4.8K | Regime: Bear | Signal: -0.412
2026-03-19 12:36:45 | 📝 PAPER TRADE: SELL 26 WIPRO | Value: ₹4.9K | Regime: Bear | Signal: -0.459
2026-03-19 12:36:49 | 📝 PAPER TRADE: SELL 2 ASIANPAINT | Value: ₹4.4K | Regime: Bear | Signal: -0.413
2026-03-19 12:36:57 | 📝 PAPER TRADE: SELL 4 CIPLA | Value: ₹5.0K | Regime: Bear | Signal: -0.452
2026-03-19 12:37:00 | 📝 PAPER TRADE: SELL 17 BPCL | Value: ₹4.9K | Regime: Bear | Signal: -0.614
2026-03-19 12:37:05 | 📝 PAPER TRADE: SELL 1 TRENT | Value: ₹3.5K | Regime: Bear | Signal: -0.477
2026-03-19 12:37:09 | 📝 PAPER TRADE: SELL 2 BAJAJFINSV | Value: ₹3.5K | Regime: Bear | Signal: -0.432
2026-03-19 12:37:09 | 📝 PAPER TRADE: SELL 4 TATACONSUM | Value: ₹4.2K | Regime: Bear | Signal: -0.434
2026-03-19 12:42:21 | 📝 PAPER TRADE: SELL 6 HDFCBANK | Value: ₹4.9K | Regime: Bear | Signal: -0.484
2026-03-19 12:42:22 | 📝 PAPER TRADE: SELL 4 INFY | Value: ₹4.9K | Regime: Bear | Signal: -0.469
2026-03-19 12:42:24 | 📝 PAPER TRADE: SELL 16 ITC | Value: ₹4.8K | Regime: Bear | Signal: -0.562
2026-03-19 12:42:28 | 📝 PAPER TRADE: SELL 5 BAJFINANCE | Value: ₹4.2K | Regime: Bear | Signal: -0.486
2026-03-19 12:42:29 | 📝 PAPER TRADE: SELL 2 HINDUNILVR | Value: ₹4.2K | Regime: Bear | Signal: -0.440
2026-03-19 12:42:31 | 📝 PAPER TRADE: SELL 13 KOTAKBANK | Value: ₹4.8K | Regime: Bear | Signal: -0.412
2026-03-19 12:42:35 | 📝 PAPER TRADE: SELL 26 WIPRO | Value: ₹4.9K | Regime: Bear | Signal: -0.459
2026-03-19 12:42:38 | 📝 PAPER TRADE: SELL 2 ASIANPAINT | Value: ₹4.4K | Regime: Bear | Signal: -0.414
2026-03-19 12:42:46 | 📝 PAPER TRADE: SELL 4 CIPLA | Value: ₹5.0K | Regime: Bear | Signal: -0.453
2026-03-19 12:42:48 | 📝 PAPER TRADE: SELL 17 BPCL | Value: ₹4.9K | Regime: Bear | Signal: -0.616
2026-03-19 12:42:54 | 📝 PAPER TRADE: SELL 1 TRENT | Value: ₹3.5K | Regime: Bear | Signal: -0.477
2026-03-19 12:42:57 | 📝 PAPER TRADE: SELL 2 BAJAJFINSV | Value: ₹3.5K | Regime: Bear | Signal: -0.432
2026-03-19 12:42:57 | 📝 PAPER TRADE: SELL 4 TATACONSUM | Value: ₹4.2K | Regime: Bear | Signal: -0.435
2026-03-19 12:48:06 | 📝 PAPER TRADE: SELL 6 HDFCBANK | Value: ₹4.9K | Regime: Bear | Signal: -0.484
2026-03-19 12:48:06 | 📝 PAPER TRADE: SELL 4 INFY | Value: ₹4.9K | Regime: Bear | Signal: -0.469
2026-03-19 12:48:09 | 📝 PAPER TRADE: SELL 16 ITC | Value: ₹4.8K | Regime: Bear | Signal: -0.562
2026-03-19 12:48:14 | 📝 PAPER TRADE: SELL 5 BAJFINANCE | Value: ₹4.2K | Regime: Bear | Signal: -0.486
2026-03-19 12:48:15 | 📝 PAPER TRADE: SELL 2 HINDUNILVR | Value: ₹4.2K | Regime: Bear | Signal: -0.438
2026-03-19 12:48:16 | 📝 PAPER TRADE: SELL 13 KOTAKBANK | Value: ₹4.8K | Regime: Bear | Signal: -0.412
2026-03-19 12:48:20 | 📝 PAPER TRADE: SELL 26 WIPRO | Value: ₹4.9K | Regime: Bear | Signal: -0.459
2026-03-19 12:48:24 | 📝 PAPER TRADE: SELL 2 ASIANPAINT | Value: ₹4.4K | Regime: Bear | Signal: -0.413
2026-03-19 12:48:31 | 📝 PAPER TRADE: SELL 4 CIPLA | Value: ₹5.0K | Regime: Bear | Signal: -0.452
2026-03-19 12:48:34 | 📝 PAPER TRADE: SELL 17 BPCL | Value: ₹4.9K | Regime: Bear | Signal: -0.616
2026-03-19 12:48:40 | 📝 PAPER TRADE: SELL 1 TRENT | Value: ₹3.5K | Regime: Bear | Signal: -0.477
2026-03-19 12:48:43 | 📝 PAPER TRADE: SELL 2 BAJAJFINSV | Value: ₹3.5K | Regime: Bear | Signal: -0.432
2026-03-19 12:48:44 | 📝 PAPER TRADE: SELL 4 TATACONSUM | Value: ₹4.2K | Regime: Bear | Signal: -0.433
2026-03-19 12:53:52 | 📝 PAPER TRADE: SELL 2 TCS | Value: ₹4.8K | Regime: Bear | Signal: -0.405
2026-03-19 12:53:53 | 📝 PAPER TRADE: SELL 6 HDFCBANK | Value: ₹4.9K | Regime: Bear | Signal: -0.484
2026-03-19 12:53:54 | 📝 PAPER TRADE: SELL 4 INFY | Value: ₹4.9K | Regime: Bear | Signal: -0.469
2026-03-19 12:53:57 | 📝 PAPER TRADE: SELL 16 ITC | Value: ₹4.8K | Regime: Bear | Signal: -0.548
2026-03-19 12:54:01 | 📝 PAPER TRADE: SELL 5 BAJFINANCE | Value: ₹4.2K | Regime: Bear | Signal: -0.486
2026-03-19 12:54:02 | 📝 PAPER TRADE: SELL 2 HINDUNILVR | Value: ₹4.2K | Regime: Bear | Signal: -0.439
2026-03-19 12:54:04 | 📝 PAPER TRADE: SELL 13 KOTAKBANK | Value: ₹4.8K | Regime: Bear | Signal: -0.413
2026-03-19 12:54:07 | 📝 PAPER TRADE: SELL 26 WIPRO | Value: ₹4.9K | Regime: Bear | Signal: -0.458
2026-03-19 12:54:11 | 📝 PAPER TRADE: SELL 2 ASIANPAINT | Value: ₹4.4K | Regime: Bear | Signal: -0.413
2026-03-19 12:54:18 | 📝 PAPER TRADE: SELL 4 CIPLA | Value: ₹5.0K | Regime: Bear | Signal: -0.451
2026-03-19 12:54:21 | 📝 PAPER TRADE: SELL 17 BPCL | Value: ₹4.9K | Regime: Bear | Signal: -0.616
2026-03-19 12:54:27 | 📝 PAPER TRADE: SELL 1 TRENT | Value: ₹3.5K | Regime: Bear | Signal: -0.477
2026-03-19 12:54:29 | 📝 PAPER TRADE: SELL 2 BAJAJFINSV | Value: ₹3.5K | Regime: Bear | Signal: -0.432
2026-03-19 12:54:30 | 📝 PAPER TRADE: SELL 4 TATACONSUM | Value: ₹4.2K | Regime: Bear | Signal: -0.435
2026-03-19 12:59:39 | 📝 PAPER TRADE: SELL 2 TCS | Value: ₹4.8K | Regime: Bear | Signal: -0.405
2026-03-19 12:59:40 | 📝 PAPER TRADE: SELL 6 HDFCBANK | Value: ₹4.9K | Regime: Bear | Signal: -0.484
2026-03-19 12:59:41 | 📝 PAPER TRADE: SELL 4 INFY | Value: ₹4.9K | Regime: Bear | Signal: -0.468
2026-03-19 12:59:43 | 📝 PAPER TRADE: SELL 16 ITC | Value: ₹4.8K | Regime: Bear | Signal: -0.562
2026-03-19 12:59:46 | 📝 PAPER TRADE: SELL 5 BAJFINANCE | Value: ₹4.2K | Regime: Bear | Signal: -0.486
2026-03-19 12:59:47 | 📝 PAPER TRADE: SELL 2 HINDUNILVR | Value: ₹4.2K | Regime: Bear | Signal: -0.438
2026-03-19 12:59:48 | 📝 PAPER TRADE: SELL 13 KOTAKBANK | Value: ₹4.8K | Regime: Bear | Signal: -0.412
2026-03-19 12:59:53 | 📝 PAPER TRADE: SELL 26 WIPRO | Value: ₹4.9K | Regime: Bear | Signal: -0.459
2026-03-19 12:59:58 | 📝 PAPER TRADE: SELL 2 ASIANPAINT | Value: ₹4.4K | Regime: Bear | Signal: -0.412
2026-03-19 13:00:08 | 📝 PAPER TRADE: SELL 4 CIPLA | Value: ₹5.0K | Regime: Bear | Signal: -0.451
2026-03-19 13:00:10 | 📝 PAPER TRADE: SELL 17 BPCL | Value: ₹4.9K | Regime: Bear | Signal: -0.616
2026-03-19 13:00:16 | 📝 PAPER TRADE: SELL 1 TRENT | Value: ₹3.5K | Regime: Bear | Signal: -0.477
2026-03-19 13:00:20 | 📝 PAPER TRADE: SELL 2 BAJAJFINSV | Value: ₹3.5K | Regime: Bear | Signal: -0.432
2026-03-19 13:00:21 | 📝 PAPER TRADE: SELL 4 TATACONSUM | Value: ₹4.2K | Regime: Bear | Signal: -0.436
2026-03-19 13:05:32 | 📝 PAPER TRADE: SELL 2 TCS | Value: ₹4.7K | Regime: Bear | Signal: -0.406
2026-03-19 13:05:33 | 📝 PAPER TRADE: SELL 6 HDFCBANK | Value: ₹4.9K | Regime: Bear | Signal: -0.484
2026-03-19 13:05:34 | 📝 PAPER TRADE: SELL 4 INFY | Value: ₹4.9K | Regime: Bear | Signal: -0.469
2026-03-19 13:05:37 | 📝 PAPER TRADE: SELL 16 ITC | Value: ₹4.8K | Regime: Bear | Signal: -0.548
2026-03-19 13:05:40 | 📝 PAPER TRADE: SELL 5 BAJFINANCE | Value: ₹4.2K | Regime: Bear | Signal: -0.487
2026-03-19 13:05:41 | 📝 PAPER TRADE: SELL 2 HINDUNILVR | Value: ₹4.2K | Regime: Bear | Signal: -0.438
2026-03-19 13:05:42 | 📝 PAPER TRADE: SELL 13 KOTAKBANK | Value: ₹4.8K | Regime: Bear | Signal: -0.413
2026-03-19 13:05:46 | 📝 PAPER TRADE: SELL 26 WIPRO | Value: ₹4.9K | Regime: Bear | Signal: -0.459
2026-03-19 13:05:51 | 📝 PAPER TRADE: SELL 2 ASIANPAINT | Value: ₹4.4K | Regime: Bear | Signal: -0.412
2026-03-19 13:05:59 | 📝 PAPER TRADE: SELL 4 CIPLA | Value: ₹5.0K | Regime: Bear | Signal: -0.454
2026-03-19 13:06:02 | 📝 PAPER TRADE: SELL 17 BPCL | Value: ₹4.9K | Regime: Bear | Signal: -0.617
2026-03-19 13:06:07 | 📝 PAPER TRADE: SELL 1 TRENT | Value: ₹3.5K | Regime: Bear | Signal: -0.478
2026-03-19 13:06:10 | 📝 PAPER TRADE: SELL 2 BAJAJFINSV | Value: ₹3.5K | Regime: Bear | Signal: -0.433
2026-03-19 13:06:11 | 📝 PAPER TRADE: SELL 4 TATACONSUM | Value: ₹4.2K | Regime: Bear | Signal: -0.434
2026-03-19 13:11:20 | 📝 PAPER TRADE: SELL 2 TCS | Value: ₹4.7K | Regime: Bear | Signal: -0.406
2026-03-19 13:11:21 | 📝 PAPER TRADE: SELL 6 HDFCBANK | Value: ₹4.9K | Regime: Bear | Signal: -0.519
2026-03-19 13:11:22 | 📝 PAPER TRADE: SELL 4 INFY | Value: ₹4.9K | Regime: Bear | Signal: -0.469
2026-03-19 13:11:25 | 📝 PAPER TRADE: SELL 16 ITC | Value: ₹4.8K | Regime: Bear | Signal: -0.562
2026-03-19 13:11:28 | 📝 PAPER TRADE: SELL 5 BAJFINANCE | Value: ₹4.2K | Regime: Bear | Signal: -0.487
2026-03-19 13:11:29 | 📝 PAPER TRADE: SELL 2 HINDUNILVR | Value: ₹4.2K | Regime: Bear | Signal: -0.441
2026-03-19 13:11:31 | 📝 PAPER TRADE: SELL 13 KOTAKBANK | Value: ₹4.8K | Regime: Bear | Signal: -0.413
2026-03-19 13:11:35 | 📝 PAPER TRADE: SELL 26 WIPRO | Value: ₹4.9K | Regime: Bear | Signal: -0.459
2026-03-19 13:11:40 | 📝 PAPER TRADE: SELL 2 ASIANPAINT | Value: ₹4.4K | Regime: Bear | Signal: -0.413
2026-03-19 13:11:47 | 📝 PAPER TRADE: SELL 4 CIPLA | Value: ₹5.0K | Regime: Bear | Signal: -0.453
2026-03-19 13:11:49 | 📝 PAPER TRADE: SELL 17 BPCL | Value: ₹4.9K | Regime: Bear | Signal: -0.617
2026-03-19 13:11:55 | 📝 PAPER TRADE: SELL 1 TRENT | Value: ₹3.5K | Regime: Bear | Signal: -0.535
2026-03-19 13:11:58 | 📝 PAPER TRADE: SELL 2 BAJAJFINSV | Value: ₹3.5K | Regime: Bear | Signal: -0.433
2026-03-19 13:11:59 | 📝 PAPER TRADE: SELL 4 TATACONSUM | Value: ₹4.2K | Regime: Bear | Signal: -0.434
2026-03-19 13:17:09 | 📝 PAPER TRADE: SELL 2 TCS | Value: ₹4.7K | Regime: Bear | Signal: -0.406
2026-03-19 13:17:11 | 📝 PAPER TRADE: SELL 6 HDFCBANK | Value: ₹4.9K | Regime: Bear | Signal: -0.519
2026-03-19 13:17:12 | 📝 PAPER TRADE: SELL 4 INFY | Value: ₹4.9K | Regime: Bear | Signal: -0.469
2026-03-19 13:17:14 | 📝 PAPER TRADE: SELL 16 ITC | Value: ₹4.8K | Regime: Bear | Signal: -0.548
2026-03-19 13:17:17 | 📝 PAPER TRADE: SELL 5 BAJFINANCE | Value: ₹4.2K | Regime: Bear | Signal: -0.487
2026-03-19 13:17:18 | 📝 PAPER TRADE: SELL 2 HINDUNILVR | Value: ₹4.2K | Regime: Bear | Signal: -0.445
2026-03-19 13:17:20 | 📝 PAPER TRADE: SELL 13 KOTAKBANK | Value: ₹4.8K | Regime: Bear | Signal: -0.414
2026-03-19 13:17:21 | 📝 PAPER TRADE: SELL 2 ADANIENT | Value: ₹3.9K | Regime: Bear | Signal: -0.409
2026-03-19 13:17:25 | 📝 PAPER TRADE: SELL 26 WIPRO | Value: ₹4.9K | Regime: Bear | Signal: -0.459
2026-03-19 13:17:29 | 📝 PAPER TRADE: SELL 2 ASIANPAINT | Value: ₹4.4K | Regime: Bear | Signal: -0.413
2026-03-19 13:17:36 | 📝 PAPER TRADE: SELL 4 CIPLA | Value: ₹5.0K | Regime: Bear | Signal: -0.454
2026-03-19 13:17:38 | 📝 PAPER TRADE: SELL 17 BPCL | Value: ₹4.9K | Regime: Bear | Signal: -0.618
2026-03-19 13:17:44 | 📝 PAPER TRADE: SELL 1 TRENT | Value: ₹3.5K | Regime: Bear | Signal: -0.536
2026-03-19 13:17:48 | 📝 PAPER TRADE: SELL 2 BAJAJFINSV | Value: ₹3.4K | Regime: Bear | Signal: -0.525
2026-03-19 13:17:49 | 📝 PAPER TRADE: SELL 4 TATACONSUM | Value: ₹4.2K | Regime: Bear | Signal: -0.433
2026-03-19 13:22:57 | 📝 PAPER TRADE: SELL 2 TCS | Value: ₹4.7K | Regime: Bear | Signal: -0.406
2026-03-19 13:22:58 | 📝 PAPER TRADE: SELL 6 HDFCBANK | Value: ₹4.9K | Regime: Bear | Signal: -0.519
2026-03-19 13:22:59 | 📝 PAPER TRADE: SELL 4 INFY | Value: ₹4.9K | Regime: Bear | Signal: -0.469
2026-03-19 13:23:01 | 📝 PAPER TRADE: SELL 16 ITC | Value: ₹4.8K | Regime: Bear | Signal: -0.548
2026-03-19 13:23:04 | 📝 PAPER TRADE: SELL 5 BAJFINANCE | Value: ₹4.2K | Regime: Bear | Signal: -0.487
2026-03-19 13:23:05 | 📝 PAPER TRADE: SELL 2 HINDUNILVR | Value: ₹4.2K | Regime: Bear | Signal: -0.446
2026-03-19 13:23:07 | 📝 PAPER TRADE: SELL 13 KOTAKBANK | Value: ₹4.8K | Regime: Bear | Signal: -0.414
2026-03-19 13:23:08 | 📝 PAPER TRADE: SELL 2 ADANIENT | Value: ₹3.9K | Regime: Bear | Signal: -0.409
2026-03-19 13:23:12 | 📝 PAPER TRADE: SELL 26 WIPRO | Value: ₹4.9K | Regime: Bear | Signal: -0.459
2026-03-19 13:23:17 | 📝 PAPER TRADE: SELL 2 ASIANPAINT | Value: ₹4.4K | Regime: Bear | Signal: -0.413
2026-03-19 13:23:23 | 📝 PAPER TRADE: SELL 4 CIPLA | Value: ₹5.0K | Regime: Bear | Signal: -0.454
2026-03-19 13:23:26 | 📝 PAPER TRADE: SELL 17 BPCL | Value: ₹4.9K | Regime: Bear | Signal: -0.618
2026-03-19 13:23:31 | 📝 PAPER TRADE: SELL 1 TRENT | Value: ₹3.5K | Regime: Bear | Signal: -0.499
2026-03-19 13:23:35 | 📝 PAPER TRADE: SELL 2 BAJAJFINSV | Value: ₹3.4K | Regime: Bear | Signal: -0.525
2026-03-19 13:23:36 | 📝 PAPER TRADE: SELL 4 TATACONSUM | Value: ₹4.2K | Regime: Bear | Signal: -0.433
2026-03-19 13:28:45 | 📝 PAPER TRADE: SELL 2 TCS | Value: ₹4.7K | Regime: Bear | Signal: -0.406
2026-03-19 13:28:46 | 📝 PAPER TRADE: SELL 6 HDFCBANK | Value: ₹4.9K | Regime: Bear | Signal: -0.519
2026-03-19 13:28:47 | 📝 PAPER TRADE: SELL 4 INFY | Value: ₹4.9K | Regime: Bear | Signal: -0.469
2026-03-19 13:28:50 | 📝 PAPER TRADE: SELL 16 ITC | Value: ₹4.8K | Regime: Bear | Signal: -0.548
2026-03-19 13:28:53 | 📝 PAPER TRADE: SELL 5 BAJFINANCE | Value: ₹4.2K | Regime: Bear | Signal: -0.488
2026-03-19 13:28:54 | 📝 PAPER TRADE: SELL 2 HINDUNILVR | Value: ₹4.2K | Regime: Bear | Signal: -0.447
2026-03-19 13:28:55 | 📝 PAPER TRADE: SELL 13 KOTAKBANK | Value: ₹4.8K | Regime: Bear | Signal: -0.415
2026-03-19 13:28:56 | 📝 PAPER TRADE: SELL 2 ADANIENT | Value: ₹3.9K | Regime: Bear | Signal: -0.440
2026-03-19 13:29:00 | 📝 PAPER TRADE: SELL 26 WIPRO | Value: ₹4.9K | Regime: Bear | Signal: -0.459
2026-03-19 13:29:04 | 📝 PAPER TRADE: SELL 2 ASIANPAINT | Value: ₹4.4K | Regime: Bear | Signal: -0.412
2026-03-19 13:29:12 | 📝 PAPER TRADE: SELL 4 CIPLA | Value: ₹5.0K | Regime: Bear | Signal: -0.453
2026-03-19 13:29:14 | 📝 PAPER TRADE: SELL 17 BPCL | Value: ₹4.9K | Regime: Bear | Signal: -0.618
2026-03-19 13:29:19 | 📝 PAPER TRADE: SELL 1 TRENT | Value: ₹3.5K | Regime: Bear | Signal: -0.499
2026-03-19 13:29:22 | 📝 PAPER TRADE: SELL 2 BAJAJFINSV | Value: ₹3.4K | Regime: Bear | Signal: -0.526
2026-03-19 13:29:23 | 📝 PAPER TRADE: SELL 4 TATACONSUM | Value: ₹4.2K | Regime: Bear | Signal: -0.433
2026-03-19 13:34:33 | 📝 PAPER TRADE: SELL 2 TCS | Value: ₹4.7K | Regime: Bear | Signal: -0.406
2026-03-19 13:34:34 | 📝 PAPER TRADE: SELL 6 HDFCBANK | Value: ₹4.9K | Regime: Bear | Signal: -0.519
2026-03-19 13:34:35 | 📝 PAPER TRADE: SELL 4 INFY | Value: ₹4.9K | Regime: Bear | Signal: -0.469
2026-03-19 13:34:38 | 📝 PAPER TRADE: SELL 16 ITC | Value: ₹4.8K | Regime: Bear | Signal: -0.548
2026-03-19 13:34:41 | 📝 PAPER TRADE: SELL 5 BAJFINANCE | Value: ₹4.2K | Regime: Bear | Signal: -0.488
2026-03-19 13:34:42 | 📝 PAPER TRADE: SELL 2 HINDUNILVR | Value: ₹4.2K | Regime: Bear | Signal: -0.447
2026-03-19 13:34:44 | 📝 PAPER TRADE: SELL 13 KOTAKBANK | Value: ₹4.8K | Regime: Bear | Signal: -0.414
2026-03-19 13:34:45 | 📝 PAPER TRADE: SELL 2 ADANIENT | Value: ₹3.9K | Regime: Bear | Signal: -0.408
2026-03-19 13:34:48 | 📝 PAPER TRADE: SELL 26 WIPRO | Value: ₹4.9K | Regime: Bear | Signal: -0.459
2026-03-19 13:34:52 | 📝 PAPER TRADE: SELL 2 ASIANPAINT | Value: ₹4.4K | Regime: Bear | Signal: -0.412
2026-03-19 13:34:59 | 📝 PAPER TRADE: SELL 4 CIPLA | Value: ₹5.0K | Regime: Bear | Signal: -0.454
2026-03-19 13:35:03 | 📝 PAPER TRADE: SELL 17 BPCL | Value: ₹4.9K | Regime: Bear | Signal: -0.618
2026-03-19 13:35:10 | 📝 PAPER TRADE: SELL 1 TRENT | Value: ₹3.5K | Regime: Bear | Signal: -0.499
2026-03-19 13:35:13 | 📝 PAPER TRADE: SELL 2 BAJAJFINSV | Value: ₹3.4K | Regime: Bear | Signal: -0.526
2026-03-19 13:35:14 | 📝 PAPER TRADE: SELL 4 TATACONSUM | Value: ₹4.2K | Regime: Bear | Signal: -0.434
2026-03-19 13:40:22 | 📝 PAPER TRADE: SELL 2 TCS | Value: ₹4.7K | Regime: Bear | Signal: -0.406
2026-03-19 13:40:22 | 📝 PAPER TRADE: SELL 6 HDFCBANK | Value: ₹4.9K | Regime: Bear | Signal: -0.519
2026-03-19 13:40:23 | 📝 PAPER TRADE: SELL 4 INFY | Value: ₹4.9K | Regime: Bear | Signal: -0.469
2026-03-19 13:40:25 | 📝 PAPER TRADE: SELL 16 ITC | Value: ₹4.8K | Regime: Bear | Signal: -0.548
2026-03-19 13:40:28 | 📝 PAPER TRADE: SELL 5 BAJFINANCE | Value: ₹4.2K | Regime: Bear | Signal: -0.487
2026-03-19 13:40:29 | 📝 PAPER TRADE: SELL 2 HINDUNILVR | Value: ₹4.2K | Regime: Bear | Signal: -0.448
2026-03-19 13:40:31 | 📝 PAPER TRADE: SELL 13 KOTAKBANK | Value: ₹4.8K | Regime: Bear | Signal: -0.414
2026-03-19 13:40:32 | 📝 PAPER TRADE: SELL 2 ADANIENT | Value: ₹3.9K | Regime: Bear | Signal: -0.408
2026-03-19 13:40:36 | 📝 PAPER TRADE: SELL 26 WIPRO | Value: ₹4.9K | Regime: Bear | Signal: -0.459
2026-03-19 13:40:41 | 📝 PAPER TRADE: SELL 2 ASIANPAINT | Value: ₹4.4K | Regime: Bear | Signal: -0.412
2026-03-19 13:40:47 | 📝 PAPER TRADE: SELL 4 CIPLA | Value: ₹5.0K | Regime: Bear | Signal: -0.453
2026-03-19 13:40:50 | 📝 PAPER TRADE: SELL 17 BPCL | Value: ₹4.9K | Regime: Bear | Signal: -0.618
2026-03-19 13:40:55 | 📝 PAPER TRADE: SELL 1 TRENT | Value: ₹3.5K | Regime: Bear | Signal: -0.499
2026-03-19 13:40:59 | 📝 PAPER TRADE: SELL 2 BAJAJFINSV | Value: ₹3.4K | Regime: Bear | Signal: -0.525
2026-03-19 13:41:00 | 📝 PAPER TRADE: SELL 4 TATACONSUM | Value: ₹4.2K | Regime: Bear | Signal: -0.431
2026-03-19 13:46:09 | 📝 PAPER TRADE: SELL 2 TCS | Value: ₹4.7K | Regime: Bear | Signal: -0.406
2026-03-19 13:46:10 | 📝 PAPER TRADE: SELL 6 HDFCBANK | Value: ₹4.9K | Regime: Bear | Signal: -0.519
2026-03-19 13:46:11 | 📝 PAPER TRADE: SELL 4 INFY | Value: ₹4.9K | Regime: Bear | Signal: -0.469
2026-03-19 13:46:13 | 📝 PAPER TRADE: SELL 16 ITC | Value: ₹4.8K | Regime: Bear | Signal: -0.562
2026-03-19 13:46:16 | 📝 PAPER TRADE: SELL 5 BAJFINANCE | Value: ₹4.2K | Regime: Bear | Signal: -0.488
2026-03-19 13:46:17 | 📝 PAPER TRADE: SELL 2 HINDUNILVR | Value: ₹4.2K | Regime: Bear | Signal: -0.448
2026-03-19 13:46:19 | 📝 PAPER TRADE: SELL 13 KOTAKBANK | Value: ₹4.8K | Regime: Bear | Signal: -0.413
2026-03-19 13:46:20 | 📝 PAPER TRADE: SELL 2 ADANIENT | Value: ₹3.9K | Regime: Bear | Signal: -0.408
2026-03-19 13:46:24 | 📝 PAPER TRADE: SELL 26 WIPRO | Value: ₹4.9K | Regime: Bear | Signal: -0.458
2026-03-19 13:46:28 | 📝 PAPER TRADE: SELL 2 ASIANPAINT | Value: ₹4.4K | Regime: Bear | Signal: -0.412
2026-03-19 13:46:35 | 📝 PAPER TRADE: SELL 4 CIPLA | Value: ₹5.0K | Regime: Bear | Signal: -0.453
2026-03-19 13:46:37 | 📝 PAPER TRADE: SELL 17 BPCL | Value: ₹4.9K | Regime: Bear | Signal: -0.618
2026-03-19 13:46:43 | 📝 PAPER TRADE: SELL 1 TRENT | Value: ₹3.5K | Regime: Bear | Signal: -0.499
2026-03-19 13:46:47 | 📝 PAPER TRADE: SELL 2 BAJAJFINSV | Value: ₹3.4K | Regime: Bear | Signal: -0.525
2026-03-19 13:46:48 | 📝 PAPER TRADE: SELL 4 TATACONSUM | Value: ₹4.2K | Regime: Bear | Signal: -0.431
2026-03-19 13:51:57 | 📝 PAPER TRADE: SELL 2 TCS | Value: ₹4.7K | Regime: Bear | Signal: -0.406
2026-03-19 13:51:58 | 📝 PAPER TRADE: SELL 6 HDFCBANK | Value: ₹4.9K | Regime: Bear | Signal: -0.519
2026-03-19 13:51:59 | 📝 PAPER TRADE: SELL 4 INFY | Value: ₹4.9K | Regime: Bear | Signal: -0.469
2026-03-19 13:52:02 | 📝 PAPER TRADE: SELL 16 ITC | Value: ₹4.8K | Regime: Bear | Signal: -0.561
2026-03-19 13:52:05 | 📝 PAPER TRADE: SELL 5 BAJFINANCE | Value: ₹4.2K | Regime: Bear | Signal: -0.488
2026-03-19 13:52:06 | 📝 PAPER TRADE: SELL 2 HINDUNILVR | Value: ₹4.2K | Regime: Bear | Signal: -0.447
2026-03-19 13:52:07 | 📝 PAPER TRADE: SELL 13 KOTAKBANK | Value: ₹4.8K | Regime: Bear | Signal: -0.413
2026-03-19 13:52:08 | 📝 PAPER TRADE: SELL 2 ADANIENT | Value: ₹3.9K | Regime: Bear | Signal: -0.440
2026-03-19 13:52:11 | 📝 PAPER TRADE: SELL 26 WIPRO | Value: ₹4.9K | Regime: Bear | Signal: -0.458
2026-03-19 13:52:17 | 📝 PAPER TRADE: SELL 2 ASIANPAINT | Value: ₹4.4K | Regime: Bear | Signal: -0.412
2026-03-19 13:52:25 | 📝 PAPER TRADE: SELL 4 CIPLA | Value: ₹5.0K | Regime: Bear | Signal: -0.453
2026-03-19 13:52:28 | 📝 PAPER TRADE: SELL 17 BPCL | Value: ₹4.9K | Regime: Bear | Signal: -0.618
2026-03-19 13:52:33 | 📝 PAPER TRADE: SELL 1 TRENT | Value: ₹3.5K | Regime: Bear | Signal: -0.535
2026-03-19 13:52:36 | 📝 PAPER TRADE: SELL 2 BAJAJFINSV | Value: ₹3.4K | Regime: Bear | Signal: -0.467
2026-03-19 13:52:37 | 📝 PAPER TRADE: SELL 4 TATACONSUM | Value: ₹4.2K | Regime: Bear | Signal: -0.431
2026-03-19 13:57:45 | 📝 PAPER TRADE: SELL 2 TCS | Value: ₹4.7K | Regime: Bear | Signal: -0.406
2026-03-19 13:57:46 | 📝 PAPER TRADE: SELL 6 HDFCBANK | Value: ₹4.9K | Regime: Bear | Signal: -0.519
2026-03-19 13:57:48 | 📝 PAPER TRADE: SELL 4 INFY | Value: ₹4.9K | Regime: Bear | Signal: -0.470
2026-03-19 13:57:50 | 📝 PAPER TRADE: SELL 16 ITC | Value: ₹4.8K | Regime: Bear | Signal: -0.562
2026-03-19 13:57:54 | 📝 PAPER TRADE: SELL 5 BAJFINANCE | Value: ₹4.2K | Regime: Bear | Signal: -0.489
2026-03-19 13:57:55 | 📝 PAPER TRADE: SELL 2 HINDUNILVR | Value: ₹4.2K | Regime: Bear | Signal: -0.449
2026-03-19 13:57:56 | 📝 PAPER TRADE: SELL 13 KOTAKBANK | Value: ₹4.8K | Regime: Bear | Signal: -0.414
2026-03-19 13:57:57 | 📝 PAPER TRADE: SELL 2 ADANIENT | Value: ₹3.9K | Regime: Bear | Signal: -0.441
2026-03-19 13:58:00 | 📝 PAPER TRADE: SELL 26 WIPRO | Value: ₹4.9K | Regime: Bear | Signal: -0.459
2026-03-19 13:58:05 | 📝 PAPER TRADE: SELL 2 ASIANPAINT | Value: ₹4.4K | Regime: Bear | Signal: -0.412
2026-03-19 13:58:13 | 📝 PAPER TRADE: SELL 4 CIPLA | Value: ₹5.0K | Regime: Bear | Signal: -0.454
2026-03-19 13:58:16 | 📝 PAPER TRADE: SELL 17 BPCL | Value: ₹4.9K | Regime: Bear | Signal: -0.618
2026-03-19 13:58:22 | 📝 PAPER TRADE: SELL 1 TRENT | Value: ₹3.5K | Regime: Bear | Signal: -0.535
2026-03-19 13:58:25 | 📝 PAPER TRADE: SELL 2 BAJAJFINSV | Value: ₹3.4K | Regime: Bear | Signal: -0.526
2026-03-19 13:58:26 | 📝 PAPER TRADE: SELL 4 TATACONSUM | Value: ₹4.2K | Regime: Bear | Signal: -0.432
2026-03-19 14:03:35 | 📝 PAPER TRADE: SELL 2 TCS | Value: ₹4.7K | Regime: Bear | Signal: -0.406
2026-03-19 14:03:36 | 📝 PAPER TRADE: SELL 6 HDFCBANK | Value: ₹4.8K | Regime: Bear | Signal: -0.519
2026-03-19 14:03:36 | 📝 PAPER TRADE: SELL 4 INFY | Value: ₹4.9K | Regime: Bear | Signal: -0.470
2026-03-19 14:03:39 | 📝 PAPER TRADE: SELL 16 ITC | Value: ₹4.8K | Regime: Bear | Signal: -0.562
2026-03-19 14:03:43 | 📝 PAPER TRADE: SELL 5 BAJFINANCE | Value: ₹4.2K | Regime: Bear | Signal: -0.490
2026-03-19 14:03:44 | 📝 PAPER TRADE: SELL 2 HINDUNILVR | Value: ₹4.2K | Regime: Bear | Signal: -0.449
2026-03-19 14:03:46 | 📝 PAPER TRADE: SELL 13 KOTAKBANK | Value: ₹4.8K | Regime: Bear | Signal: -0.415
2026-03-19 14:03:47 | 📝 PAPER TRADE: SELL 2 ADANIENT | Value: ₹3.9K | Regime: Bear | Signal: -0.442
2026-03-19 14:03:51 | 📝 PAPER TRADE: SELL 26 WIPRO | Value: ₹4.9K | Regime: Bear | Signal: -0.459
2026-03-19 14:03:55 | 📝 PAPER TRADE: SELL 2 ASIANPAINT | Value: ₹4.4K | Regime: Bear | Signal: -0.413
2026-03-19 14:04:02 | 📝 PAPER TRADE: SELL 4 CIPLA | Value: ₹5.0K | Regime: Bear | Signal: -0.454
2026-03-19 14:04:04 | 📝 PAPER TRADE: SELL 17 BPCL | Value: ₹4.9K | Regime: Bear | Signal: -0.618
2026-03-19 14:04:11 | 📝 PAPER TRADE: SELL 1 TRENT | Value: ₹3.5K | Regime: Bear | Signal: -0.536
2026-03-19 14:04:15 | 📝 PAPER TRADE: SELL 2 BAJAJFINSV | Value: ₹3.4K | Regime: Bear | Signal: -0.526
2026-03-19 14:04:17 | 📝 PAPER TRADE: SELL 4 TATACONSUM | Value: ₹4.2K | Regime: Bear | Signal: -0.432
2026-03-19 14:09:25 | 📝 PAPER TRADE: SELL 2 TCS | Value: ₹4.7K | Regime: Bear | Signal: -0.406
2026-03-19 14:09:26 | 📝 PAPER TRADE: SELL 6 HDFCBANK | Value: ₹4.8K | Regime: Bear | Signal: -0.519
2026-03-19 14:09:27 | 📝 PAPER TRADE: SELL 4 INFY | Value: ₹4.9K | Regime: Bear | Signal: -0.471
2026-03-19 14:09:29 | 📝 PAPER TRADE: SELL 16 ITC | Value: ₹4.8K | Regime: Bear | Signal: -0.562
2026-03-19 14:09:33 | 📝 PAPER TRADE: SELL 5 BAJFINANCE | Value: ₹4.2K | Regime: Bear | Signal: -0.490
2026-03-19 14:09:33 | 📝 PAPER TRADE: SELL 2 HINDUNILVR | Value: ₹4.2K | Regime: Bear | Signal: -0.450
2026-03-19 14:09:35 | 📝 PAPER TRADE: SELL 13 KOTAKBANK | Value: ₹4.8K | Regime: Bear | Signal: -0.414
2026-03-19 14:09:36 | 📝 PAPER TRADE: SELL 2 ADANIENT | Value: ₹3.9K | Regime: Bear | Signal: -0.441
2026-03-19 14:09:39 | 📝 PAPER TRADE: SELL 26 WIPRO | Value: ₹4.9K | Regime: Bear | Signal: -0.460
2026-03-19 14:09:43 | 📝 PAPER TRADE: SELL 2 ASIANPAINT | Value: ₹4.4K | Regime: Bear | Signal: -0.413
2026-03-19 14:09:50 | 📝 PAPER TRADE: SELL 4 CIPLA | Value: ₹5.0K | Regime: Bear | Signal: -0.455
2026-03-19 14:09:53 | 📝 PAPER TRADE: SELL 17 BPCL | Value: ₹4.9K | Regime: Bear | Signal: -0.618
2026-03-19 14:09:59 | 📝 PAPER TRADE: SELL 1 TRENT | Value: ₹3.5K | Regime: Bear | Signal: -0.499
2026-03-19 14:10:02 | 📝 PAPER TRADE: SELL 2 BAJAJFINSV | Value: ₹3.4K | Regime: Bear | Signal: -0.511
2026-03-19 14:10:03 | 📝 PAPER TRADE: SELL 4 TATACONSUM | Value: ₹4.2K | Regime: Bear | Signal: -0.432
2026-03-19 14:15:11 | 📝 PAPER TRADE: SELL 2 TCS | Value: ₹4.7K | Regime: Bear | Signal: -0.406
2026-03-19 14:15:12 | 📝 PAPER TRADE: SELL 6 HDFCBANK | Value: ₹4.8K | Regime: Bear | Signal: -0.519
2026-03-19 14:15:13 | 📝 PAPER TRADE: SELL 4 INFY | Value: ₹4.9K | Regime: Bear | Signal: -0.471
2026-03-19 14:15:15 | 📝 PAPER TRADE: SELL 16 ITC | Value: ₹4.8K | Regime: Bear | Signal: -0.549
2026-03-19 14:15:18 | 📝 PAPER TRADE: SELL 5 BAJFINANCE | Value: ₹4.2K | Regime: Bear | Signal: -0.490
2026-03-19 14:15:20 | 📝 PAPER TRADE: SELL 2 HINDUNILVR | Value: ₹4.2K | Regime: Bear | Signal: -0.450
2026-03-19 14:15:22 | 📝 PAPER TRADE: SELL 13 KOTAKBANK | Value: ₹4.8K | Regime: Bear | Signal: -0.414
2026-03-19 14:15:23 | 📝 PAPER TRADE: SELL 2 ADANIENT | Value: ₹3.9K | Regime: Bear | Signal: -0.441
2026-03-19 14:15:27 | 📝 PAPER TRADE: SELL 26 WIPRO | Value: ₹4.9K | Regime: Bear | Signal: -0.460
2026-03-19 14:15:31 | 📝 PAPER TRADE: SELL 2 ASIANPAINT | Value: ₹4.4K | Regime: Bear | Signal: -0.413
2026-03-19 14:15:38 | 📝 PAPER TRADE: SELL 4 CIPLA | Value: ₹5.0K | Regime: Bear | Signal: -0.456
2026-03-19 14:15:40 | 📝 PAPER TRADE: SELL 17 BPCL | Value: ₹4.9K | Regime: Bear | Signal: -0.619
2026-03-19 14:15:46 | 📝 PAPER TRADE: SELL 1 TRENT | Value: ₹3.5K | Regime: Bear | Signal: -0.499
2026-03-19 14:15:50 | 📝 PAPER TRADE: SELL 2 BAJAJFINSV | Value: ₹3.4K | Regime: Bear | Signal: -0.511
2026-03-19 14:15:51 | 📝 PAPER TRADE: SELL 4 TATACONSUM | Value: ₹4.2K | Regime: Bear | Signal: -0.433
2026-03-19 14:20:59 | 📝 PAPER TRADE: SELL 2 TCS | Value: ₹4.7K | Regime: Bear | Signal: -0.406
2026-03-19 14:21:00 | 📝 PAPER TRADE: SELL 6 HDFCBANK | Value: ₹4.8K | Regime: Bear | Signal: -0.489
2026-03-19 14:21:01 | 📝 PAPER TRADE: SELL 4 INFY | Value: ₹4.9K | Regime: Bear | Signal: -0.471
2026-03-19 14:21:05 | 📝 PAPER TRADE: SELL 16 ITC | Value: ₹4.8K | Regime: Bear | Signal: -0.548
2026-03-19 14:21:08 | 📝 PAPER TRADE: SELL 5 BAJFINANCE | Value: ₹4.2K | Regime: Bear | Signal: -0.490
2026-03-19 14:21:09 | 📝 PAPER TRADE: SELL 2 HINDUNILVR | Value: ₹4.2K | Regime: Bear | Signal: -0.450
2026-03-19 14:21:11 | 📝 PAPER TRADE: SELL 13 KOTAKBANK | Value: ₹4.8K | Regime: Bear | Signal: -0.414
2026-03-19 14:21:12 | 📝 PAPER TRADE: SELL 2 ADANIENT | Value: ₹3.9K | Regime: Bear | Signal: -0.441
2026-03-19 14:21:16 | 📝 PAPER TRADE: SELL 26 WIPRO | Value: ₹4.9K | Regime: Bear | Signal: -0.460
2026-03-19 14:21:20 | 📝 PAPER TRADE: SELL 2 ASIANPAINT | Value: ₹4.4K | Regime: Bear | Signal: -0.413
2026-03-19 14:21:27 | 📝 PAPER TRADE: SELL 4 CIPLA | Value: ₹5.0K | Regime: Bear | Signal: -0.455
2026-03-19 14:21:30 | 📝 PAPER TRADE: SELL 17 BPCL | Value: ₹4.9K | Regime: Bear | Signal: -0.618
2026-03-19 14:21:36 | 📝 PAPER TRADE: SELL 1 TRENT | Value: ₹3.5K | Regime: Bear | Signal: -0.535
2026-03-19 14:21:39 | 📝 PAPER TRADE: SELL 2 BAJAJFINSV | Value: ₹3.4K | Regime: Bear | Signal: -0.526
2026-03-19 14:21:40 | 📝 PAPER TRADE: SELL 4 TATACONSUM | Value: ₹4.2K | Regime: Bear | Signal: -0.432
2026-03-19 14:26:47 | 📝 PAPER TRADE: SELL 2 TCS | Value: ₹4.7K | Regime: Bear | Signal: -0.406
2026-03-19 14:26:48 | 📝 PAPER TRADE: SELL 6 HDFCBANK | Value: ₹4.8K | Regime: Bear | Signal: -0.489
2026-03-19 14:26:49 | 📝 PAPER TRADE: SELL 4 INFY | Value: ₹4.9K | Regime: Bear | Signal: -0.442
2026-03-19 14:26:51 | 📝 PAPER TRADE: SELL 16 ITC | Value: ₹4.8K | Regime: Bear | Signal: -0.549
2026-03-19 14:26:54 | 📝 PAPER TRADE: SELL 5 BAJFINANCE | Value: ₹4.2K | Regime: Bear | Signal: -0.490
2026-03-19 14:26:55 | 📝 PAPER TRADE: SELL 2 HINDUNILVR | Value: ₹4.2K | Regime: Bear | Signal: -0.451
2026-03-19 14:26:57 | 📝 PAPER TRADE: SELL 13 KOTAKBANK | Value: ₹4.8K | Regime: Bear | Signal: -0.413
2026-03-19 14:26:58 | 📝 PAPER TRADE: SELL 2 ADANIENT | Value: ₹3.9K | Regime: Bear | Signal: -0.441
2026-03-19 14:27:02 | 📝 PAPER TRADE: SELL 26 WIPRO | Value: ₹4.9K | Regime: Bear | Signal: -0.460
2026-03-19 14:27:06 | 📝 PAPER TRADE: SELL 2 ASIANPAINT | Value: ₹4.4K | Regime: Bear | Signal: -0.413
2026-03-19 14:27:11 | 📝 PAPER TRADE: SELL 3 TECHM | Value: ₹4.0K | Regime: Bear | Signal: -0.461
2026-03-19 14:27:14 | 📝 PAPER TRADE: SELL 4 CIPLA | Value: ₹5.0K | Regime: Bear | Signal: -0.456
2026-03-19 14:27:16 | 📝 PAPER TRADE: SELL 17 BPCL | Value: ₹4.9K | Regime: Bear | Signal: -0.618
2026-03-19 14:27:22 | 📝 PAPER TRADE: SELL 1 TRENT | Value: ₹3.5K | Regime: Bear | Signal: -0.499
2026-03-19 14:27:25 | 📝 PAPER TRADE: SELL 2 BAJAJFINSV | Value: ₹3.4K | Regime: Bear | Signal: -0.526
2026-03-19 14:27:26 | 📝 PAPER TRADE: SELL 4 TATACONSUM | Value: ₹4.2K | Regime: Bear | Signal: -0.433
2026-03-19 14:32:35 | 📝 PAPER TRADE: SELL 2 TCS | Value: ₹4.7K | Regime: Bear | Signal: -0.406
2026-03-19 14:32:36 | 📝 PAPER TRADE: SELL 6 HDFCBANK | Value: ₹4.8K | Regime: Bear | Signal: -0.489
2026-03-19 14:32:37 | 📝 PAPER TRADE: SELL 4 INFY | Value: ₹4.9K | Regime: Bear | Signal: -0.471
2026-03-19 14:32:40 | 📝 PAPER TRADE: SELL 16 ITC | Value: ₹4.8K | Regime: Bear | Signal: -0.549
2026-03-19 14:32:44 | 📝 PAPER TRADE: SELL 6 BAJFINANCE | Value: ₹5.0K | Regime: Bear | Signal: -0.491
2026-03-19 14:32:45 | 📝 PAPER TRADE: SELL 2 HINDUNILVR | Value: ₹4.2K | Regime: Bear | Signal: -0.452
2026-03-19 14:32:46 | 📝 PAPER TRADE: SELL 13 KOTAKBANK | Value: ₹4.8K | Regime: Bear | Signal: -0.413
2026-03-19 14:32:47 | 📝 PAPER TRADE: SELL 2 ADANIENT | Value: ₹3.9K | Regime: Bear | Signal: -0.442
2026-03-19 14:32:50 | 📝 PAPER TRADE: SELL 26 WIPRO | Value: ₹4.9K | Regime: Bear | Signal: -0.460
2026-03-19 14:32:54 | 📝 PAPER TRADE: SELL 2 ASIANPAINT | Value: ₹4.4K | Regime: Bear | Signal: -0.413
2026-03-19 14:33:01 | 📝 PAPER TRADE: SELL 4 CIPLA | Value: ₹5.0K | Regime: Bear | Signal: -0.456
2026-03-19 14:33:04 | 📝 PAPER TRADE: SELL 17 BPCL | Value: ₹4.9K | Regime: Bear | Signal: -0.618
2026-03-19 14:33:10 | 📝 PAPER TRADE: SELL 1 TRENT | Value: ₹3.5K | Regime: Bear | Signal: -0.498
2026-03-19 14:33:13 | 📝 PAPER TRADE: SELL 2 BAJAJFINSV | Value: ₹3.4K | Regime: Bear | Signal: -0.525
2026-03-19 14:33:14 | 📝 PAPER TRADE: SELL 4 TATACONSUM | Value: ₹4.2K | Regime: Bear | Signal: -0.432
2026-03-19 14:38:22 | 📝 PAPER TRADE: SELL 2 TCS | Value: ₹4.7K | Regime: Bear | Signal: -0.406
2026-03-19 14:38:23 | 📝 PAPER TRADE: SELL 6 HDFCBANK | Value: ₹4.8K | Regime: Bear | Signal: -0.489
2026-03-19 14:38:23 | 📝 PAPER TRADE: SELL 4 INFY | Value: ₹4.9K | Regime: Bear | Signal: -0.470
2026-03-19 14:38:26 | 📝 PAPER TRADE: SELL 16 ITC | Value: ₹4.8K | Regime: Bear | Signal: -0.562
2026-03-19 14:38:29 | 📝 PAPER TRADE: SELL 5 BAJFINANCE | Value: ₹4.2K | Regime: Bear | Signal: -0.490
2026-03-19 14:38:30 | 📝 PAPER TRADE: SELL 2 HINDUNILVR | Value: ₹4.2K | Regime: Bear | Signal: -0.451
2026-03-19 14:38:32 | 📝 PAPER TRADE: SELL 13 KOTAKBANK | Value: ₹4.8K | Regime: Bear | Signal: -0.412
2026-03-19 14:38:33 | 📝 PAPER TRADE: SELL 2 ADANIENT | Value: ₹3.9K | Regime: Bear | Signal: -0.441
2026-03-19 14:38:37 | 📝 PAPER TRADE: SELL 26 WIPRO | Value: ₹4.9K | Regime: Bear | Signal: -0.459
2026-03-19 14:38:42 | 📝 PAPER TRADE: SELL 2 ASIANPAINT | Value: ₹4.4K | Regime: Bear | Signal: -0.413
2026-03-19 14:38:47 | 📝 PAPER TRADE: SELL 3 TECHM | Value: ₹4.0K | Regime: Bear | Signal: -0.461
2026-03-19 14:38:49 | 📝 PAPER TRADE: SELL 4 CIPLA | Value: ₹5.0K | Regime: Bear | Signal: -0.457
2026-03-19 14:38:52 | 📝 PAPER TRADE: SELL 17 BPCL | Value: ₹4.9K | Regime: Bear | Signal: -0.618
2026-03-19 14:38:58 | 📝 PAPER TRADE: SELL 1 TRENT | Value: ₹3.5K | Regime: Bear | Signal: -0.499
2026-03-19 14:39:02 | 📝 PAPER TRADE: SELL 2 BAJAJFINSV | Value: ₹3.4K | Regime: Bear | Signal: -0.511
2026-03-19 14:39:03 | 📝 PAPER TRADE: SELL 4 TATACONSUM | Value: ₹4.2K | Regime: Bear | Signal: -0.431
2026-03-19 14:44:11 | 📝 PAPER TRADE: SELL 2 TCS | Value: ₹4.7K | Regime: Bear | Signal: -0.406
2026-03-19 14:44:12 | 📝 PAPER TRADE: SELL 6 HDFCBANK | Value: ₹4.8K | Regime: Bear | Signal: -0.489
2026-03-19 14:44:13 | 📝 PAPER TRADE: SELL 4 INFY | Value: ₹4.9K | Regime: Bear | Signal: -0.471
2026-03-19 14:44:16 | 📝 PAPER TRADE: SELL 16 ITC | Value: ₹4.8K | Regime: Bear | Signal: -0.549
2026-03-19 14:44:19 | 📝 PAPER TRADE: SELL 3 HCLTECH | Value: ₹4.0K | Regime: Bear | Signal: -0.457
2026-03-19 14:44:20 | 📝 PAPER TRADE: SELL 6 BAJFINANCE | Value: ₹5.0K | Regime: Bear | Signal: -0.491
2026-03-19 14:44:22 | 📝 PAPER TRADE: SELL 2 HINDUNILVR | Value: ₹4.2K | Regime: Bear | Signal: -0.451
2026-03-19 14:44:23 | 📝 PAPER TRADE: SELL 13 KOTAKBANK | Value: ₹4.8K | Regime: Bear | Signal: -0.413
2026-03-19 14:44:24 | 📝 PAPER TRADE: SELL 2 ADANIENT | Value: ₹3.9K | Regime: Bear | Signal: -0.409
2026-03-19 14:44:29 | 📝 PAPER TRADE: SELL 26 WIPRO | Value: ₹4.9K | Regime: Bear | Signal: -0.460
2026-03-19 14:44:33 | 📝 PAPER TRADE: SELL 2 ASIANPAINT | Value: ₹4.4K | Regime: Bear | Signal: -0.413
2026-03-19 14:44:37 | 📝 PAPER TRADE: SELL 3 TECHM | Value: ₹4.0K | Regime: Bear | Signal: -0.462
2026-03-19 14:44:40 | 📝 PAPER TRADE: SELL 4 CIPLA | Value: ₹5.0K | Regime: Bear | Signal: -0.457
2026-03-19 14:44:43 | 📝 PAPER TRADE: SELL 17 BPCL | Value: ₹4.9K | Regime: Bear | Signal: -0.618
2026-03-19 14:44:49 | 📝 PAPER TRADE: SELL 1 TRENT | Value: ₹3.5K | Regime: Bear | Signal: -0.499
2026-03-19 14:44:52 | 📝 PAPER TRADE: SELL 2 BAJAJFINSV | Value: ₹3.4K | Regime: Bear | Signal: -0.526
2026-03-19 14:44:53 | 📝 PAPER TRADE: SELL 4 TATACONSUM | Value: ₹4.2K | Regime: Bear | Signal: -0.431
2026-03-19 14:50:03 | 📝 PAPER TRADE: SELL 2 TCS | Value: ₹4.7K | Regime: Bear | Signal: -0.407
2026-03-19 14:50:04 | 📝 PAPER TRADE: SELL 6 HDFCBANK | Value: ₹4.8K | Regime: Bear | Signal: -0.489
2026-03-19 14:50:05 | 📝 PAPER TRADE: SELL 4 INFY | Value: ₹4.9K | Regime: Bear | Signal: -0.442
2026-03-19 14:50:08 | 📝 PAPER TRADE: SELL 16 ITC | Value: ₹4.8K | Regime: Bear | Signal: -0.550
2026-03-19 14:50:10 | 📝 PAPER TRADE: SELL 3 HCLTECH | Value: ₹4.0K | Regime: Bear | Signal: -0.458
2026-03-19 14:50:11 | 📝 PAPER TRADE: SELL 6 BAJFINANCE | Value: ₹5.0K | Regime: Bear | Signal: -0.491
2026-03-19 14:50:12 | 📝 PAPER TRADE: SELL 2 HINDUNILVR | Value: ₹4.2K | Regime: Bear | Signal: -0.452
2026-03-19 14:50:13 | 📝 PAPER TRADE: SELL 13 KOTAKBANK | Value: ₹4.8K | Regime: Bear | Signal: -0.413
2026-03-19 14:50:14 | 📝 PAPER TRADE: SELL 2 ADANIENT | Value: ₹3.9K | Regime: Bear | Signal: -0.440
2026-03-19 14:50:17 | 📝 PAPER TRADE: SELL 26 WIPRO | Value: ₹4.9K | Regime: Bear | Signal: -0.460
2026-03-19 14:50:23 | 📝 PAPER TRADE: SELL 2 ASIANPAINT | Value: ₹4.4K | Regime: Bear | Signal: -0.413
2026-03-19 14:50:29 | 📝 PAPER TRADE: SELL 3 TECHM | Value: ₹4.0K | Regime: Bear | Signal: -0.463
2026-03-19 14:50:32 | 📝 PAPER TRADE: SELL 4 CIPLA | Value: ₹5.0K | Regime: Bear | Signal: -0.457
2026-03-19 14:50:34 | 📝 PAPER TRADE: SELL 17 BPCL | Value: ₹4.9K | Regime: Bear | Signal: -0.618
2026-03-19 14:50:39 | 📝 PAPER TRADE: SELL 1 TRENT | Value: ₹3.5K | Regime: Bear | Signal: -0.500
2026-03-19 14:50:42 | 📝 PAPER TRADE: SELL 2 BAJAJFINSV | Value: ₹3.4K | Regime: Bear | Signal: -0.526
2026-03-19 14:50:43 | 📝 PAPER TRADE: SELL 4 TATACONSUM | Value: ₹4.2K | Regime: Bear | Signal: -0.431
2026-03-19 14:55:53 | 📝 PAPER TRADE: SELL 2 TCS | Value: ₹4.7K | Regime: Bear | Signal: -0.407
2026-03-19 14:55:54 | 📝 PAPER TRADE: SELL 6 HDFCBANK | Value: ₹4.8K | Regime: Bear | Signal: -0.489
2026-03-19 14:55:55 | 📝 PAPER TRADE: SELL 4 INFY | Value: ₹4.9K | Regime: Bear | Signal: -0.442
2026-03-19 14:55:58 | 📝 PAPER TRADE: SELL 16 ITC | Value: ₹4.8K | Regime: Bear | Signal: -0.551
2026-03-19 14:56:01 | 📝 PAPER TRADE: SELL 3 HCLTECH | Value: ₹3.9K | Regime: Bear | Signal: -0.459
2026-03-19 14:56:03 | 📝 PAPER TRADE: SELL 6 BAJFINANCE | Value: ₹5.0K | Regime: Bear | Signal: -0.492
2026-03-19 14:56:04 | 📝 PAPER TRADE: SELL 2 HINDUNILVR | Value: ₹4.1K | Regime: Bear | Signal: -0.453
2026-03-19 14:56:05 | 📝 PAPER TRADE: SELL 13 KOTAKBANK | Value: ₹4.8K | Regime: Bear | Signal: -0.416
2026-03-19 14:56:06 | 📝 PAPER TRADE: SELL 2 ADANIENT | Value: ₹3.9K | Regime: Bear | Signal: -0.443
2026-03-19 14:56:09 | 📝 PAPER TRADE: SELL 26 WIPRO | Value: ₹4.9K | Regime: Bear | Signal: -0.495
2026-03-19 14:56:13 | 📝 PAPER TRADE: SELL 2 ASIANPAINT | Value: ₹4.4K | Regime: Bear | Signal: -0.414
2026-03-19 14:56:18 | 📝 PAPER TRADE: SELL 3 TECHM | Value: ₹4.0K | Regime: Bear | Signal: -0.464
2026-03-19 14:56:21 | 📝 PAPER TRADE: SELL 4 CIPLA | Value: ₹5.0K | Regime: Bear | Signal: -0.457
2026-03-19 14:56:24 | 📝 PAPER TRADE: SELL 17 BPCL | Value: ₹4.9K | Regime: Bear | Signal: -0.619
2026-03-19 14:56:31 | 📝 PAPER TRADE: SELL 1 TRENT | Value: ₹3.5K | Regime: Bear | Signal: -0.501
2026-03-19 14:56:34 | 📝 PAPER TRADE: SELL 2 BAJAJFINSV | Value: ₹3.4K | Regime: Bear | Signal: -0.511
2026-03-19 14:56:35 | 📝 PAPER TRADE: SELL 4 TATACONSUM | Value: ₹4.2K | Regime: Bear | Signal: -0.434
2026-03-19 15:01:43 | 📝 PAPER TRADE: SELL 2 TCS | Value: ₹4.7K | Regime: Bear | Signal: -0.539
2026-03-19 15:01:44 | 📝 PAPER TRADE: SELL 6 HDFCBANK | Value: ₹4.8K | Regime: Bear | Signal: -0.489
2026-03-19 15:01:45 | 📝 PAPER TRADE: SELL 4 INFY | Value: ₹4.9K | Regime: Bear | Signal: -0.443
2026-03-19 15:01:48 | 📝 PAPER TRADE: SELL 16 ITC | Value: ₹4.8K | Regime: Bear | Signal: -0.551
2026-03-19 15:01:50 | 📝 PAPER TRADE: SELL 3 HCLTECH | Value: ₹3.9K | Regime: Bear | Signal: -0.431
2026-03-19 15:01:51 | 📝 PAPER TRADE: SELL 6 BAJFINANCE | Value: ₹5.0K | Regime: Bear | Signal: -0.492
2026-03-19 15:01:52 | 📝 PAPER TRADE: SELL 2 HINDUNILVR | Value: ₹4.1K | Regime: Bear | Signal: -0.453
2026-03-19 15:01:54 | 📝 PAPER TRADE: SELL 13 KOTAKBANK | Value: ₹4.8K | Regime: Bear | Signal: -0.416
2026-03-19 15:01:54 | 📝 PAPER TRADE: SELL 2 ADANIENT | Value: ₹3.9K | Regime: Bear | Signal: -0.442
2026-03-19 15:01:58 | 📝 PAPER TRADE: SELL 26 WIPRO | Value: ₹4.9K | Regime: Bear | Signal: -0.495
2026-03-19 15:02:03 | 📝 PAPER TRADE: SELL 2 ASIANPAINT | Value: ₹4.4K | Regime: Bear | Signal: -0.414
2026-03-19 15:02:08 | 📝 PAPER TRADE: SELL 3 TECHM | Value: ₹4.0K | Regime: Bear | Signal: -0.465
2026-03-19 15:02:12 | 📝 PAPER TRADE: SELL 4 CIPLA | Value: ₹5.0K | Regime: Bear | Signal: -0.457
2026-03-19 15:02:14 | 📝 PAPER TRADE: SELL 17 BPCL | Value: ₹4.9K | Regime: Bear | Signal: -0.619
2026-03-19 15:02:19 | 📝 PAPER TRADE: SELL 1 TRENT | Value: ₹3.5K | Regime: Bear | Signal: -0.501
2026-03-19 15:02:23 | 📝 PAPER TRADE: SELL 2 BAJAJFINSV | Value: ₹3.4K | Regime: Bear | Signal: -0.511
2026-03-19 15:02:24 | 📝 PAPER TRADE: SELL 4 TATACONSUM | Value: ₹4.2K | Regime: Bear | Signal: -0.433
2026-03-19 15:07:34 | 📝 PAPER TRADE: SELL 2 TCS | Value: ₹4.7K | Regime: Bear | Signal: -0.538
2026-03-19 15:07:35 | 📝 PAPER TRADE: SELL 6 HDFCBANK | Value: ₹4.8K | Regime: Bear | Signal: -0.488
2026-03-19 15:07:35 | 📝 PAPER TRADE: SELL 4 INFY | Value: ₹4.9K | Regime: Bear | Signal: -0.443
2026-03-19 15:07:38 | 📝 PAPER TRADE: SELL 16 ITC | Value: ₹4.8K | Regime: Bear | Signal: -0.552
2026-03-19 15:07:40 | 📝 PAPER TRADE: SELL 3 HCLTECH | Value: ₹3.9K | Regime: Bear | Signal: -0.431
2026-03-19 15:07:41 | 📝 PAPER TRADE: SELL 6 BAJFINANCE | Value: ₹5.0K | Regime: Bear | Signal: -0.491
2026-03-19 15:07:43 | 📝 PAPER TRADE: SELL 2 HINDUNILVR | Value: ₹4.1K | Regime: Bear | Signal: -0.454
2026-03-19 15:07:45 | 📝 PAPER TRADE: SELL 13 KOTAKBANK | Value: ₹4.8K | Regime: Bear | Signal: -0.417
2026-03-19 15:07:46 | 📝 PAPER TRADE: SELL 2 ADANIENT | Value: ₹3.9K | Regime: Bear | Signal: -0.441
2026-03-19 15:07:49 | 📝 PAPER TRADE: SELL 26 WIPRO | Value: ₹4.9K | Regime: Bear | Signal: -0.460
2026-03-19 15:07:54 | 📝 PAPER TRADE: SELL 2 ASIANPAINT | Value: ₹4.4K | Regime: Bear | Signal: -0.415
2026-03-19 15:07:58 | 📝 PAPER TRADE: SELL 3 TECHM | Value: ₹4.0K | Regime: Bear | Signal: -0.465
2026-03-19 15:08:01 | 📝 PAPER TRADE: SELL 4 CIPLA | Value: ₹4.9K | Regime: Bear | Signal: -0.522
2026-03-19 15:08:03 | 📝 PAPER TRADE: SELL 17 BPCL | Value: ₹4.9K | Regime: Bear | Signal: -0.619
2026-03-19 15:08:09 | 📝 PAPER TRADE: SELL 1 TRENT | Value: ₹3.5K | Regime: Bear | Signal: -0.488
2026-03-19 15:08:13 | 📝 PAPER TRADE: SELL 2 BAJAJFINSV | Value: ₹3.4K | Regime: Bear | Signal: -0.511
2026-03-19 15:08:14 | 📝 PAPER TRADE: SELL 4 TATACONSUM | Value: ₹4.2K | Regime: Bear | Signal: -0.434
2026-03-19 15:13:24 | 📝 PAPER TRADE: SELL 2 TCS | Value: ₹4.7K | Regime: Bear | Signal: -0.441
2026-03-19 15:13:24 | 📝 PAPER TRADE: SELL 6 HDFCBANK | Value: ₹4.8K | Regime: Bear | Signal: -0.487
2026-03-19 15:13:25 | 📝 PAPER TRADE: SELL 4 INFY | Value: ₹4.9K | Regime: Bear | Signal: -0.442
2026-03-19 15:13:27 | 📝 PAPER TRADE: SELL 16 ITC | Value: ₹4.8K | Regime: Bear | Signal: -0.552
2026-03-19 15:13:29 | 📝 PAPER TRADE: SELL 3 HCLTECH | Value: ₹3.9K | Regime: Bear | Signal: -0.431
2026-03-19 15:13:30 | 📝 PAPER TRADE: SELL 6 BAJFINANCE | Value: ₹5.0K | Regime: Bear | Signal: -0.491
2026-03-19 15:13:31 | 📝 PAPER TRADE: SELL 2 HINDUNILVR | Value: ₹4.1K | Regime: Bear | Signal: -0.454
2026-03-19 15:13:33 | 📝 PAPER TRADE: SELL 13 KOTAKBANK | Value: ₹4.8K | Regime: Bear | Signal: -0.415
2026-03-19 15:13:34 | 📝 PAPER TRADE: SELL 2 ADANIENT | Value: ₹3.9K | Regime: Bear | Signal: -0.441
2026-03-19 15:13:38 | 📝 PAPER TRADE: SELL 26 WIPRO | Value: ₹4.9K | Regime: Bear | Signal: -0.460
2026-03-19 15:13:43 | 📝 PAPER TRADE: SELL 2 ASIANPAINT | Value: ₹4.4K | Regime: Bear | Signal: -0.415
2026-03-19 15:13:49 | 📝 PAPER TRADE: SELL 3 TECHM | Value: ₹4.0K | Regime: Bear | Signal: -0.465
2026-03-19 15:13:51 | 📝 PAPER TRADE: SELL 4 CIPLA | Value: ₹5.0K | Regime: Bear | Signal: -0.457
2026-03-19 15:13:53 | 📝 PAPER TRADE: SELL 17 BPCL | Value: ₹4.9K | Regime: Bear | Signal: -0.619
2026-03-19 15:13:59 | 📝 PAPER TRADE: SELL 1 TRENT | Value: ₹3.5K | Regime: Bear | Signal: -0.488
2026-03-19 15:14:03 | 📝 PAPER TRADE: SELL 2 BAJAJFINSV | Value: ₹3.4K | Regime: Bear | Signal: -0.511
2026-03-19 15:14:04 | 📝 PAPER TRADE: SELL 4 TATACONSUM | Value: ₹4.2K | Regime: Bear | Signal: -0.434
2026-03-19 15:19:14 | 📝 PAPER TRADE: SELL 2 TCS | Value: ₹4.7K | Regime: Bear | Signal: -0.441
2026-03-19 15:19:15 | 📝 PAPER TRADE: SELL 6 HDFCBANK | Value: ₹4.8K | Regime: Bear | Signal: -0.488
2026-03-19 15:19:16 | 📝 PAPER TRADE: SELL 4 INFY | Value: ₹4.9K | Regime: Bear | Signal: -0.443
2026-03-19 15:19:19 | 📝 PAPER TRADE: SELL 16 ITC | Value: ₹4.8K | Regime: Bear | Signal: -0.551
2026-03-19 15:19:21 | 📝 PAPER TRADE: SELL 3 HCLTECH | Value: ₹3.9K | Regime: Bear | Signal: -0.431
2026-03-19 15:19:22 | 📝 PAPER TRADE: SELL 5 BAJFINANCE | Value: ₹4.2K | Regime: Bear | Signal: -0.490
2026-03-19 15:19:22 | 📝 PAPER TRADE: SELL 2 HINDUNILVR | Value: ₹4.2K | Regime: Bear | Signal: -0.450
2026-03-19 15:19:24 | 📝 PAPER TRADE: SELL 13 KOTAKBANK | Value: ₹4.8K | Regime: Bear | Signal: -0.415
2026-03-19 15:19:25 | 📝 PAPER TRADE: SELL 2 ADANIENT | Value: ₹3.9K | Regime: Bear | Signal: -0.440
2026-03-19 15:19:29 | 📝 PAPER TRADE: SELL 26 WIPRO | Value: ₹4.9K | Regime: Bear | Signal: -0.460
2026-03-19 15:19:34 | 📝 PAPER TRADE: SELL 2 ASIANPAINT | Value: ₹4.4K | Regime: Bear | Signal: -0.414
2026-03-19 15:19:40 | 📝 PAPER TRADE: SELL 3 TECHM | Value: ₹4.0K | Regime: Bear | Signal: -0.464
2026-03-19 15:19:43 | 📝 PAPER TRADE: SELL 4 CIPLA | Value: ₹5.0K | Regime: Bear | Signal: -0.456
2026-03-19 15:19:45 | 📝 PAPER TRADE: SELL 17 BPCL | Value: ₹4.9K | Regime: Bear | Signal: -0.619
2026-03-19 15:19:50 | 📝 PAPER TRADE: SELL 1 TRENT | Value: ₹3.5K | Regime: Bear | Signal: -0.487
2026-03-19 15:19:54 | 📝 PAPER TRADE: SELL 2 BAJAJFINSV | Value: ₹3.4K | Regime: Bear | Signal: -0.511
2026-03-19 15:19:55 | 📝 PAPER TRADE: SELL 4 TATACONSUM | Value: ₹4.2K | Regime: Bear | Signal: -0.433
2026-03-19 15:25:05 | 📝 PAPER TRADE: SELL 2 TCS | Value: ₹4.7K | Regime: Bear | Signal: -0.407
2026-03-19 15:25:05 | 📝 PAPER TRADE: SELL 6 HDFCBANK | Value: ₹4.8K | Regime: Bear | Signal: -0.488
2026-03-19 15:25:06 | 📝 PAPER TRADE: SELL 4 INFY | Value: ₹4.9K | Regime: Bear | Signal: -0.442
2026-03-19 15:25:08 | 📝 PAPER TRADE: SELL 16 ITC | Value: ₹4.8K | Regime: Bear | Signal: -0.550
2026-03-19 15:25:11 | 📝 PAPER TRADE: SELL 3 HCLTECH | Value: ₹3.9K | Regime: Bear | Signal: -0.459
2026-03-19 15:25:12 | 📝 PAPER TRADE: SELL 6 BAJFINANCE | Value: ₹5.0K | Regime: Bear | Signal: -0.490
2026-03-19 15:25:13 | 📝 PAPER TRADE: SELL 2 HINDUNILVR | Value: ₹4.2K | Regime: Bear | Signal: -0.449
2026-03-19 15:25:15 | 📝 PAPER TRADE: SELL 13 KOTAKBANK | Value: ₹4.8K | Regime: Bear | Signal: -0.413
2026-03-19 15:25:16 | 📝 PAPER TRADE: SELL 2 ADANIENT | Value: ₹3.9K | Regime: Bear | Signal: -0.440
2026-03-19 15:25:20 | 📝 PAPER TRADE: SELL 26 WIPRO | Value: ₹4.9K | Regime: Bear | Signal: -0.460
2026-03-19 15:25:24 | 📝 PAPER TRADE: SELL 2 ASIANPAINT | Value: ₹4.4K | Regime: Bear | Signal: -0.414
2026-03-19 15:25:28 | 📝 PAPER TRADE: SELL 3 TECHM | Value: ₹4.0K | Regime: Bear | Signal: -0.461
2026-03-19 15:25:31 | 📝 PAPER TRADE: SELL 4 CIPLA | Value: ₹5.0K | Regime: Bear | Signal: -0.454
2026-03-19 15:25:33 | 📝 PAPER TRADE: SELL 17 BPCL | Value: ₹4.9K | Regime: Bear | Signal: -0.617
2026-03-19 15:25:39 | 📝 PAPER TRADE: SELL 1 TRENT | Value: ₹3.5K | Regime: Bear | Signal: -0.488
2026-03-19 15:25:42 | 📝 PAPER TRADE: SELL 2 BAJAJFINSV | Value: ₹3.4K | Regime: Bear | Signal: -0.525
2026-03-19 15:25:43 | 📝 PAPER TRADE: SELL 4 TATACONSUM | Value: ₹4.2K | Regime: Bear | Signal: -0.431
