2026-03-17 09:17:17 | 📝 PAPER TRADE: SELL 2 TCS | Value: ₹4.8K | Regime: Bear | Signal: -0.522
2026-03-17 09:17:18 | 📝 PAPER TRADE: SELL 4 INFY | Value: ₹4.9K | Regime: Bear | Signal: -0.476
2026-03-17 09:17:20 | 📝 PAPER TRADE: SELL 2 BHARTIARTL | Value: ₹3.6K | Regime: Bear | Signal: -0.430
2026-03-17 09:17:24 | 📝 PAPER TRADE: SELL 3 HCLTECH | Value: ₹3.9K | Regime: Bear | Signal: -0.465
2026-03-17 09:17:32 | 📝 PAPER TRADE: SELL 25 WIPRO | Value: ₹4.8K | Regime: Bear | Signal: -0.494
2026-03-17 09:17:42 | 📝 PAPER TRADE: SELL 3 TECHM | Value: ₹4.0K | Regime: Bear | Signal: -0.426
2026-03-17 09:17:47 | 📝 PAPER TRADE: SELL 16 BPCL | Value: ₹4.8K | Regime: Bear | Signal: -0.425
2026-03-17 09:17:56 | 📝 PAPER TRADE: SELL 2 BAJAJFINSV | Value: ₹3.5K | Regime: Bear | Signal: -0.411
2026-03-17 09:23:06 | 📝 PAPER TRADE: SELL 2 TCS | Value: ₹4.8K | Regime: Bear | Signal: -0.530
2026-03-17 09:23:07 | 📝 PAPER TRADE: SELL 4 INFY | Value: ₹4.9K | Regime: Bear | Signal: -0.452
2026-03-17 09:23:12 | 📝 PAPER TRADE: SELL 3 HCLTECH | Value: ₹3.9K | Regime: Bear | Signal: -0.467
2026-03-17 09:23:19 | 📝 PAPER TRADE: SELL 26 WIPRO | Value: ₹5.0K | Regime: Bear | Signal: -0.498
2026-03-17 09:23:27 | 📝 PAPER TRADE: SELL 3 TECHM | Value: ₹4.0K | Regime: Bear | Signal: -0.529
2026-03-17 09:23:32 | 📝 PAPER TRADE: SELL 16 BPCL | Value: ₹4.8K | Regime: Bear | Signal: -0.428
2026-03-17 09:23:41 | 📝 PAPER TRADE: SELL 2 BAJAJFINSV | Value: ₹3.5K | Regime: Bear | Signal: -0.416
2026-03-17 09:28:50 | 📝 PAPER TRADE: SELL 2 TCS | Value: ₹4.7K | Regime: Bear | Signal: -0.593
2026-03-17 09:28:51 | 📝 PAPER TRADE: SELL 4 INFY | Value: ₹4.9K | Regime: Bear | Signal: -0.488
2026-03-17 09:28:56 | 📝 PAPER TRADE: SELL 3 HCLTECH | Value: ₹3.9K | Regime: Bear | Signal: -0.468
2026-03-17 09:29:03 | 📝 PAPER TRADE: SELL 26 WIPRO | Value: ₹4.9K | Regime: Bear | Signal: -0.500
2026-03-17 09:29:11 | 📝 PAPER TRADE: SELL 3 TECHM | Value: ₹4.0K | Regime: Bear | Signal: -0.532
2026-03-17 09:29:15 | 📝 PAPER TRADE: SELL 16 BPCL | Value: ₹4.8K | Regime: Bear | Signal: -0.463
2026-03-17 09:29:25 | 📝 PAPER TRADE: SELL 2 BAJAJFINSV | Value: ₹3.5K | Regime: Bear | Signal: -0.418
2026-03-17 09:34:33 | 📝 PAPER TRADE: SELL 2 TCS | Value: ₹4.7K | Regime: Bear | Signal: -0.630
2026-03-17 09:34:35 | 📝 PAPER TRADE: SELL 4 INFY | Value: ₹4.9K | Regime: Bear | Signal: -0.489
2026-03-17 09:34:39 | 📝 PAPER TRADE: SELL 3 HCLTECH | Value: ₹3.9K | Regime: Bear | Signal: -0.494
2026-03-17 09:34:46 | 📝 PAPER TRADE: SELL 26 WIPRO | Value: ₹4.9K | Regime: Bear | Signal: -0.501
2026-03-17 09:34:55 | 📝 PAPER TRADE: SELL 3 TECHM | Value: ₹4.0K | Regime: Bear | Signal: -0.535
2026-03-17 09:34:59 | 📝 PAPER TRADE: SELL 16 BPCL | Value: ₹4.8K | Regime: Bear | Signal: -0.428
2026-03-17 09:35:08 | 📝 PAPER TRADE: SELL 2 BAJAJFINSV | Value: ₹3.5K | Regime: Bear | Signal: -0.418
2026-03-17 09:40:18 | 📝 PAPER TRADE: SELL 2 TCS | Value: ₹4.7K | Regime: Bear | Signal: -0.631
2026-03-17 09:40:21 | 📝 PAPER TRADE: SELL 4 INFY | Value: ₹4.9K | Regime: Bear | Signal: -0.489
2026-03-17 09:40:26 | 📝 PAPER TRADE: SELL 3 HCLTECH | Value: ₹3.9K | Regime: Bear | Signal: -0.493
2026-03-17 09:40:33 | 📝 PAPER TRADE: SELL 26 WIPRO | Value: ₹4.9K | Regime: Bear | Signal: -0.499
2026-03-17 09:40:42 | 📝 PAPER TRADE: SELL 3 TECHM | Value: ₹4.0K | Regime: Bear | Signal: -0.533
2026-03-17 09:40:48 | 📝 PAPER TRADE: SELL 16 BPCL | Value: ₹4.8K | Regime: Bear | Signal: -0.428
2026-03-17 09:40:56 | 📝 PAPER TRADE: SELL 2 BAJAJFINSV | Value: ₹3.5K | Regime: Bear | Signal: -0.414
2026-03-17 09:46:05 | 📝 PAPER TRADE: SELL 2 TCS | Value: ₹4.7K | Regime: Bear | Signal: -0.630
2026-03-17 09:46:07 | 📝 PAPER TRADE: SELL 4 INFY | Value: ₹4.9K | Regime: Bear | Signal: -0.488
2026-03-17 09:46:12 | 📝 PAPER TRADE: SELL 3 HCLTECH | Value: ₹3.9K | Regime: Bear | Signal: -0.470
2026-03-17 09:46:19 | 📝 PAPER TRADE: SELL 26 WIPRO | Value: ₹4.9K | Regime: Bear | Signal: -0.499
2026-03-17 09:46:29 | 📝 PAPER TRADE: SELL 3 TECHM | Value: ₹4.0K | Regime: Bear | Signal: -0.534
2026-03-17 09:46:34 | 📝 PAPER TRADE: SELL 16 BPCL | Value: ₹4.8K | Regime: Bear | Signal: -0.461
2026-03-17 09:46:43 | 📝 PAPER TRADE: SELL 2 BAJAJFINSV | Value: ₹3.5K | Regime: Bear | Signal: -0.418
2026-03-17 09:51:52 | 📝 PAPER TRADE: SELL 2 TCS | Value: ₹4.7K | Regime: Bear | Signal: -0.594
2026-03-17 09:51:53 | 📝 PAPER TRADE: SELL 4 INFY | Value: ₹4.9K | Regime: Bear | Signal: -0.450
2026-03-17 09:51:59 | 📝 PAPER TRADE: SELL 3 HCLTECH | Value: ₹3.9K | Regime: Bear | Signal: -0.469
2026-03-17 09:52:05 | 📝 PAPER TRADE: SELL 26 WIPRO | Value: ₹5.0K | Regime: Bear | Signal: -0.496
2026-03-17 09:52:14 | 📝 PAPER TRADE: SELL 3 TECHM | Value: ₹4.0K | Regime: Bear | Signal: -0.531
2026-03-17 09:52:19 | 📝 PAPER TRADE: SELL 16 BPCL | Value: ₹4.8K | Regime: Bear | Signal: -0.462
2026-03-17 09:52:27 | 📝 PAPER TRADE: SELL 2 BAJAJFINSV | Value: ₹3.5K | Regime: Bear | Signal: -0.415
2026-03-17 09:57:36 | 📝 PAPER TRADE: SELL 2 TCS | Value: ₹4.7K | Regime: Bear | Signal: -0.595
2026-03-17 09:57:38 | 📝 PAPER TRADE: SELL 4 INFY | Value: ₹4.9K | Regime: Bear | Signal: -0.479
2026-03-17 09:57:43 | 📝 PAPER TRADE: SELL 3 HCLTECH | Value: ₹3.9K | Regime: Bear | Signal: -0.469
2026-03-17 09:57:50 | 📝 PAPER TRADE: SELL 26 WIPRO | Value: ₹5.0K | Regime: Bear | Signal: -0.497
2026-03-17 09:57:57 | 📝 PAPER TRADE: SELL 3 TECHM | Value: ₹4.0K | Regime: Bear | Signal: -0.531
2026-03-17 09:58:00 | 📝 PAPER TRADE: SELL 3 CIPLA | Value: ₹3.9K | Regime: Bear | Signal: -0.402
2026-03-17 09:58:02 | 📝 PAPER TRADE: SELL 16 BPCL | Value: ₹4.8K | Regime: Bear | Signal: -0.463
2026-03-17 09:58:12 | 📝 PAPER TRADE: SELL 2 BAJAJFINSV | Value: ₹3.5K | Regime: Bear | Signal: -0.417
2026-03-17 10:03:19 | 📝 PAPER TRADE: SELL 2 TCS | Value: ₹4.8K | Regime: Bear | Signal: -0.592
2026-03-17 10:03:21 | 📝 PAPER TRADE: SELL 4 INFY | Value: ₹4.9K | Regime: Bear | Signal: -0.478
2026-03-17 10:03:26 | 📝 PAPER TRADE: SELL 3 HCLTECH | Value: ₹3.9K | Regime: Bear | Signal: -0.467
2026-03-17 10:03:29 | 📝 PAPER TRADE: SELL 13 KOTAKBANK | Value: ₹4.8K | Regime: Bear | Signal: -0.404
2026-03-17 10:03:33 | 📝 PAPER TRADE: SELL 26 WIPRO | Value: ₹5.0K | Regime: Bear | Signal: -0.496
2026-03-17 10:03:40 | 📝 PAPER TRADE: SELL 3 TECHM | Value: ₹4.0K | Regime: Bear | Signal: -0.527
2026-03-17 10:03:45 | 📝 PAPER TRADE: SELL 16 BPCL | Value: ₹4.8K | Regime: Bear | Signal: -0.427
2026-03-17 10:03:54 | 📝 PAPER TRADE: SELL 2 BAJAJFINSV | Value: ₹3.5K | Regime: Bear | Signal: -0.414
2026-03-17 10:09:02 | 📝 PAPER TRADE: SELL 2 TCS | Value: ₹4.8K | Regime: Bear | Signal: -0.592
2026-03-17 10:09:03 | 📝 PAPER TRADE: SELL 4 INFY | Value: ₹4.9K | Regime: Bear | Signal: -0.451
2026-03-17 10:09:09 | 📝 PAPER TRADE: SELL 3 HCLTECH | Value: ₹3.9K | Regime: Bear | Signal: -0.467
2026-03-17 10:09:12 | 📝 PAPER TRADE: SELL 13 KOTAKBANK | Value: ₹4.8K | Regime: Bear | Signal: -0.400
2026-03-17 10:09:17 | 📝 PAPER TRADE: SELL 26 WIPRO | Value: ₹5.0K | Regime: Bear | Signal: -0.497
2026-03-17 10:09:25 | 📝 PAPER TRADE: SELL 3 TECHM | Value: ₹4.0K | Regime: Bear | Signal: -0.526
2026-03-17 10:09:27 | 📝 PAPER TRADE: SELL 3 CIPLA | Value: ₹3.9K | Regime: Bear | Signal: -0.401
2026-03-17 10:09:29 | 📝 PAPER TRADE: SELL 16 BPCL | Value: ₹4.8K | Regime: Bear | Signal: -0.429
2026-03-17 10:09:39 | 📝 PAPER TRADE: SELL 2 BAJAJFINSV | Value: ₹3.5K | Regime: Bear | Signal: -0.413
2026-03-17 10:14:48 | 📝 PAPER TRADE: SELL 2 TCS | Value: ₹4.8K | Regime: Bear | Signal: -0.592
2026-03-17 10:14:50 | 📝 PAPER TRADE: SELL 4 INFY | Value: ₹4.9K | Regime: Bear | Signal: -0.478
2026-03-17 10:14:54 | 📝 PAPER TRADE: SELL 3 HCLTECH | Value: ₹3.9K | Regime: Bear | Signal: -0.464
2026-03-17 10:15:00 | 📝 PAPER TRADE: SELL 26 WIPRO | Value: ₹5.0K | Regime: Bear | Signal: -0.497
2026-03-17 10:15:11 | 📝 PAPER TRADE: SELL 3 TECHM | Value: ₹4.0K | Regime: Bear | Signal: -0.424
2026-03-17 10:15:17 | 📝 PAPER TRADE: SELL 16 BPCL | Value: ₹4.8K | Regime: Bear | Signal: -0.426
2026-03-17 10:15:25 | 📝 PAPER TRADE: SELL 2 BAJAJFINSV | Value: ₹3.5K | Regime: Bear | Signal: -0.410
2026-03-17 10:20:35 | 📝 PAPER TRADE: SELL 2 TCS | Value: ₹4.8K | Regime: Bear | Signal: -0.590
2026-03-17 10:20:36 | 📝 PAPER TRADE: SELL 4 INFY | Value: ₹4.9K | Regime: Bear | Signal: -0.477
2026-03-17 10:20:41 | 📝 PAPER TRADE: SELL 3 HCLTECH | Value: ₹3.9K | Regime: Bear | Signal: -0.465
2026-03-17 10:20:47 | 📝 PAPER TRADE: SELL 26 WIPRO | Value: ₹5.0K | Regime: Bear | Signal: -0.498
2026-03-17 10:20:57 | 📝 PAPER TRADE: SELL 3 TECHM | Value: ₹4.0K | Regime: Bear | Signal: -0.525
2026-03-17 10:21:03 | 📝 PAPER TRADE: SELL 16 BPCL | Value: ₹4.8K | Regime: Bear | Signal: -0.423
2026-03-17 10:26:20 | 📝 PAPER TRADE: SELL 2 TCS | Value: ₹4.8K | Regime: Bear | Signal: -0.590
2026-03-17 10:26:21 | 📝 PAPER TRADE: SELL 4 INFY | Value: ₹4.9K | Regime: Bear | Signal: -0.476
2026-03-17 10:26:26 | 📝 PAPER TRADE: SELL 3 HCLTECH | Value: ₹4.0K | Regime: Bear | Signal: -0.464
2026-03-17 10:26:33 | 📝 PAPER TRADE: SELL 26 WIPRO | Value: ₹5.0K | Regime: Bear | Signal: -0.498
2026-03-17 10:26:41 | 📝 PAPER TRADE: SELL 3 TECHM | Value: ₹4.0K | Regime: Bear | Signal: -0.527
2026-03-17 10:26:45 | 📝 PAPER TRADE: SELL 16 BPCL | Value: ₹4.8K | Regime: Bear | Signal: -0.426
2026-03-17 10:32:03 | 📝 PAPER TRADE: SELL 2 TCS | Value: ₹4.8K | Regime: Bear | Signal: -0.592
2026-03-17 10:32:04 | 📝 PAPER TRADE: SELL 4 INFY | Value: ₹4.9K | Regime: Bear | Signal: -0.477
2026-03-17 10:32:09 | 📝 PAPER TRADE: SELL 3 HCLTECH | Value: ₹4.0K | Regime: Bear | Signal: -0.464
2026-03-17 10:32:18 | 📝 PAPER TRADE: SELL 26 WIPRO | Value: ₹4.9K | Regime: Bear | Signal: -0.499
2026-03-17 10:32:27 | 📝 PAPER TRADE: SELL 3 TECHM | Value: ₹4.0K | Regime: Bear | Signal: -0.428
2026-03-17 10:32:29 | 📝 PAPER TRADE: SELL 3 CIPLA | Value: ₹3.9K | Regime: Bear | Signal: -0.400
2026-03-17 10:32:31 | 📝 PAPER TRADE: SELL 16 BPCL | Value: ₹4.8K | Regime: Bear | Signal: -0.428
2026-03-17 10:32:36 | 📝 PAPER TRADE: SELL 1 TRENT | Value: ₹3.6K | Regime: Bear | Signal: -0.432
2026-03-17 10:32:40 | 📝 PAPER TRADE: SELL 2 BAJAJFINSV | Value: ₹3.5K | Regime: Bear | Signal: -0.413
2026-03-17 10:37:50 | 📝 PAPER TRADE: SELL 2 TCS | Value: ₹4.7K | Regime: Bear | Signal: -0.594
2026-03-17 10:37:52 | 📝 PAPER TRADE: SELL 4 INFY | Value: ₹4.9K | Regime: Bear | Signal: -0.478
2026-03-17 10:37:56 | 📝 PAPER TRADE: SELL 3 HCLTECH | Value: ₹3.9K | Regime: Bear | Signal: -0.465
2026-03-17 10:37:59 | 📝 PAPER TRADE: SELL 13 KOTAKBANK | Value: ₹4.8K | Regime: Bear | Signal: -0.403
2026-03-17 10:38:02 | 📝 PAPER TRADE: SELL 26 WIPRO | Value: ₹4.9K | Regime: Bear | Signal: -0.499
2026-03-17 10:38:11 | 📝 PAPER TRADE: SELL 3 TECHM | Value: ₹4.0K | Regime: Bear | Signal: -0.526
2026-03-17 10:38:13 | 📝 PAPER TRADE: SELL 3 CIPLA | Value: ₹3.9K | Regime: Bear | Signal: -0.440
2026-03-17 10:38:16 | 📝 PAPER TRADE: SELL 16 BPCL | Value: ₹4.8K | Regime: Bear | Signal: -0.461
2026-03-17 10:38:21 | 📝 PAPER TRADE: SELL 1 TRENT | Value: ₹3.6K | Regime: Bear | Signal: -0.434
2026-03-17 10:38:23 | 📝 PAPER TRADE: SELL 2 BAJAJFINSV | Value: ₹3.5K | Regime: Bear | Signal: -0.419
2026-03-17 10:43:32 | 📝 PAPER TRADE: SELL 2 TCS | Value: ₹4.8K | Regime: Bear | Signal: -0.592
2026-03-17 10:43:33 | 📝 PAPER TRADE: SELL 4 INFY | Value: ₹4.9K | Regime: Bear | Signal: -0.474
2026-03-17 10:43:37 | 📝 PAPER TRADE: SELL 3 HCLTECH | Value: ₹4.0K | Regime: Bear | Signal: -0.462
2026-03-17 10:43:45 | 📝 PAPER TRADE: SELL 26 WIPRO | Value: ₹4.9K | Regime: Bear | Signal: -0.499
2026-03-17 10:43:54 | 📝 PAPER TRADE: SELL 3 TECHM | Value: ₹4.0K | Regime: Bear | Signal: -0.427
2026-03-17 10:43:56 | 📝 PAPER TRADE: SELL 3 CIPLA | Value: ₹3.9K | Regime: Bear | Signal: -0.403
2026-03-17 10:43:58 | 📝 PAPER TRADE: SELL 16 BPCL | Value: ₹4.8K | Regime: Bear | Signal: -0.428
2026-03-17 10:44:04 | 📝 PAPER TRADE: SELL 1 TRENT | Value: ₹3.6K | Regime: Bear | Signal: -0.432
2026-03-17 10:44:07 | 📝 PAPER TRADE: SELL 2 BAJAJFINSV | Value: ₹3.5K | Regime: Bear | Signal: -0.417
2026-03-17 10:49:16 | 📝 PAPER TRADE: SELL 2 TCS | Value: ₹4.8K | Regime: Bear | Signal: -0.590
2026-03-17 10:49:18 | 📝 PAPER TRADE: SELL 4 INFY | Value: ₹5.0K | Regime: Bear | Signal: -0.470
2026-03-17 10:49:22 | 📝 PAPER TRADE: SELL 3 HCLTECH | Value: ₹4.0K | Regime: Bear | Signal: -0.401
2026-03-17 10:49:30 | 📝 PAPER TRADE: SELL 26 WIPRO | Value: ₹5.0K | Regime: Bear | Signal: -0.498
2026-03-17 10:49:40 | 📝 PAPER TRADE: SELL 3 CIPLA | Value: ₹3.9K | Regime: Bear | Signal: -0.440
2026-03-17 10:49:42 | 📝 PAPER TRADE: SELL 16 BPCL | Value: ₹4.8K | Regime: Bear | Signal: -0.461
2026-03-17 10:49:50 | 📝 PAPER TRADE: SELL 2 BAJAJFINSV | Value: ₹3.5K | Regime: Bear | Signal: -0.415
2026-03-17 10:54:59 | 📝 PAPER TRADE: SELL 2 TCS | Value: ₹4.8K | Regime: Bear | Signal: -0.528
2026-03-17 10:55:01 | 📝 PAPER TRADE: SELL 4 INFY | Value: ₹5.0K | Regime: Bear | Signal: -0.470
2026-03-17 10:55:06 | 📝 PAPER TRADE: SELL 3 HCLTECH | Value: ₹4.0K | Regime: Bear | Signal: -0.402
2026-03-17 10:55:14 | 📝 PAPER TRADE: SELL 26 WIPRO | Value: ₹5.0K | Regime: Bear | Signal: -0.498
2026-03-17 10:55:23 | 📝 PAPER TRADE: SELL 3 CIPLA | Value: ₹3.9K | Regime: Bear | Signal: -0.404
2026-03-17 10:55:26 | 📝 PAPER TRADE: SELL 16 BPCL | Value: ₹4.8K | Regime: Bear | Signal: -0.425
2026-03-17 10:55:35 | 📝 PAPER TRADE: SELL 2 BAJAJFINSV | Value: ₹3.5K | Regime: Bear | Signal: -0.413
2026-03-17 11:00:44 | 📝 PAPER TRADE: SELL 2 TCS | Value: ₹4.8K | Regime: Bear | Signal: -0.527
2026-03-17 11:00:45 | 📝 PAPER TRADE: SELL 4 INFY | Value: ₹5.0K | Regime: Bear | Signal: -0.472
2026-03-17 11:00:49 | 📝 PAPER TRADE: SELL 3 HCLTECH | Value: ₹4.0K | Regime: Bear | Signal: -0.402
2026-03-17 11:00:58 | 📝 PAPER TRADE: SELL 26 WIPRO | Value: ₹5.0K | Regime: Bear | Signal: -0.498
2026-03-17 11:01:08 | 📝 PAPER TRADE: SELL 3 CIPLA | Value: ₹3.9K | Regime: Bear | Signal: -0.404
2026-03-17 11:01:10 | 📝 PAPER TRADE: SELL 16 BPCL | Value: ₹4.8K | Regime: Bear | Signal: -0.423
2026-03-17 11:01:19 | 📝 PAPER TRADE: SELL 2 BAJAJFINSV | Value: ₹3.5K | Regime: Bear | Signal: -0.413
2026-03-17 11:06:27 | 📝 PAPER TRADE: SELL 2 TCS | Value: ₹4.8K | Regime: Bear | Signal: -0.526
2026-03-17 11:06:29 | 📝 PAPER TRADE: SELL 4 INFY | Value: ₹5.0K | Regime: Bear | Signal: -0.471
2026-03-17 11:06:33 | 📝 PAPER TRADE: SELL 3 HCLTECH | Value: ₹4.0K | Regime: Bear | Signal: -0.401
2026-03-17 11:06:40 | 📝 PAPER TRADE: SELL 26 WIPRO | Value: ₹5.0K | Regime: Bear | Signal: -0.497
2026-03-17 11:06:50 | 📝 PAPER TRADE: SELL 3 CIPLA | Value: ₹3.9K | Regime: Bear | Signal: -0.438
2026-03-17 11:06:53 | 📝 PAPER TRADE: SELL 16 BPCL | Value: ₹4.8K | Regime: Bear | Signal: -0.423
2026-03-17 11:07:02 | 📝 PAPER TRADE: SELL 2 BAJAJFINSV | Value: ₹3.5K | Regime: Bear | Signal: -0.413
2026-03-17 11:12:11 | 📝 PAPER TRADE: SELL 2 TCS | Value: ₹4.8K | Regime: Bear | Signal: -0.528
2026-03-17 11:12:13 | 📝 PAPER TRADE: SELL 4 INFY | Value: ₹4.9K | Regime: Bear | Signal: -0.474
2026-03-17 11:12:18 | 📝 PAPER TRADE: SELL 3 HCLTECH | Value: ₹4.0K | Regime: Bear | Signal: -0.462
2026-03-17 11:12:26 | 📝 PAPER TRADE: SELL 26 WIPRO | Value: ₹5.0K | Regime: Bear | Signal: -0.498
2026-03-17 11:12:36 | 📝 PAPER TRADE: SELL 3 CIPLA | Value: ₹3.9K | Regime: Bear | Signal: -0.442
2026-03-17 11:12:39 | 📝 PAPER TRADE: SELL 16 BPCL | Value: ₹4.8K | Regime: Bear | Signal: -0.424
2026-03-17 11:12:48 | 📝 PAPER TRADE: SELL 2 BAJAJFINSV | Value: ₹3.5K | Regime: Bear | Signal: -0.412
2026-03-17 11:17:57 | 📝 PAPER TRADE: SELL 2 TCS | Value: ₹4.8K | Regime: Bear | Signal: -0.529
2026-03-17 11:17:58 | 📝 PAPER TRADE: SELL 4 INFY | Value: ₹4.9K | Regime: Bear | Signal: -0.474
2026-03-17 11:18:04 | 📝 PAPER TRADE: SELL 3 HCLTECH | Value: ₹4.0K | Regime: Bear | Signal: -0.462
2026-03-17 11:18:07 | 📝 PAPER TRADE: SELL 13 KOTAKBANK | Value: ₹4.8K | Regime: Bear | Signal: -0.402
2026-03-17 11:18:11 | 📝 PAPER TRADE: SELL 26 WIPRO | Value: ₹4.9K | Regime: Bear | Signal: -0.498
2026-03-17 11:18:21 | 📝 PAPER TRADE: SELL 3 CIPLA | Value: ₹3.9K | Regime: Bear | Signal: -0.443
2026-03-17 11:18:24 | 📝 PAPER TRADE: SELL 16 BPCL | Value: ₹4.8K | Regime: Bear | Signal: -0.424
2026-03-17 11:18:33 | 📝 PAPER TRADE: SELL 2 BAJAJFINSV | Value: ₹3.5K | Regime: Bear | Signal: -0.412
2026-03-17 11:23:42 | 📝 PAPER TRADE: SELL 2 TCS | Value: ₹4.8K | Regime: Bear | Signal: -0.528
2026-03-17 11:23:43 | 📝 PAPER TRADE: SELL 4 INFY | Value: ₹4.9K | Regime: Bear | Signal: -0.476
2026-03-17 11:23:48 | 📝 PAPER TRADE: SELL 3 HCLTECH | Value: ₹4.0K | Regime: Bear | Signal: -0.462
2026-03-17 11:23:55 | 📝 PAPER TRADE: SELL 26 WIPRO | Value: ₹4.9K | Regime: Bear | Signal: -0.499
2026-03-17 11:24:05 | 📝 PAPER TRADE: SELL 3 CIPLA | Value: ₹3.9K | Regime: Bear | Signal: -0.446
2026-03-17 11:24:07 | 📝 PAPER TRADE: SELL 16 BPCL | Value: ₹4.8K | Regime: Bear | Signal: -0.426
2026-03-17 11:24:16 | 📝 PAPER TRADE: SELL 2 BAJAJFINSV | Value: ₹3.5K | Regime: Bear | Signal: -0.412
2026-03-17 11:29:25 | 📝 PAPER TRADE: SELL 2 TCS | Value: ₹4.8K | Regime: Bear | Signal: -0.590
2026-03-17 11:29:26 | 📝 PAPER TRADE: SELL 4 INFY | Value: ₹4.9K | Regime: Bear | Signal: -0.477
2026-03-17 11:29:30 | 📝 PAPER TRADE: SELL 3 HCLTECH | Value: ₹4.0K | Regime: Bear | Signal: -0.464
2026-03-17 11:29:37 | 📝 PAPER TRADE: SELL 26 WIPRO | Value: ₹4.9K | Regime: Bear | Signal: -0.499
2026-03-17 11:29:48 | 📝 PAPER TRADE: SELL 3 CIPLA | Value: ₹3.8K | Regime: Bear | Signal: -0.451
2026-03-17 11:29:50 | 📝 PAPER TRADE: SELL 16 BPCL | Value: ₹4.8K | Regime: Bear | Signal: -0.429
2026-03-17 11:29:59 | 📝 PAPER TRADE: SELL 2 BAJAJFINSV | Value: ₹3.5K | Regime: Bear | Signal: -0.413
2026-03-17 11:35:12 | 📝 PAPER TRADE: SELL 2 TCS | Value: ₹4.8K | Regime: Bear | Signal: -0.591
2026-03-17 11:35:13 | 📝 PAPER TRADE: SELL 4 INFY | Value: ₹4.9K | Regime: Bear | Signal: -0.478
2026-03-17 11:35:18 | 📝 PAPER TRADE: SELL 3 HCLTECH | Value: ₹3.9K | Regime: Bear | Signal: -0.466
2026-03-17 11:35:25 | 📝 PAPER TRADE: SELL 26 WIPRO | Value: ₹4.9K | Regime: Bear | Signal: -0.499
2026-03-17 11:35:37 | 📝 PAPER TRADE: SELL 3 CIPLA | Value: ₹3.8K | Regime: Bear | Signal: -0.453
2026-03-17 11:35:39 | 📝 PAPER TRADE: SELL 16 BPCL | Value: ₹4.8K | Regime: Bear | Signal: -0.425
2026-03-17 11:35:47 | 📝 PAPER TRADE: SELL 2 BAJAJFINSV | Value: ₹3.5K | Regime: Bear | Signal: -0.412
2026-03-17 11:40:56 | 📝 PAPER TRADE: SELL 2 TCS | Value: ₹4.8K | Regime: Bear | Signal: -0.590
2026-03-17 11:40:58 | 📝 PAPER TRADE: SELL 4 INFY | Value: ₹4.9K | Regime: Bear | Signal: -0.476
2026-03-17 11:41:03 | 📝 PAPER TRADE: SELL 3 HCLTECH | Value: ₹3.9K | Regime: Bear | Signal: -0.466
2026-03-17 11:41:10 | 📝 PAPER TRADE: SELL 26 WIPRO | Value: ₹4.9K | Regime: Bear | Signal: -0.499
2026-03-17 11:41:21 | 📝 PAPER TRADE: SELL 3 CIPLA | Value: ₹3.8K | Regime: Bear | Signal: -0.452
2026-03-17 11:41:23 | 📝 PAPER TRADE: SELL 16 BPCL | Value: ₹4.8K | Regime: Bear | Signal: -0.424
2026-03-17 11:41:31 | 📝 PAPER TRADE: SELL 2 BAJAJFINSV | Value: ₹3.5K | Regime: Bear | Signal: -0.411
2026-03-17 11:46:40 | 📝 PAPER TRADE: SELL 2 TCS | Value: ₹4.8K | Regime: Bear | Signal: -0.530
2026-03-17 11:46:41 | 📝 PAPER TRADE: SELL 4 INFY | Value: ₹4.9K | Regime: Bear | Signal: -0.476
2026-03-17 11:46:46 | 📝 PAPER TRADE: SELL 3 HCLTECH | Value: ₹4.0K | Regime: Bear | Signal: -0.463
2026-03-17 11:46:54 | 📝 PAPER TRADE: SELL 26 WIPRO | Value: ₹4.9K | Regime: Bear | Signal: -0.499
2026-03-17 11:47:04 | 📝 PAPER TRADE: SELL 3 CIPLA | Value: ₹3.8K | Regime: Bear | Signal: -0.451
2026-03-17 11:47:06 | 📝 PAPER TRADE: SELL 16 BPCL | Value: ₹4.8K | Regime: Bear | Signal: -0.426
2026-03-17 11:52:25 | 📝 PAPER TRADE: SELL 2 TCS | Value: ₹4.8K | Regime: Bear | Signal: -0.528
2026-03-17 11:52:27 | 📝 PAPER TRADE: SELL 4 INFY | Value: ₹4.9K | Regime: Bear | Signal: -0.475
2026-03-17 11:52:33 | 📝 PAPER TRADE: SELL 3 HCLTECH | Value: ₹4.0K | Regime: Bear | Signal: -0.462
2026-03-17 11:52:39 | 📝 PAPER TRADE: SELL 26 WIPRO | Value: ₹4.9K | Regime: Bear | Signal: -0.499
2026-03-17 11:52:50 | 📝 PAPER TRADE: SELL 3 CIPLA | Value: ₹3.8K | Regime: Bear | Signal: -0.452
2026-03-17 11:52:52 | 📝 PAPER TRADE: SELL 16 BPCL | Value: ₹4.8K | Regime: Bear | Signal: -0.426
2026-03-17 11:58:09 | 📝 PAPER TRADE: SELL 2 TCS | Value: ₹4.8K | Regime: Bear | Signal: -0.590
2026-03-17 11:58:11 | 📝 PAPER TRADE: SELL 4 INFY | Value: ₹4.9K | Regime: Bear | Signal: -0.477
2026-03-17 11:58:17 | 📝 PAPER TRADE: SELL 3 HCLTECH | Value: ₹4.0K | Regime: Bear | Signal: -0.463
2026-03-17 11:58:24 | 📝 PAPER TRADE: SELL 26 WIPRO | Value: ₹4.9K | Regime: Bear | Signal: -0.499
2026-03-17 11:58:35 | 📝 PAPER TRADE: SELL 3 CIPLA | Value: ₹3.8K | Regime: Bear | Signal: -0.452
2026-03-17 11:58:37 | 📝 PAPER TRADE: SELL 16 BPCL | Value: ₹4.8K | Regime: Bear | Signal: -0.463
2026-03-17 11:58:46 | 📝 PAPER TRADE: SELL 2 BAJAJFINSV | Value: ₹3.5K | Regime: Bear | Signal: -0.414
2026-03-17 12:03:54 | 📝 PAPER TRADE: SELL 2 TCS | Value: ₹4.8K | Regime: Bear | Signal: -0.530
2026-03-17 12:03:56 | 📝 PAPER TRADE: SELL 4 INFY | Value: ₹4.9K | Regime: Bear | Signal: -0.476
2026-03-17 12:04:01 | 📝 PAPER TRADE: SELL 3 HCLTECH | Value: ₹4.0K | Regime: Bear | Signal: -0.462
2026-03-17 12:04:10 | 📝 PAPER TRADE: SELL 26 WIPRO | Value: ₹4.9K | Regime: Bear | Signal: -0.499
2026-03-17 12:04:21 | 📝 PAPER TRADE: SELL 3 CIPLA | Value: ₹3.8K | Regime: Bear | Signal: -0.452
2026-03-17 12:04:24 | 📝 PAPER TRADE: SELL 16 BPCL | Value: ₹4.8K | Regime: Bear | Signal: -0.428
2026-03-17 12:04:34 | 📝 PAPER TRADE: SELL 2 BAJAJFINSV | Value: ₹3.5K | Regime: Bear | Signal: -0.412
2026-03-17 12:09:42 | 📝 PAPER TRADE: SELL 2 TCS | Value: ₹4.8K | Regime: Bear | Signal: -0.529
2026-03-17 12:09:43 | 📝 PAPER TRADE: SELL 4 INFY | Value: ₹4.9K | Regime: Bear | Signal: -0.475
2026-03-17 12:09:48 | 📝 PAPER TRADE: SELL 3 HCLTECH | Value: ₹4.0K | Regime: Bear | Signal: -0.403
2026-03-17 12:09:51 | 📝 PAPER TRADE: SELL 13 KOTAKBANK | Value: ₹4.8K | Regime: Bear | Signal: -0.404
2026-03-17 12:09:54 | 📝 PAPER TRADE: SELL 26 WIPRO | Value: ₹4.9K | Regime: Bear | Signal: -0.498
2026-03-17 12:10:05 | 📝 PAPER TRADE: SELL 3 CIPLA | Value: ₹3.8K | Regime: Bear | Signal: -0.452
2026-03-17 12:10:08 | 📝 PAPER TRADE: SELL 16 BPCL | Value: ₹4.8K | Regime: Bear | Signal: -0.462
2026-03-17 12:15:25 | 📝 PAPER TRADE: SELL 2 TCS | Value: ₹4.8K | Regime: Bear | Signal: -0.530
2026-03-17 12:15:26 | 📝 PAPER TRADE: SELL 4 INFY | Value: ₹4.9K | Regime: Bear | Signal: -0.475
2026-03-17 12:15:32 | 📝 PAPER TRADE: SELL 3 HCLTECH | Value: ₹4.0K | Regime: Bear | Signal: -0.402
2026-03-17 12:15:39 | 📝 PAPER TRADE: SELL 26 WIPRO | Value: ₹5.0K | Regime: Bear | Signal: -0.498
2026-03-17 12:15:49 | 📝 PAPER TRADE: SELL 3 CIPLA | Value: ₹3.8K | Regime: Bear | Signal: -0.451
2026-03-17 12:15:52 | 📝 PAPER TRADE: SELL 16 BPCL | Value: ₹4.8K | Regime: Bear | Signal: -0.465
2026-03-17 12:21:10 | 📝 PAPER TRADE: SELL 2 TCS | Value: ₹4.8K | Regime: Bear | Signal: -0.591
2026-03-17 12:21:12 | 📝 PAPER TRADE: SELL 4 INFY | Value: ₹4.9K | Regime: Bear | Signal: -0.477
2026-03-17 12:21:16 | 📝 PAPER TRADE: SELL 3 HCLTECH | Value: ₹4.0K | Regime: Bear | Signal: -0.403
2026-03-17 12:21:23 | 📝 PAPER TRADE: SELL 26 WIPRO | Value: ₹4.9K | Regime: Bear | Signal: -0.499
2026-03-17 12:21:33 | 📝 PAPER TRADE: SELL 3 CIPLA | Value: ₹3.8K | Regime: Bear | Signal: -0.453
2026-03-17 12:21:36 | 📝 PAPER TRADE: SELL 16 BPCL | Value: ₹4.8K | Regime: Bear | Signal: -0.470
2026-03-17 12:26:53 | 📝 PAPER TRADE: SELL 2 TCS | Value: ₹4.8K | Regime: Bear | Signal: -0.590
2026-03-17 12:26:55 | 📝 PAPER TRADE: SELL 4 INFY | Value: ₹4.9K | Regime: Bear | Signal: -0.477
2026-03-17 12:27:00 | 📝 PAPER TRADE: SELL 3 HCLTECH | Value: ₹4.0K | Regime: Bear | Signal: -0.403
2026-03-17 12:27:06 | 📝 PAPER TRADE: SELL 26 WIPRO | Value: ₹4.9K | Regime: Bear | Signal: -0.499
2026-03-17 12:27:18 | 📝 PAPER TRADE: SELL 3 CIPLA | Value: ₹3.8K | Regime: Bear | Signal: -0.453
2026-03-17 12:27:20 | 📝 PAPER TRADE: SELL 16 BPCL | Value: ₹4.8K | Regime: Bear | Signal: -0.469
2026-03-17 12:32:36 | 📝 PAPER TRADE: SELL 2 TCS | Value: ₹4.8K | Regime: Bear | Signal: -0.590
2026-03-17 12:32:37 | 📝 PAPER TRADE: SELL 4 INFY | Value: ₹4.9K | Regime: Bear | Signal: -0.477
2026-03-17 12:32:41 | 📝 PAPER TRADE: SELL 3 HCLTECH | Value: ₹4.0K | Regime: Bear | Signal: -0.403
2026-03-17 12:32:48 | 📝 PAPER TRADE: SELL 26 WIPRO | Value: ₹4.9K | Regime: Bear | Signal: -0.499
2026-03-17 12:32:57 | 📝 PAPER TRADE: SELL 3 CIPLA | Value: ₹3.8K | Regime: Bear | Signal: -0.454
2026-03-17 12:32:59 | 📝 PAPER TRADE: SELL 16 BPCL | Value: ₹4.8K | Regime: Bear | Signal: -0.470
2026-03-17 12:38:17 | 📝 PAPER TRADE: SELL 2 TCS | Value: ₹4.8K | Regime: Bear | Signal: -0.590
2026-03-17 12:38:18 | 📝 PAPER TRADE: SELL 4 INFY | Value: ₹4.9K | Regime: Bear | Signal: -0.477
2026-03-17 12:38:24 | 📝 PAPER TRADE: SELL 3 HCLTECH | Value: ₹4.0K | Regime: Bear | Signal: -0.462
2026-03-17 12:38:31 | 📝 PAPER TRADE: SELL 26 WIPRO | Value: ₹4.9K | Regime: Bear | Signal: -0.499
2026-03-17 12:38:41 | 📝 PAPER TRADE: SELL 3 CIPLA | Value: ₹3.8K | Regime: Bear | Signal: -0.454
2026-03-17 12:38:43 | 📝 PAPER TRADE: SELL 16 BPCL | Value: ₹4.8K | Regime: Bear | Signal: -0.467
2026-03-17 12:44:00 | 📝 PAPER TRADE: SELL 2 TCS | Value: ₹4.8K | Regime: Bear | Signal: -0.529
2026-03-17 12:44:01 | 📝 PAPER TRADE: SELL 4 INFY | Value: ₹4.9K | Regime: Bear | Signal: -0.476
2026-03-17 12:44:06 | 📝 PAPER TRADE: SELL 3 HCLTECH | Value: ₹4.0K | Regime: Bear | Signal: -0.402
2026-03-17 12:44:09 | 📝 PAPER TRADE: SELL 13 KOTAKBANK | Value: ₹4.8K | Regime: Bear | Signal: -0.403
2026-03-17 12:44:12 | 📝 PAPER TRADE: SELL 26 WIPRO | Value: ₹5.0K | Regime: Bear | Signal: -0.498
2026-03-17 12:44:23 | 📝 PAPER TRADE: SELL 3 CIPLA | Value: ₹3.8K | Regime: Bear | Signal: -0.453
2026-03-17 12:44:25 | 📝 PAPER TRADE: SELL 16 BPCL | Value: ₹4.8K | Regime: Bear | Signal: -0.464
2026-03-17 12:49:41 | 📝 PAPER TRADE: SELL 2 TCS | Value: ₹4.8K | Regime: Bear | Signal: -0.526
2026-03-17 12:49:42 | 📝 PAPER TRADE: SELL 4 INFY | Value: ₹4.9K | Regime: Bear | Signal: -0.475
2026-03-17 12:49:46 | 📝 PAPER TRADE: SELL 3 HCLTECH | Value: ₹4.0K | Regime: Bear | Signal: -0.401
2026-03-17 12:49:50 | 📝 PAPER TRADE: SELL 13 KOTAKBANK | Value: ₹4.8K | Regime: Bear | Signal: -0.402
2026-03-17 12:49:54 | 📝 PAPER TRADE: SELL 26 WIPRO | Value: ₹5.0K | Regime: Bear | Signal: -0.498
2026-03-17 12:50:04 | 📝 PAPER TRADE: SELL 3 CIPLA | Value: ₹3.8K | Regime: Bear | Signal: -0.451
2026-03-17 12:50:06 | 📝 PAPER TRADE: SELL 16 BPCL | Value: ₹4.8K | Regime: Bear | Signal: -0.465
2026-03-17 12:55:26 | 📝 PAPER TRADE: SELL 2 TCS | Value: ₹4.8K | Regime: Bear | Signal: -0.528
2026-03-17 12:55:27 | 📝 PAPER TRADE: SELL 4 INFY | Value: ₹4.9K | Regime: Bear | Signal: -0.476
2026-03-17 12:55:31 | 📝 PAPER TRADE: SELL 3 HCLTECH | Value: ₹4.0K | Regime: Bear | Signal: -0.402
2026-03-17 12:55:34 | 📝 PAPER TRADE: SELL 13 KOTAKBANK | Value: ₹4.8K | Regime: Bear | Signal: -0.402
2026-03-17 12:55:39 | 📝 PAPER TRADE: SELL 26 WIPRO | Value: ₹5.0K | Regime: Bear | Signal: -0.498
2026-03-17 12:55:49 | 📝 PAPER TRADE: SELL 3 CIPLA | Value: ₹3.8K | Regime: Bear | Signal: -0.452
2026-03-17 12:55:51 | 📝 PAPER TRADE: SELL 16 BPCL | Value: ₹4.8K | Regime: Bear | Signal: -0.467
2026-03-17 13:01:09 | 📝 PAPER TRADE: SELL 2 TCS | Value: ₹4.8K | Regime: Bear | Signal: -0.526
2026-03-17 13:01:11 | 📝 PAPER TRADE: SELL 4 INFY | Value: ₹4.9K | Regime: Bear | Signal: -0.475
2026-03-17 13:01:15 | 📝 PAPER TRADE: SELL 3 HCLTECH | Value: ₹4.0K | Regime: Bear | Signal: -0.402
2026-03-17 13:01:18 | 📝 PAPER TRADE: SELL 13 KOTAKBANK | Value: ₹4.8K | Regime: Bear | Signal: -0.402
2026-03-17 13:01:22 | 📝 PAPER TRADE: SELL 26 WIPRO | Value: ₹5.0K | Regime: Bear | Signal: -0.498
2026-03-17 13:01:34 | 📝 PAPER TRADE: SELL 3 CIPLA | Value: ₹3.8K | Regime: Bear | Signal: -0.448
2026-03-17 13:01:35 | 📝 PAPER TRADE: SELL 16 BPCL | Value: ₹4.8K | Regime: Bear | Signal: -0.466
2026-03-17 13:06:55 | 📝 PAPER TRADE: SELL 2 TCS | Value: ₹4.8K | Regime: Bear | Signal: -0.527
2026-03-17 13:06:56 | 📝 PAPER TRADE: SELL 4 INFY | Value: ₹4.9K | Regime: Bear | Signal: -0.476
2026-03-17 13:07:01 | 📝 PAPER TRADE: SELL 3 HCLTECH | Value: ₹4.0K | Regime: Bear | Signal: -0.402
2026-03-17 13:07:03 | 📝 PAPER TRADE: SELL 13 KOTAKBANK | Value: ₹4.8K | Regime: Bear | Signal: -0.401
2026-03-17 13:07:07 | 📝 PAPER TRADE: SELL 26 WIPRO | Value: ₹5.0K | Regime: Bear | Signal: -0.498
2026-03-17 13:07:19 | 📝 PAPER TRADE: SELL 3 CIPLA | Value: ₹3.8K | Regime: Bear | Signal: -0.450
2026-03-17 13:07:21 | 📝 PAPER TRADE: SELL 16 BPCL | Value: ₹4.8K | Regime: Bear | Signal: -0.466
2026-03-17 13:12:38 | 📝 PAPER TRADE: SELL 2 TCS | Value: ₹4.8K | Regime: Bear | Signal: -0.523
2026-03-17 13:12:39 | 📝 PAPER TRADE: SELL 4 INFY | Value: ₹4.9K | Regime: Bear | Signal: -0.475
2026-03-17 13:12:51 | 📝 PAPER TRADE: SELL 26 WIPRO | Value: ₹5.0K | Regime: Bear | Signal: -0.497
2026-03-17 13:13:01 | 📝 PAPER TRADE: SELL 3 CIPLA | Value: ₹3.9K | Regime: Bear | Signal: -0.448
2026-03-17 13:13:03 | 📝 PAPER TRADE: SELL 16 BPCL | Value: ₹4.8K | Regime: Bear | Signal: -0.466
2026-03-17 13:18:22 | 📝 PAPER TRADE: SELL 2 TCS | Value: ₹4.8K | Regime: Bear | Signal: -0.523
2026-03-17 13:18:23 | 📝 PAPER TRADE: SELL 4 INFY | Value: ₹4.9K | Regime: Bear | Signal: -0.475
2026-03-17 13:18:34 | 📝 PAPER TRADE: SELL 26 WIPRO | Value: ₹5.0K | Regime: Bear | Signal: -0.496
2026-03-17 13:18:46 | 📝 PAPER TRADE: SELL 3 CIPLA | Value: ₹3.9K | Regime: Bear | Signal: -0.443
2026-03-17 13:18:48 | 📝 PAPER TRADE: SELL 16 BPCL | Value: ₹4.8K | Regime: Bear | Signal: -0.466
2026-03-17 13:24:06 | 📝 PAPER TRADE: SELL 2 TCS | Value: ₹4.8K | Regime: Bear | Signal: -0.523
2026-03-17 13:24:08 | 📝 PAPER TRADE: SELL 4 INFY | Value: ₹4.9K | Regime: Bear | Signal: -0.475
2026-03-17 13:24:12 | 📝 PAPER TRADE: SELL 3 HCLTECH | Value: ₹4.0K | Regime: Bear | Signal: -0.401
2026-03-17 13:24:19 | 📝 PAPER TRADE: SELL 26 WIPRO | Value: ₹5.0K | Regime: Bear | Signal: -0.497
2026-03-17 13:24:30 | 📝 PAPER TRADE: SELL 3 CIPLA | Value: ₹3.8K | Regime: Bear | Signal: -0.448
2026-03-17 13:24:32 | 📝 PAPER TRADE: SELL 16 BPCL | Value: ₹4.8K | Regime: Bear | Signal: -0.467
2026-03-17 13:29:50 | 📝 PAPER TRADE: SELL 2 TCS | Value: ₹4.8K | Regime: Bear | Signal: -0.523
2026-03-17 13:29:52 | 📝 PAPER TRADE: SELL 4 INFY | Value: ₹4.9K | Regime: Bear | Signal: -0.475
2026-03-17 13:29:56 | 📝 PAPER TRADE: SELL 3 HCLTECH | Value: ₹4.0K | Regime: Bear | Signal: -0.401
2026-03-17 13:30:05 | 📝 PAPER TRADE: SELL 26 WIPRO | Value: ₹5.0K | Regime: Bear | Signal: -0.497
2026-03-17 13:30:17 | 📝 PAPER TRADE: SELL 3 CIPLA | Value: ₹3.8K | Regime: Bear | Signal: -0.448
2026-03-17 13:30:19 | 📝 PAPER TRADE: SELL 16 BPCL | Value: ₹4.8K | Regime: Bear | Signal: -0.465
2026-03-17 13:35:39 | 📝 PAPER TRADE: SELL 2 TCS | Value: ₹4.8K | Regime: Bear | Signal: -0.521
2026-03-17 13:35:41 | 📝 PAPER TRADE: SELL 4 INFY | Value: ₹4.9K | Regime: Bear | Signal: -0.476
2026-03-17 13:35:45 | 📝 PAPER TRADE: SELL 3 HCLTECH | Value: ₹4.0K | Regime: Bear | Signal: -0.400
2026-03-17 13:35:52 | 📝 PAPER TRADE: SELL 26 WIPRO | Value: ₹5.0K | Regime: Bear | Signal: -0.495
2026-03-17 13:36:02 | 📝 PAPER TRADE: SELL 3 CIPLA | Value: ₹3.8K | Regime: Bear | Signal: -0.448
2026-03-17 13:36:05 | 📝 PAPER TRADE: SELL 16 BPCL | Value: ₹4.8K | Regime: Bear | Signal: -0.463
2026-03-17 13:41:24 | 📝 PAPER TRADE: SELL 2 TCS | Value: ₹4.8K | Regime: Bear | Signal: -0.524
2026-03-17 13:41:25 | 📝 PAPER TRADE: SELL 4 INFY | Value: ₹4.9K | Regime: Bear | Signal: -0.476
2026-03-17 13:41:32 | 📝 PAPER TRADE: SELL 3 HCLTECH | Value: ₹4.0K | Regime: Bear | Signal: -0.402
2026-03-17 13:41:35 | 📝 PAPER TRADE: SELL 13 KOTAKBANK | Value: ₹4.8K | Regime: Bear | Signal: -0.400
2026-03-17 13:41:38 | 📝 PAPER TRADE: SELL 26 WIPRO | Value: ₹5.0K | Regime: Bear | Signal: -0.496
2026-03-17 13:41:49 | 📝 PAPER TRADE: SELL 3 CIPLA | Value: ₹3.8K | Regime: Bear | Signal: -0.449
2026-03-17 13:41:52 | 📝 PAPER TRADE: SELL 16 BPCL | Value: ₹4.8K | Regime: Bear | Signal: -0.465
2026-03-17 13:47:09 | 📝 PAPER TRADE: SELL 2 TCS | Value: ₹4.8K | Regime: Bear | Signal: -0.523
2026-03-17 13:47:10 | 📝 PAPER TRADE: SELL 4 INFY | Value: ₹4.9K | Regime: Bear | Signal: -0.475
2026-03-17 13:47:15 | 📝 PAPER TRADE: SELL 3 HCLTECH | Value: ₹4.0K | Regime: Bear | Signal: -0.401
2026-03-17 13:47:23 | 📝 PAPER TRADE: SELL 26 WIPRO | Value: ₹5.0K | Regime: Bear | Signal: -0.495
2026-03-17 13:47:34 | 📝 PAPER TRADE: SELL 3 CIPLA | Value: ₹3.9K | Regime: Bear | Signal: -0.446
2026-03-17 13:47:37 | 📝 PAPER TRADE: SELL 16 BPCL | Value: ₹4.8K | Regime: Bear | Signal: -0.465
2026-03-17 13:52:55 | 📝 PAPER TRADE: SELL 2 TCS | Value: ₹4.8K | Regime: Bear | Signal: -0.520
2026-03-17 13:52:57 | 📝 PAPER TRADE: SELL 4 INFY | Value: ₹4.9K | Regime: Bear | Signal: -0.475
2026-03-17 13:53:03 | 📝 PAPER TRADE: SELL 3 HCLTECH | Value: ₹4.0K | Regime: Bear | Signal: -0.400
2026-03-17 13:53:11 | 📝 PAPER TRADE: SELL 26 WIPRO | Value: ₹5.0K | Regime: Bear | Signal: -0.494
2026-03-17 13:53:21 | 📝 PAPER TRADE: SELL 3 CIPLA | Value: ₹3.9K | Regime: Bear | Signal: -0.446
2026-03-17 13:53:24 | 📝 PAPER TRADE: SELL 16 BPCL | Value: ₹4.8K | Regime: Bear | Signal: -0.463
2026-03-17 13:58:41 | 📝 PAPER TRADE: SELL 2 TCS | Value: ₹4.8K | Regime: Bear | Signal: -0.522
2026-03-17 13:58:42 | 📝 PAPER TRADE: SELL 4 INFY | Value: ₹4.9K | Regime: Bear | Signal: -0.476
2026-03-17 13:58:47 | 📝 PAPER TRADE: SELL 3 HCLTECH | Value: ₹4.0K | Regime: Bear | Signal: -0.401
2026-03-17 13:58:54 | 📝 PAPER TRADE: SELL 26 WIPRO | Value: ₹5.0K | Regime: Bear | Signal: -0.494
2026-03-17 13:59:04 | 📝 PAPER TRADE: SELL 3 CIPLA | Value: ₹3.8K | Regime: Bear | Signal: -0.448
2026-03-17 13:59:06 | 📝 PAPER TRADE: SELL 16 BPCL | Value: ₹4.8K | Regime: Bear | Signal: -0.465
2026-03-17 14:04:23 | 📝 PAPER TRADE: SELL 2 TCS | Value: ₹4.8K | Regime: Bear | Signal: -0.522
2026-03-17 14:04:24 | 📝 PAPER TRADE: SELL 4 INFY | Value: ₹4.9K | Regime: Bear | Signal: -0.476
2026-03-17 14:04:29 | 📝 PAPER TRADE: SELL 3 HCLTECH | Value: ₹4.0K | Regime: Bear | Signal: -0.401
2026-03-17 14:04:36 | 📝 PAPER TRADE: SELL 26 WIPRO | Value: ₹5.0K | Regime: Bear | Signal: -0.495
2026-03-17 14:04:47 | 📝 PAPER TRADE: SELL 3 CIPLA | Value: ₹3.9K | Regime: Bear | Signal: -0.447
2026-03-17 14:04:50 | 📝 PAPER TRADE: SELL 16 BPCL | Value: ₹4.8K | Regime: Bear | Signal: -0.464
2026-03-17 14:10:07 | 📝 PAPER TRADE: SELL 2 TCS | Value: ₹4.8K | Regime: Bear | Signal: -0.521
2026-03-17 14:10:10 | 📝 PAPER TRADE: SELL 4 INFY | Value: ₹4.9K | Regime: Bear | Signal: -0.475
2026-03-17 14:10:15 | 📝 PAPER TRADE: SELL 3 HCLTECH | Value: ₹4.0K | Regime: Bear | Signal: -0.400
2026-03-17 14:10:23 | 📝 PAPER TRADE: SELL 26 WIPRO | Value: ₹5.0K | Regime: Bear | Signal: -0.495
2026-03-17 14:10:34 | 📝 PAPER TRADE: SELL 3 CIPLA | Value: ₹3.9K | Regime: Bear | Signal: -0.447
2026-03-17 14:10:36 | 📝 PAPER TRADE: SELL 16 BPCL | Value: ₹4.8K | Regime: Bear | Signal: -0.463
2026-03-17 14:15:55 | 📝 PAPER TRADE: SELL 2 TCS | Value: ₹4.8K | Regime: Bear | Signal: -0.522
2026-03-17 14:15:56 | 📝 PAPER TRADE: SELL 4 INFY | Value: ₹4.9K | Regime: Bear | Signal: -0.475
2026-03-17 14:16:01 | 📝 PAPER TRADE: SELL 3 HCLTECH | Value: ₹4.0K | Regime: Bear | Signal: -0.401
2026-03-17 14:16:07 | 📝 PAPER TRADE: SELL 26 WIPRO | Value: ₹5.0K | Regime: Bear | Signal: -0.495
2026-03-17 14:16:19 | 📝 PAPER TRADE: SELL 3 CIPLA | Value: ₹3.9K | Regime: Bear | Signal: -0.446
2026-03-17 14:16:21 | 📝 PAPER TRADE: SELL 16 BPCL | Value: ₹4.8K | Regime: Bear | Signal: -0.461
2026-03-17 14:21:37 | 📝 PAPER TRADE: SELL 2 TCS | Value: ₹4.8K | Regime: Bear | Signal: -0.525
2026-03-17 14:21:39 | 📝 PAPER TRADE: SELL 4 INFY | Value: ₹4.9K | Regime: Bear | Signal: -0.477
2026-03-17 14:21:43 | 📝 PAPER TRADE: SELL 3 HCLTECH | Value: ₹4.0K | Regime: Bear | Signal: -0.463
2026-03-17 14:21:51 | 📝 PAPER TRADE: SELL 26 WIPRO | Value: ₹5.0K | Regime: Bear | Signal: -0.496
2026-03-17 14:22:03 | 📝 PAPER TRADE: SELL 3 CIPLA | Value: ₹3.9K | Regime: Bear | Signal: -0.446
2026-03-17 14:22:05 | 📝 PAPER TRADE: SELL 16 BPCL | Value: ₹4.8K | Regime: Bear | Signal: -0.463
2026-03-17 14:27:24 | 📝 PAPER TRADE: SELL 2 TCS | Value: ₹4.8K | Regime: Bear | Signal: -0.526
2026-03-17 14:27:25 | 📝 PAPER TRADE: SELL 4 INFY | Value: ₹4.9K | Regime: Bear | Signal: -0.477
2026-03-17 14:27:29 | 📝 PAPER TRADE: SELL 3 HCLTECH | Value: ₹4.0K | Regime: Bear | Signal: -0.402
2026-03-17 14:27:32 | 📝 PAPER TRADE: SELL 13 KOTAKBANK | Value: ₹4.8K | Regime: Bear | Signal: -0.401
2026-03-17 14:27:36 | 📝 PAPER TRADE: SELL 26 WIPRO | Value: ₹5.0K | Regime: Bear | Signal: -0.496
2026-03-17 14:27:47 | 📝 PAPER TRADE: SELL 3 CIPLA | Value: ₹3.9K | Regime: Bear | Signal: -0.444
2026-03-17 14:27:49 | 📝 PAPER TRADE: SELL 16 BPCL | Value: ₹4.8K | Regime: Bear | Signal: -0.465
2026-03-17 14:33:05 | 📝 PAPER TRADE: SELL 2 TCS | Value: ₹4.8K | Regime: Bear | Signal: -0.525
2026-03-17 14:33:06 | 📝 PAPER TRADE: SELL 4 INFY | Value: ₹4.9K | Regime: Bear | Signal: -0.476
2026-03-17 14:33:12 | 📝 PAPER TRADE: SELL 3 HCLTECH | Value: ₹4.0K | Regime: Bear | Signal: -0.402
2026-03-17 14:33:20 | 📝 PAPER TRADE: SELL 26 WIPRO | Value: ₹5.0K | Regime: Bear | Signal: -0.495
2026-03-17 14:33:29 | 📝 PAPER TRADE: SELL 3 CIPLA | Value: ₹3.9K | Regime: Bear | Signal: -0.440
2026-03-17 14:33:32 | 📝 PAPER TRADE: SELL 16 BPCL | Value: ₹4.8K | Regime: Bear | Signal: -0.461
2026-03-17 14:38:50 | 📝 PAPER TRADE: SELL 2 TCS | Value: ₹4.8K | Regime: Bear | Signal: -0.524
2026-03-17 14:38:52 | 📝 PAPER TRADE: SELL 4 INFY | Value: ₹4.9K | Regime: Bear | Signal: -0.476
2026-03-17 14:38:56 | 📝 PAPER TRADE: SELL 3 HCLTECH | Value: ₹4.0K | Regime: Bear | Signal: -0.401
2026-03-17 14:39:03 | 📝 PAPER TRADE: SELL 26 WIPRO | Value: ₹5.0K | Regime: Bear | Signal: -0.494
2026-03-17 14:39:16 | 📝 PAPER TRADE: SELL 3 CIPLA | Value: ₹3.9K | Regime: Bear | Signal: -0.442
2026-03-17 14:39:17 | 📝 PAPER TRADE: SELL 16 BPCL | Value: ₹4.8K | Regime: Bear | Signal: -0.462
2026-03-17 14:44:35 | 📝 PAPER TRADE: SELL 2 TCS | Value: ₹4.8K | Regime: Bear | Signal: -0.524
2026-03-17 14:44:37 | 📝 PAPER TRADE: SELL 4 INFY | Value: ₹4.9K | Regime: Bear | Signal: -0.476
2026-03-17 14:44:43 | 📝 PAPER TRADE: SELL 3 HCLTECH | Value: ₹4.0K | Regime: Bear | Signal: -0.401
2026-03-17 14:44:50 | 📝 PAPER TRADE: SELL 26 WIPRO | Value: ₹5.0K | Regime: Bear | Signal: -0.494
2026-03-17 14:45:01 | 📝 PAPER TRADE: SELL 3 CIPLA | Value: ₹3.9K | Regime: Bear | Signal: -0.442
2026-03-17 14:45:05 | 📝 PAPER TRADE: SELL 16 BPCL | Value: ₹4.8K | Regime: Bear | Signal: -0.463
2026-03-17 14:50:22 | 📝 PAPER TRADE: SELL 2 TCS | Value: ₹4.8K | Regime: Bear | Signal: -0.523
2026-03-17 14:50:23 | 📝 PAPER TRADE: SELL 4 INFY | Value: ₹4.9K | Regime: Bear | Signal: -0.475
2026-03-17 14:50:28 | 📝 PAPER TRADE: SELL 3 HCLTECH | Value: ₹4.0K | Regime: Bear | Signal: -0.400
2026-03-17 14:50:35 | 📝 PAPER TRADE: SELL 26 WIPRO | Value: ₹5.0K | Regime: Bear | Signal: -0.493
2026-03-17 14:50:46 | 📝 PAPER TRADE: SELL 3 CIPLA | Value: ₹3.9K | Regime: Bear | Signal: -0.443
2026-03-17 14:50:48 | 📝 PAPER TRADE: SELL 16 BPCL | Value: ₹4.8K | Regime: Bear | Signal: -0.428
2026-03-17 14:56:06 | 📝 PAPER TRADE: SELL 2 TCS | Value: ₹4.8K | Regime: Bear | Signal: -0.522
2026-03-17 14:56:07 | 📝 PAPER TRADE: SELL 4 INFY | Value: ₹4.9K | Regime: Bear | Signal: -0.475
2026-03-17 14:56:20 | 📝 PAPER TRADE: SELL 26 WIPRO | Value: ₹5.0K | Regime: Bear | Signal: -0.493
2026-03-17 14:56:33 | 📝 PAPER TRADE: SELL 3 CIPLA | Value: ₹3.9K | Regime: Bear | Signal: -0.443
2026-03-17 14:56:35 | 📝 PAPER TRADE: SELL 16 BPCL | Value: ₹4.8K | Regime: Bear | Signal: -0.462
2026-03-17 15:01:54 | 📝 PAPER TRADE: SELL 2 TCS | Value: ₹4.8K | Regime: Bear | Signal: -0.522
2026-03-17 15:01:55 | 📝 PAPER TRADE: SELL 4 INFY | Value: ₹4.9K | Regime: Bear | Signal: -0.473
2026-03-17 15:02:00 | 📝 PAPER TRADE: SELL 3 HCLTECH | Value: ₹4.0K | Regime: Bear | Signal: -0.400
2026-03-17 15:02:08 | 📝 PAPER TRADE: SELL 26 WIPRO | Value: ₹5.0K | Regime: Bear | Signal: -0.495
2026-03-17 15:02:19 | 📝 PAPER TRADE: SELL 3 CIPLA | Value: ₹3.9K | Regime: Bear | Signal: -0.444
2026-03-17 15:02:21 | 📝 PAPER TRADE: SELL 16 BPCL | Value: ₹4.8K | Regime: Bear | Signal: -0.463
2026-03-17 15:07:39 | 📝 PAPER TRADE: SELL 2 TCS | Value: ₹4.8K | Regime: Bear | Signal: -0.528
2026-03-17 15:07:41 | 📝 PAPER TRADE: SELL 4 INFY | Value: ₹4.9K | Regime: Bear | Signal: -0.476
2026-03-17 15:07:45 | 📝 PAPER TRADE: SELL 3 HCLTECH | Value: ₹4.0K | Regime: Bear | Signal: -0.402
2026-03-17 15:07:52 | 📝 PAPER TRADE: SELL 26 WIPRO | Value: ₹5.0K | Regime: Bear | Signal: -0.496
2026-03-17 15:08:04 | 📝 PAPER TRADE: SELL 3 CIPLA | Value: ₹3.8K | Regime: Bear | Signal: -0.450
2026-03-17 15:08:08 | 📝 PAPER TRADE: SELL 16 BPCL | Value: ₹4.8K | Regime: Bear | Signal: -0.464
2026-03-17 15:13:25 | 📝 PAPER TRADE: SELL 2 TCS | Value: ₹4.8K | Regime: Bear | Signal: -0.528
2026-03-17 15:13:26 | 📝 PAPER TRADE: SELL 4 INFY | Value: ₹4.9K | Regime: Bear | Signal: -0.475
2026-03-17 15:13:30 | 📝 PAPER TRADE: SELL 3 HCLTECH | Value: ₹4.0K | Regime: Bear | Signal: -0.403
2026-03-17 15:13:37 | 📝 PAPER TRADE: SELL 26 WIPRO | Value: ₹5.0K | Regime: Bear | Signal: -0.495
2026-03-17 15:13:49 | 📝 PAPER TRADE: SELL 3 CIPLA | Value: ₹3.9K | Regime: Bear | Signal: -0.447
2026-03-17 15:13:51 | 📝 PAPER TRADE: SELL 16 BPCL | Value: ₹4.8K | Regime: Bear | Signal: -0.465
2026-03-17 15:19:09 | 📝 PAPER TRADE: SELL 2 TCS | Value: ₹4.8K | Regime: Bear | Signal: -0.528
2026-03-17 15:19:12 | 📝 PAPER TRADE: SELL 4 INFY | Value: ₹4.9K | Regime: Bear | Signal: -0.477
2026-03-17 15:19:17 | 📝 PAPER TRADE: SELL 3 HCLTECH | Value: ₹4.0K | Regime: Bear | Signal: -0.462
2026-03-17 15:19:24 | 📝 PAPER TRADE: SELL 26 WIPRO | Value: ₹5.0K | Regime: Bear | Signal: -0.495
2026-03-17 15:19:35 | 📝 PAPER TRADE: SELL 3 CIPLA | Value: ₹3.8K | Regime: Bear | Signal: -0.449
2026-03-17 15:19:38 | 📝 PAPER TRADE: SELL 16 BPCL | Value: ₹4.8K | Regime: Bear | Signal: -0.465
2026-03-17 15:24:55 | 📝 PAPER TRADE: SELL 2 TCS | Value: ₹4.8K | Regime: Bear | Signal: -0.528
2026-03-17 15:24:57 | 📝 PAPER TRADE: SELL 4 INFY | Value: ₹4.9K | Regime: Bear | Signal: -0.477
2026-03-17 15:25:04 | 📝 PAPER TRADE: SELL 3 HCLTECH | Value: ₹4.0K | Regime: Bear | Signal: -0.403
2026-03-17 15:25:12 | 📝 PAPER TRADE: SELL 26 WIPRO | Value: ₹5.0K | Regime: Bear | Signal: -0.496
2026-03-17 15:25:22 | 📝 PAPER TRADE: SELL 3 CIPLA | Value: ₹3.8K | Regime: Bear | Signal: -0.453
2026-03-17 15:25:25 | 📝 PAPER TRADE: SELL 16 BPCL | Value: ₹4.8K | Regime: Bear | Signal: -0.466
